Using pre-set license
Built from '2021.3/staging' branch; Version is '2021.3.18f1 (3129e69bc0c7) revision 3221990'; Using compiler version '192829333'; Build Type 'Release'
OS: 'Windows 10  (10.0.19045) 64bit Professional' Language: 'en' Physical Memory: 32655 MB
BatchMode: 1, IsHumanControllingUs: 0, StartBugReporterOnCrash: 0, Is64bit: 1, IsPro: 1

COMMAND LINE ARGUMENTS:
C:\Program Files\Unity\Hub\Editor\2021.3.18f1-x86_64\Editor\Unity.exe
-adb2
-batchMode
-noUpm
-name
AssetImportWorker7
-projectPath
C:/Users/Cole/OneDrive/Desktop/unity-assets_models_textures
-logFile
Logs/AssetImportWorker7.log
-srvPort
54498
Successfully changed project path to: C:/Users/Cole/OneDrive/Desktop/unity-assets_models_textures
C:/Users/Cole/OneDrive/Desktop/unity-assets_models_textures
[UnityMemory] Configuration Parameters - Can be set up in boot.config
    "memorysetup-bucket-allocator-granularity=16"
    "memorysetup-bucket-allocator-bucket-count=8"
    "memorysetup-bucket-allocator-block-size=33554432"
    "memorysetup-bucket-allocator-block-count=8"
    "memorysetup-main-allocator-block-size=16777216"
    "memorysetup-thread-allocator-block-size=16777216"
    "memorysetup-gfx-main-allocator-block-size=16777216"
    "memorysetup-gfx-thread-allocator-block-size=16777216"
    "memorysetup-cache-allocator-block-size=4194304"
    "memorysetup-typetree-allocator-block-size=2097152"
    "memorysetup-profiler-bucket-allocator-granularity=16"
    "memorysetup-profiler-bucket-allocator-bucket-count=8"
    "memorysetup-profiler-bucket-allocator-block-size=33554432"
    "memorysetup-profiler-bucket-allocator-block-count=8"
    "memorysetup-profiler-allocator-block-size=16777216"
    "memorysetup-profiler-editor-allocator-block-size=1048576"
    "memorysetup-temp-allocator-size-main=16777216"
    "memorysetup-job-temp-allocator-block-size=2097152"
    "memorysetup-job-temp-allocator-block-size-background=1048576"
    "memorysetup-job-temp-allocator-reduction-small-platforms=262144"
    "memorysetup-temp-allocator-size-background-worker=32768"
    "memorysetup-temp-allocator-size-job-worker=262144"
    "memorysetup-temp-allocator-size-preload-manager=33554432"
    "memorysetup-temp-allocator-size-nav-mesh-worker=65536"
    "memorysetup-temp-allocator-size-audio-worker=65536"
    "memorysetup-temp-allocator-size-cloud-worker=32768"
    "memorysetup-temp-allocator-size-gi-baking-worker=262144"
    "memorysetup-temp-allocator-size-gfx=262144"
Player connection [3540] Host "[IP] 192.168.12.235 [Port] 0 [Flags] 2 [Guid] 310204188 [EditorId] 310204188 [Version] 1048832 [Id] WindowsEditor(7,DESKTOP-4H0M7G4) [Debug] 1 [PackageName] WindowsEditor [ProjectName] Editor" joined multi-casting on [225.0.0.222:54997]...

Player connection [3540] Host "[IP] 192.168.12.235 [Port] 0 [Flags] 2 [Guid] 310204188 [EditorId] 310204188 [Version] 1048832 [Id] WindowsEditor(7,DESKTOP-4H0M7G4) [Debug] 1 [PackageName] WindowsEditor [ProjectName] Editor" joined alternative multi-casting on [225.0.0.222:34997]...

Refreshing native plugins compatible for Editor in 82.83 ms, found 3 plugins.
Preloading 0 native plugins for Editor in 0.00 ms.
Initialize engine version: 2021.3.18f1 (3129e69bc0c7)
[Subsystems] Discovering subsystems at path C:/Program Files/Unity/Hub/Editor/2021.3.18f1-x86_64/Editor/Data/Resources/UnitySubsystems
[Subsystems] Discovering subsystems at path C:/Users/Cole/OneDrive/Desktop/unity-assets_models_textures/Assets
GfxDevice: creating device client; threaded=0; jobified=0
Direct3D:
    Version:  Direct3D 11.0 [level 11.1]
    Renderer: NVIDIA GeForce GTX 1650 (ID=0x2188)
    Vendor:   NVIDIA
    VRAM:     3949 MB
    Driver:   31.0.15.3179
Initialize mono
Mono path[0] = 'C:/Program Files/Unity/Hub/Editor/2021.3.18f1-x86_64/Editor/Data/Managed'
Mono path[1] = 'C:/Program Files/Unity/Hub/Editor/2021.3.18f1-x86_64/Editor/Data/MonoBleedingEdge/lib/mono/unityjit-win32'
Mono config path = 'C:/Program Files/Unity/Hub/Editor/2021.3.18f1-x86_64/Editor/Data/MonoBleedingEdge/etc'
Using monoOptions --debugger-agent=transport=dt_socket,embedding=1,server=y,suspend=n,address=127.0.0.1:56264
Begin MonoManager ReloadAssembly
Registering precompiled unity dll's ...
Register platform support module: C:/Program Files/Unity/Hub/Editor/2021.3.18f1-x86_64/Editor/Data/PlaybackEngines/WindowsStandaloneSupport/UnityEditor.WindowsStandalone.Extensions.dll
Registered in 0.007320 seconds.
Native extension for WindowsStandalone target not found
Refreshing native plugins compatible for Editor in 85.11 ms, found 3 plugins.
Preloading 0 native plugins for Editor in 0.00 ms.
Mono: successfully reloaded assembly
- Completed reload, in  0.643 seconds
Domain Reload Profiling:
	ReloadAssembly (643ms)
		BeginReloadAssembly (66ms)
			ExecutionOrderSort (0ms)
			DisableScriptedObjects (0ms)
			BackupInstance (0ms)
			ReleaseScriptingObjects (0ms)
			CreateAndSetChildDomain (1ms)
		EndReloadAssembly (481ms)
			LoadAssemblies (63ms)
			RebuildTransferFunctionScriptingTraits (0ms)
			SetupTypeCache (141ms)
			ReleaseScriptCaches (0ms)
			RebuildScriptCaches (29ms)
			SetupLoadedEditorAssemblies (250ms)
				LogAssemblyErrors (0ms)
				InitializePlatformSupportModulesInManaged (8ms)
				SetLoadedEditorAssemblies (0ms)
				RefreshPlugins (85ms)
				BeforeProcessingInitializeOnLoad (1ms)
				ProcessInitializeOnLoadAttributes (118ms)
				ProcessInitializeOnLoadMethodAttributes (38ms)
				AfterProcessingInitializeOnLoad (0ms)
				EditorAssembliesLoaded (0ms)
			ExecutionOrderSort2 (0ms)
			AwakeInstancesAfterBackupRestoration (0ms)
Platform modules already initialized, skipping
Registering precompiled user dll's ...
Registered in 0.006571 seconds.
Begin MonoManager ReloadAssembly
Symbol file LoadedFromMemory doesn't match image C:\Users\Cole\OneDrive\Desktop\unity-assets_models_textures\Library\PackageCache\com.unity.visualscripting@1.8.0\Editor\VisualScripting.Core\Dependencies\YamlDotNet\Unity.VisualScripting.YamlDotNet.dll
Symbol file LoadedFromMemory doesn't match image C:\Users\Cole\OneDrive\Desktop\unity-assets_models_textures\Library\PackageCache\com.unity.visualscripting@1.8.0\Editor\VisualScripting.Core\Dependencies\DotNetZip\Unity.VisualScripting.IonicZip.dll
Native extension for WindowsStandalone target not found
Refreshing native plugins compatible for Editor in 1.20 ms, found 3 plugins.
Preloading 0 native plugins for Editor in 0.00 ms.
Mono: successfully reloaded assembly
- Completed reload, in  1.293 seconds
Domain Reload Profiling:
	ReloadAssembly (1294ms)
		BeginReloadAssembly (105ms)
			ExecutionOrderSort (0ms)
			DisableScriptedObjects (6ms)
			BackupInstance (0ms)
			ReleaseScriptingObjects (0ms)
			CreateAndSetChildDomain (21ms)
		EndReloadAssembly (1077ms)
			LoadAssemblies (86ms)
			RebuildTransferFunctionScriptingTraits (0ms)
			SetupTypeCache (400ms)
			ReleaseScriptCaches (1ms)
			RebuildScriptCaches (80ms)
			SetupLoadedEditorAssemblies (441ms)
				LogAssemblyErrors (0ms)
				InitializePlatformSupportModulesInManaged (9ms)
				SetLoadedEditorAssemblies (1ms)
				RefreshPlugins (1ms)
				BeforeProcessingInitializeOnLoad (110ms)
				ProcessInitializeOnLoadAttributes (278ms)
				ProcessInitializeOnLoadMethodAttributes (28ms)
				AfterProcessingInitializeOnLoad (15ms)
				EditorAssembliesLoaded (0ms)
			ExecutionOrderSort2 (0ms)
			AwakeInstancesAfterBackupRestoration (8ms)
Platform modules already initialized, skipping
========================================================================
Worker process is ready to serve import requests
Launched and connected shader compiler UnityShaderCompiler.exe after 0.07 seconds
Refreshing native plugins compatible for Editor in 1.20 ms, found 3 plugins.
Preloading 0 native plugins for Editor in 0.00 ms.
Unloading 3057 Unused Serialized files (Serialized files now loaded: 0)
Unloading 24 unused Assets / (113.6 KB). Loaded Objects now: 3520.
Memory consumption went from 110.5 MB to 110.4 MB.
Total: 3.384100 ms (FindLiveObjects: 0.499900 ms CreateObjectMapping: 0.162200 ms MarkObjects: 2.588000 ms  DeleteObjects: 0.132400 ms)

AssetImportParameters requested are different than current active one (requested -> active):
  custom:video-decoder-ogg-theora: a1e56fd34408186e4bbccfd4996cb3dc -> 
  custom:container-muxer-webm: aa71ff27fc2769a1b78a27578f13a17b -> 
  custom:container-demuxer-webm: 4f35f7cbe854078d1ac9338744f61a02 -> 
  custom:video-encoder-webm-vp8: eb34c28f22e8b96e1ab97ce403110664 -> 
  custom:audio-encoder-webm-vorbis: bf7c407c2cedff20999df2af8eb42d56 -> 
  custom:framework-win-MediaFoundation: 216162199b28c13a410421893ffa2e32 -> 
  custom:container-demuxer-ogg: 62fdf1f143b41e24485cea50d1cbac27 -> 
  custom:video-decoder-webm-vp8: 9c59270c3fd7afecdb556c50c9e8de78 -> 
  custom:audio-decoder-ogg-vorbis: bf7c407c2cedff20999df2af8eb42d56 -> 
========================================================================
Received Import Request.
  Time since last request: 87285.159730 seconds.
  path: Assets/Materials/Models/OBJ format/grass_large.obj
  artifactKey: Guid(4bcfe1b29eebf2e418c1689ab7698175) Importer(815301076,1909f56bfc062723c751e8b465ee728b)
Start importing Assets/Materials/Models/OBJ format/grass_large.obj using Guid(4bcfe1b29eebf2e418c1689ab7698175) Importer(815301076,1909f56bfc062723c751e8b465ee728b)  -> (artifact id: '1fb6d1522afca44019485786be94abd9') in 0.395896 seconds 
========================================================================
Received Import Request.
  Time since last request: 139.476774 seconds.
  path: Assets/Materials/FBX format/stump_old.fbx
  artifactKey: Guid(1034dd836a67d8a488696df6a97f11a5) Importer(815301076,1909f56bfc062723c751e8b465ee728b)
Start importing Assets/Materials/FBX format/stump_old.fbx using Guid(1034dd836a67d8a488696df6a97f11a5) Importer(815301076,1909f56bfc062723c751e8b465ee728b)  -> (artifact id: '90bfefd263007872465b0c0e2c6ca56e') in 0.025612 seconds 
========================================================================
Received Import Request.
  Time since last request: 0.000022 seconds.
  path: Assets/Materials/FBX format/stump_round.fbx
  artifactKey: Guid(0552726e057ac974cb5f93774733b000) Importer(815301076,1909f56bfc062723c751e8b465ee728b)
Start importing Assets/Materials/FBX format/stump_round.fbx using Guid(0552726e057ac974cb5f93774733b000) Importer(815301076,1909f56bfc062723c751e8b465ee728b)  -> (artifact id: '9a122d9715b1a673e539595a2fd24ceb') in 0.024607 seconds 
========================================================================
Received Import Request.
  Time since last request: 0.000016 seconds.
  path: Assets/Materials/FBX format/stump_square.fbx
  artifactKey: Guid(ddda7f58c2da0d44f9fa0bd339b85a51) Importer(815301076,1909f56bfc062723c751e8b465ee728b)
Start importing Assets/Materials/FBX format/stump_square.fbx using Guid(ddda7f58c2da0d44f9fa0bd339b85a51) Importer(815301076,1909f56bfc062723c751e8b465ee728b)  -> (artifact id: '4f0621f7463db24850d644ad0e6534b9') in 0.025017 seconds 
========================================================================
Received Import Request.
  Time since last request: 0.000017 seconds.
  path: Assets/Materials/FBX format/stump_oldTall.fbx
  artifactKey: Guid(c3fcf03bc2876b145a245f3e6f543319) Importer(815301076,1909f56bfc062723c751e8b465ee728b)
Start importing Assets/Materials/FBX format/stump_oldTall.fbx using Guid(c3fcf03bc2876b145a245f3e6f543319) Importer(815301076,1909f56bfc062723c751e8b465ee728b)  -> (artifact id: '9f197826328dafddbdcb32a82055be00') in 0.024708 seconds 
========================================================================
Received Import Request.
  Time since last request: 0.000024 seconds.
  path: Assets/Materials/FBX format/tent_detailedClosed.fbx
  artifactKey: Guid(464b3f253b5673b44959f9b80528b70d) Importer(815301076,1909f56bfc062723c751e8b465ee728b)
Start importing Assets/Materials/FBX format/tent_detailedClosed.fbx using Guid(464b3f253b5673b44959f9b80528b70d) Importer(815301076,1909f56bfc062723c751e8b465ee728b)  -> (artifact id: '838d1852e5f598b89b1b55b324867a23') in 0.032142 seconds 
========================================================================
Received Import Request.
  Time since last request: 0.000042 seconds.
  path: Assets/Materials/FBX format/stump_squareDetailedWide.fbx
  artifactKey: Guid(69859f87a527a96439cd81774c643bae) Importer(815301076,1909f56bfc062723c751e8b465ee728b)
Start importing Assets/Materials/FBX format/stump_squareDetailedWide.fbx using Guid(69859f87a527a96439cd81774c643bae) Importer(815301076,1909f56bfc062723c751e8b465ee728b)  -> (artifact id: '3f0524cd48a0bd47b358619b28548d0f') in 0.025187 seconds 
========================================================================
Received Import Request.
  Time since last request: 117.256903 seconds.
  path: Assets/Materials/Models/DAE format/cliff_cornerInnerLarge_stone.dae
  artifactKey: Guid(c70020a9c7798aa498e79a866829cbd3) Importer(815301076,1909f56bfc062723c751e8b465ee728b)
Start importing Assets/Materials/Models/DAE format/cliff_cornerInnerLarge_stone.dae using Guid(c70020a9c7798aa498e79a866829cbd3) Importer(815301076,1909f56bfc062723c751e8b465ee728b)  -> (artifact id: '926bc669e8361b7d9e2b472fb0965ffd') in 0.042308 seconds 
========================================================================
Received Import Request.
  Time since last request: 0.000025 seconds.
  path: Assets/Materials/Models/DAE format/cliff_half_stone.dae
  artifactKey: Guid(5546a0e537b5d0e4782bca31bd00cc30) Importer(815301076,1909f56bfc062723c751e8b465ee728b)
Start importing Assets/Materials/Models/DAE format/cliff_half_stone.dae using Guid(5546a0e537b5d0e4782bca31bd00cc30) Importer(815301076,1909f56bfc062723c751e8b465ee728b)  -> (artifact id: 'b99b1c0b28110cfc8ee749adcbe7ca41') in 0.085153 seconds 
========================================================================
Received Import Request.
  Time since last request: 0.000038 seconds.
  path: Assets/Materials/Models/DAE format/cliff_large_stone.dae
  artifactKey: Guid(f105423bfd3d5f2488f94a3acce10013) Importer(815301076,1909f56bfc062723c751e8b465ee728b)
Start importing Assets/Materials/Models/DAE format/cliff_large_stone.dae using Guid(f105423bfd3d5f2488f94a3acce10013) Importer(815301076,1909f56bfc062723c751e8b465ee728b)  -> (artifact id: '77839f5c6b4f2ae8369042e92c47c4ce') in 0.050362 seconds 
========================================================================
Received Import Request.
  Time since last request: 0.000038 seconds.
  path: Assets/Materials/Models/DAE format/cliff_halfCorner_stone.dae
  artifactKey: Guid(4d6eb6f38a7f3a24f8c99ee853502f3e) Importer(815301076,1909f56bfc062723c751e8b465ee728b)
Start importing Assets/Materials/Models/DAE format/cliff_halfCorner_stone.dae using Guid(4d6eb6f38a7f3a24f8c99ee853502f3e) Importer(815301076,1909f56bfc062723c751e8b465ee728b)  -> (artifact id: 'abf6f56faf5af17b7d27e2032cbf9edc') in 0.028679 seconds 
========================================================================
Received Import Request.
  Time since last request: 0.000018 seconds.
  path: Assets/Materials/Models/DAE format/cliff_cornerTop_stone.dae
  artifactKey: Guid(c1f5cb359c61869439d69afe097b8abe) Importer(815301076,1909f56bfc062723c751e8b465ee728b)
Start importing Assets/Materials/Models/DAE format/cliff_cornerTop_stone.dae using Guid(c1f5cb359c61869439d69afe097b8abe) Importer(815301076,1909f56bfc062723c751e8b465ee728b)  -> (artifact id: 'eae4316e10f88fd3e212b218e3c7ffd5') in 0.026575 seconds 
========================================================================
Received Import Request.
  Time since last request: 0.000026 seconds.
  path: Assets/Materials/Models/DAE format/cliff_halfCornerInner_stone.dae
  artifactKey: Guid(669629ed54395e84eb734dff75039db7) Importer(815301076,1909f56bfc062723c751e8b465ee728b)
Start importing Assets/Materials/Models/DAE format/cliff_halfCornerInner_stone.dae using Guid(669629ed54395e84eb734dff75039db7) Importer(815301076,1909f56bfc062723c751e8b465ee728b)  -> (artifact id: '208ec51d7d21be30c1033591e68af991') in 0.033396 seconds 
========================================================================
Received Import Request.
  Time since last request: 7.501064 seconds.
  path: Assets/Materials/Models/DAE format/crop_carrot.dae
  artifactKey: Guid(a8eff89658b4a784f93d9742a5fa71e6) Importer(815301076,1909f56bfc062723c751e8b465ee728b)
Start importing Assets/Materials/Models/DAE format/crop_carrot.dae using Guid(a8eff89658b4a784f93d9742a5fa71e6) Importer(815301076,1909f56bfc062723c751e8b465ee728b)  -> (artifact id: 'ffb82c2978f4d290c74530d0717f2578') in 0.029934 seconds 
========================================================================
Received Import Request.
  Time since last request: 0.000025 seconds.
  path: Assets/Materials/Models/DAE format/crops_bambooStageB.dae
  artifactKey: Guid(f0d07c4e900b8f4478a0c5a32796991b) Importer(815301076,1909f56bfc062723c751e8b465ee728b)
Start importing Assets/Materials/Models/DAE format/crops_bambooStageB.dae using Guid(f0d07c4e900b8f4478a0c5a32796991b) Importer(815301076,1909f56bfc062723c751e8b465ee728b)  -> (artifact id: '42ad9892baa80b94939126194bbbcff5') in 0.034399 seconds 
========================================================================
Received Import Request.
  Time since last request: 0.000028 seconds.
  path: Assets/Materials/Models/DAE format/crop_pumpkin.dae
  artifactKey: Guid(6a22cfe8a41549e4a8068009761506a5) Importer(815301076,1909f56bfc062723c751e8b465ee728b)
Start importing Assets/Materials/Models/DAE format/crop_pumpkin.dae using Guid(6a22cfe8a41549e4a8068009761506a5) Importer(815301076,1909f56bfc062723c751e8b465ee728b)  -> (artifact id: '5b7f6dadcbb1926c53a541f1c80c1206') in 0.058202 seconds 
========================================================================
Received Import Request.
  Time since last request: 0.000021 seconds.
  path: Assets/Materials/Models/DAE format/crops_wheatStageB.dae
  artifactKey: Guid(faada81e092ce10479a17cb7bb0a10bd) Importer(815301076,1909f56bfc062723c751e8b465ee728b)
Start importing Assets/Materials/Models/DAE format/crops_wheatStageB.dae using Guid(faada81e092ce10479a17cb7bb0a10bd) Importer(815301076,1909f56bfc062723c751e8b465ee728b)  -> (artifact id: 'b5b525759c3d45a2d10fa26f862a18ae') in 0.048420 seconds 
========================================================================
Received Import Request.
  Time since last request: 0.000024 seconds.
  path: Assets/Materials/Models/DAE format/crops_wheatStageA.dae
  artifactKey: Guid(12d00bfd7e75b8e48ae541f1eec5d6f2) Importer(815301076,1909f56bfc062723c751e8b465ee728b)
Start importing Assets/Materials/Models/DAE format/crops_wheatStageA.dae using Guid(12d00bfd7e75b8e48ae541f1eec5d6f2) Importer(815301076,1909f56bfc062723c751e8b465ee728b)  -> (artifact id: '162a9701bcf635c6051c0b497640839e') in 0.028522 seconds 
========================================================================
Received Import Request.
  Time since last request: 1.446559 seconds.
  path: Assets/Materials/Models/DAE format/fence_simpleCenter.dae
  artifactKey: Guid(1f140a749e1d58f4487f7bad83376bff) Importer(815301076,1909f56bfc062723c751e8b465ee728b)
Start importing Assets/Materials/Models/DAE format/fence_simpleCenter.dae using Guid(1f140a749e1d58f4487f7bad83376bff) Importer(815301076,1909f56bfc062723c751e8b465ee728b)  -> (artifact id: 'd10638e907c3dbc1b684a8bb1f40ca5e') in 0.024066 seconds 
========================================================================
Received Import Request.
  Time since last request: 0.000039 seconds.
  path: Assets/Materials/Models/DAE format/flower_redB.dae
  artifactKey: Guid(c6d29a1775c1b454f876d13e1c2aa00e) Importer(815301076,1909f56bfc062723c751e8b465ee728b)
Start importing Assets/Materials/Models/DAE format/flower_redB.dae using Guid(c6d29a1775c1b454f876d13e1c2aa00e) Importer(815301076,1909f56bfc062723c751e8b465ee728b)  -> (artifact id: 'e612272aa1cc392af5ef3df636f25c67') in 0.025382 seconds 
========================================================================
Received Import Request.
  Time since last request: 0.000037 seconds.
  path: Assets/Materials/Models/DAE format/flower_purpleC.dae
  artifactKey: Guid(65710a6417cb26447973638ee7b7e0b7) Importer(815301076,1909f56bfc062723c751e8b465ee728b)
Start importing Assets/Materials/Models/DAE format/flower_purpleC.dae using Guid(65710a6417cb26447973638ee7b7e0b7) Importer(815301076,1909f56bfc062723c751e8b465ee728b)  -> (artifact id: 'd34dc85e0181ce4b145623beeff0da51') in 0.027101 seconds 
========================================================================
Received Import Request.
  Time since last request: 0.000020 seconds.
  path: Assets/Materials/Models/DAE format/ground_riverEnd.dae
  artifactKey: Guid(d5ffd3daa9e996b419bc2abfe17679f6) Importer(815301076,1909f56bfc062723c751e8b465ee728b)
Start importing Assets/Materials/Models/DAE format/ground_riverEnd.dae using Guid(d5ffd3daa9e996b419bc2abfe17679f6) Importer(815301076,1909f56bfc062723c751e8b465ee728b)  -> (artifact id: 'ecaecb65eb7a5dcb6f90f3ef4a0d1f16') in 0.031447 seconds 
========================================================================
Received Import Request.
  Time since last request: 0.000020 seconds.
  path: Assets/Materials/Models/DAE format/ground_grass.dae
  artifactKey: Guid(24d512ec11a2dc74484fe7e1848ced7f) Importer(815301076,1909f56bfc062723c751e8b465ee728b)
Start importing Assets/Materials/Models/DAE format/ground_grass.dae using Guid(24d512ec11a2dc74484fe7e1848ced7f) Importer(815301076,1909f56bfc062723c751e8b465ee728b)  -> (artifact id: 'f18fb1d2f71e2116223ed214c6087a04') in 0.020672 seconds 
========================================================================
Received Import Request.
  Time since last request: 0.000022 seconds.
  path: Assets/Materials/Models/DAE format/ground_pathSplit.dae
  artifactKey: Guid(0dab386a047271548b618dd58024d019) Importer(815301076,1909f56bfc062723c751e8b465ee728b)
Start importing Assets/Materials/Models/DAE format/ground_pathSplit.dae using Guid(0dab386a047271548b618dd58024d019) Importer(815301076,1909f56bfc062723c751e8b465ee728b)  -> (artifact id: 'b5a821c228ff4e76deb94aa345021c6f') in 0.028366 seconds 
========================================================================
Received Import Request.
  Time since last request: 0.000020 seconds.
  path: Assets/Materials/Models/DAE format/ground_pathCornerSmall.dae
  artifactKey: Guid(69debdd42e587974eaa8aece99c2b28b) Importer(815301076,1909f56bfc062723c751e8b465ee728b)
Start importing Assets/Materials/Models/DAE format/ground_pathCornerSmall.dae using Guid(69debdd42e587974eaa8aece99c2b28b) Importer(815301076,1909f56bfc062723c751e8b465ee728b)  -> (artifact id: 'ddaf490597640bbd454563a50448b42d') in 0.038053 seconds 
========================================================================
Received Import Request.
  Time since last request: 0.000022 seconds.
  path: Assets/Materials/Models/DAE format/ground_pathCorner.dae
  artifactKey: Guid(f91dc3c272f9de84c880d9499ebd6cf4) Importer(815301076,1909f56bfc062723c751e8b465ee728b)
Start importing Assets/Materials/Models/DAE format/ground_pathCorner.dae using Guid(f91dc3c272f9de84c880d9499ebd6cf4) Importer(815301076,1909f56bfc062723c751e8b465ee728b)  -> (artifact id: '1dfd289bac2ef1227e9afe1878858628') in 0.030054 seconds 
========================================================================
Received Import Request.
  Time since last request: 0.000027 seconds.
  path: Assets/Materials/Models/DAE format/ground_pathSide.dae
  artifactKey: Guid(5554a14a7e744bc44ab07f87fbc7828c) Importer(815301076,1909f56bfc062723c751e8b465ee728b)
Start importing Assets/Materials/Models/DAE format/ground_pathSide.dae using Guid(5554a14a7e744bc44ab07f87fbc7828c) Importer(815301076,1909f56bfc062723c751e8b465ee728b)  -> (artifact id: 'e85176d09df7cbf24e0475a908bc49b2') in 0.032738 seconds 
========================================================================
Received Import Request.
  Time since last request: 0.000033 seconds.
  path: Assets/Materials/Models/DAE format/ground_riverEndClosed.dae
  artifactKey: Guid(9c0052912d5c21d49854eb3306997a4e) Importer(815301076,1909f56bfc062723c751e8b465ee728b)
Start importing Assets/Materials/Models/DAE format/ground_riverEndClosed.dae using Guid(9c0052912d5c21d49854eb3306997a4e) Importer(815301076,1909f56bfc062723c751e8b465ee728b)  -> (artifact id: '9d70936c75056b86b01e0c956b812cab') in 0.033157 seconds 
========================================================================
Received Import Request.
  Time since last request: 0.412556 seconds.
  path: Assets/Materials/Models/DAE format/ground_riverSplit.dae
  artifactKey: Guid(5e76b0c2b40f82243a2016dc5836591c) Importer(815301076,1909f56bfc062723c751e8b465ee728b)
Start importing Assets/Materials/Models/DAE format/ground_riverSplit.dae using Guid(5e76b0c2b40f82243a2016dc5836591c) Importer(815301076,1909f56bfc062723c751e8b465ee728b)  -> (artifact id: '5bd5764d9480b718069fb11958d1637c') in 0.038087 seconds 
========================================================================
Received Import Request.
  Time since last request: 0.000042 seconds.
  path: Assets/Materials/Models/DAE format/ground_riverTile.dae
  artifactKey: Guid(a33966eea6877004a80b09e4324dbbee) Importer(815301076,1909f56bfc062723c751e8b465ee728b)
Start importing Assets/Materials/Models/DAE format/ground_riverTile.dae using Guid(a33966eea6877004a80b09e4324dbbee) Importer(815301076,1909f56bfc062723c751e8b465ee728b)  -> (artifact id: 'd2661c6c165a6ec5ab4fbd3a7baf4779') in 0.042125 seconds 
========================================================================
Received Import Request.
  Time since last request: 0.703001 seconds.
  path: Assets/Materials/Models/DAE format/statue_column.dae
  artifactKey: Guid(f4f067fe87fde0c489fea1901aae6179) Importer(815301076,1909f56bfc062723c751e8b465ee728b)
Start importing Assets/Materials/Models/DAE format/statue_column.dae using Guid(f4f067fe87fde0c489fea1901aae6179) Importer(815301076,1909f56bfc062723c751e8b465ee728b)  -> (artifact id: '0bcaaf44628b847c932508b3143081b6') in 0.037646 seconds 
========================================================================
Received Import Request.
  Time since last request: 0.000022 seconds.
  path: Assets/Materials/Models/DAE format/statue_head.dae
  artifactKey: Guid(a20e365249c2e9648a4852f562d5755a) Importer(815301076,1909f56bfc062723c751e8b465ee728b)
Start importing Assets/Materials/Models/DAE format/statue_head.dae using Guid(a20e365249c2e9648a4852f562d5755a) Importer(815301076,1909f56bfc062723c751e8b465ee728b)  -> (artifact id: 'ae87c716b41ce28cd5efd5d106dfa7ef') in 0.049279 seconds 
========================================================================
Received Import Request.
  Time since last request: 0.413077 seconds.
  path: Assets/Materials/Models/DAE format/stone_largeB.dae
  artifactKey: Guid(697aa878e9bcd1244a17ab8974e4991c) Importer(815301076,1909f56bfc062723c751e8b465ee728b)
Start importing Assets/Materials/Models/DAE format/stone_largeB.dae using Guid(697aa878e9bcd1244a17ab8974e4991c) Importer(815301076,1909f56bfc062723c751e8b465ee728b)  -> (artifact id: '82ea2aeb610347fc8ba8bb4a9dc732ad') in 0.020831 seconds 
========================================================================
Received Import Request.
  Time since last request: 0.000037 seconds.
  path: Assets/Materials/Models/DAE format/stone_smallFlatA.dae
  artifactKey: Guid(22a82cffb0d5ce64aad293a21bd309c7) Importer(815301076,1909f56bfc062723c751e8b465ee728b)
Start importing Assets/Materials/Models/DAE format/stone_smallFlatA.dae using Guid(22a82cffb0d5ce64aad293a21bd309c7) Importer(815301076,1909f56bfc062723c751e8b465ee728b)  -> (artifact id: '61d056091d702bde565d020674668f60') in 0.021008 seconds 
========================================================================
Received Import Request.
  Time since last request: 0.000040 seconds.
  path: Assets/Materials/Models/DAE format/stone_tallB.dae
  artifactKey: Guid(acd68de891557db4f8523f30177d7fa6) Importer(815301076,1909f56bfc062723c751e8b465ee728b)
Start importing Assets/Materials/Models/DAE format/stone_tallB.dae using Guid(acd68de891557db4f8523f30177d7fa6) Importer(815301076,1909f56bfc062723c751e8b465ee728b)  -> (artifact id: '144badf752aa019e40ae2e010dede5f2') in 0.027378 seconds 
========================================================================
Received Import Request.
  Time since last request: 0.000025 seconds.
  path: Assets/Materials/Models/DAE format/stone_smallF.dae
  artifactKey: Guid(882c65139c5fd6d4c826d0bf4bb6b099) Importer(815301076,1909f56bfc062723c751e8b465ee728b)
Start importing Assets/Materials/Models/DAE format/stone_smallF.dae using Guid(882c65139c5fd6d4c826d0bf4bb6b099) Importer(815301076,1909f56bfc062723c751e8b465ee728b)  -> (artifact id: '321d04f382dbc165964d46148b10fe64') in 0.027815 seconds 
========================================================================
Received Import Request.
  Time since last request: 0.000025 seconds.
  path: Assets/Materials/Models/DAE format/stone_smallFlatC.dae
  artifactKey: Guid(e40b26ff17308b54e8504a31499743c1) Importer(815301076,1909f56bfc062723c751e8b465ee728b)
Start importing Assets/Materials/Models/DAE format/stone_smallFlatC.dae using Guid(e40b26ff17308b54e8504a31499743c1) Importer(815301076,1909f56bfc062723c751e8b465ee728b)  -> (artifact id: 'f14651eff8ab18afbc4f0625d9d127ca') in 0.020380 seconds 
========================================================================
Received Import Request.
  Time since last request: 0.000029 seconds.
  path: Assets/Materials/Models/DAE format/stone_tallH.dae
  artifactKey: Guid(a16e254ec8c2e324da06790b1adadc80) Importer(815301076,1909f56bfc062723c751e8b465ee728b)
Start importing Assets/Materials/Models/DAE format/stone_tallH.dae using Guid(a16e254ec8c2e324da06790b1adadc80) Importer(815301076,1909f56bfc062723c751e8b465ee728b)  -> (artifact id: '1b82e49659fe2f4cf91d0813dd7f4d29') in 0.021636 seconds 
========================================================================
Received Import Request.
  Time since last request: 0.000025 seconds.
  path: Assets/Materials/Models/DAE format/stone_smallA.dae
  artifactKey: Guid(8214202c5d3d92846be47f574b2bf0f1) Importer(815301076,1909f56bfc062723c751e8b465ee728b)
Start importing Assets/Materials/Models/DAE format/stone_smallA.dae using Guid(8214202c5d3d92846be47f574b2bf0f1) Importer(815301076,1909f56bfc062723c751e8b465ee728b)  -> (artifact id: 'fd9271440596f214d0d54b4726812719') in 0.019061 seconds 
========================================================================
Received Import Request.
  Time since last request: 0.000022 seconds.
  path: Assets/Materials/Models/DAE format/stone_smallI.dae
  artifactKey: Guid(292ccf686eeb95d48960b49a7b7ea9d9) Importer(815301076,1909f56bfc062723c751e8b465ee728b)
Start importing Assets/Materials/Models/DAE format/stone_smallI.dae using Guid(292ccf686eeb95d48960b49a7b7ea9d9) Importer(815301076,1909f56bfc062723c751e8b465ee728b)  -> (artifact id: 'baaabc3a711b8e0fd1395f1fd691f2a6') in 0.042945 seconds 
========================================================================
Received Import Request.
  Time since last request: 0.000028 seconds.
  path: Assets/Materials/Models/DAE format/stone_smallD.dae
  artifactKey: Guid(fb48698f64d80e745a4202a93a91af42) Importer(815301076,1909f56bfc062723c751e8b465ee728b)
Start importing Assets/Materials/Models/DAE format/stone_smallD.dae using Guid(fb48698f64d80e745a4202a93a91af42) Importer(815301076,1909f56bfc062723c751e8b465ee728b)  -> (artifact id: 'a4627512efabf641bc79d9d3a3c50c8d') in 0.028489 seconds 
========================================================================
Received Import Request.
  Time since last request: 0.000041 seconds.
  path: Assets/Materials/Models/DAE format/stone_smallB.dae
  artifactKey: Guid(9576d744b1c526e4191586571849a2cd) Importer(815301076,1909f56bfc062723c751e8b465ee728b)
Start importing Assets/Materials/Models/DAE format/stone_smallB.dae using Guid(9576d744b1c526e4191586571849a2cd) Importer(815301076,1909f56bfc062723c751e8b465ee728b)  -> (artifact id: 'f8f0557c0762e2500daf22ab5f446353') in 0.022103 seconds 
========================================================================
Received Import Request.
  Time since last request: 0.000033 seconds.
  path: Assets/Materials/Models/DAE format/stone_smallE.dae
  artifactKey: Guid(97051b10b9fb5ad498e85b7d531bb72a) Importer(815301076,1909f56bfc062723c751e8b465ee728b)
Start importing Assets/Materials/Models/DAE format/stone_smallE.dae using Guid(97051b10b9fb5ad498e85b7d531bb72a) Importer(815301076,1909f56bfc062723c751e8b465ee728b)  -> (artifact id: 'f4d9fe1d7b785917bba39ba88c0327a4') in 0.019806 seconds 
========================================================================
Received Import Request.
  Time since last request: 18.007452 seconds.
  path: Assets/Materials/Models/DAE format/stump_square.dae
  artifactKey: Guid(4095ea56f43c65f499d65e43d103e494) Importer(815301076,1909f56bfc062723c751e8b465ee728b)
Start importing Assets/Materials/Models/DAE format/stump_square.dae using Guid(4095ea56f43c65f499d65e43d103e494) Importer(815301076,1909f56bfc062723c751e8b465ee728b)  -> (artifact id: '9a7cb080144886544a38408048efd0dc') in 0.022741 seconds 
========================================================================
Received Import Request.
  Time since last request: 3.155660 seconds.
  path: Assets/Materials/FBX format/tree_default_fall.fbx
  artifactKey: Guid(9e0a1228225f19941a61954f03ab8765) Importer(815301076,1909f56bfc062723c751e8b465ee728b)
Start importing Assets/Materials/FBX format/tree_default_fall.fbx using Guid(9e0a1228225f19941a61954f03ab8765) Importer(815301076,1909f56bfc062723c751e8b465ee728b)  -> (artifact id: '200b27ed3ea634e97ea864c35b3123db') in 0.050859 seconds 
========================================================================
Received Import Request.
  Time since last request: 0.024339 seconds.
  path: Assets/Materials/Models/OBJ format/tree_detailed_fall.obj
  artifactKey: Guid(3a8a85a9f12030741a018b4a55417248) Importer(815301076,1909f56bfc062723c751e8b465ee728b)
Start importing Assets/Materials/Models/OBJ format/tree_detailed_fall.obj using Guid(3a8a85a9f12030741a018b4a55417248) Importer(815301076,1909f56bfc062723c751e8b465ee728b)  -> (artifact id: '2fedd30a8ac24e475a8ca690013b2f4e') in 0.051427 seconds 
========================================================================
Received Import Request.
  Time since last request: 0.152599 seconds.
  path: Assets/Materials/Models/DAE format/tree_default_fall.dae
  artifactKey: Guid(f78275f14d686994bbc303084dbbd971) Importer(815301076,1909f56bfc062723c751e8b465ee728b)
Start importing Assets/Materials/Models/DAE format/tree_default_fall.dae using Guid(f78275f14d686994bbc303084dbbd971) Importer(815301076,1909f56bfc062723c751e8b465ee728b)  -> (artifact id: '86b0c799d28b0e69e909df7a7e4e45fe') in 0.034968 seconds 
========================================================================
Received Import Request.
  Time since last request: 1.077833 seconds.
  path: Assets/Materials/FBX format/tree_detailed_dark.fbx
  artifactKey: Guid(99b84a8f409e88d4fada5337d89c9f7d) Importer(815301076,1909f56bfc062723c751e8b465ee728b)
Start importing Assets/Materials/FBX format/tree_detailed_dark.fbx using Guid(99b84a8f409e88d4fada5337d89c9f7d) Importer(815301076,1909f56bfc062723c751e8b465ee728b)  -> (artifact id: '1147513d7ba8b1141e15538c784233a2') in 0.037791 seconds 
========================================================================
Received Import Request.
  Time since last request: 0.216459 seconds.
  path: Assets/Materials/Models/DAE format/tree_cone_dark.dae
  artifactKey: Guid(6e9ae62f70331c04ca0cd5250c1bd672) Importer(815301076,1909f56bfc062723c751e8b465ee728b)
Start importing Assets/Materials/Models/DAE format/tree_cone_dark.dae using Guid(6e9ae62f70331c04ca0cd5250c1bd672) Importer(815301076,1909f56bfc062723c751e8b465ee728b)  -> (artifact id: '72c5d5ffb3ac20fa0686d628c0b58190') in 0.026844 seconds 
========================================================================
Received Import Request.
  Time since last request: 3.635231 seconds.
  path: Assets/Materials/Models/DAE format/tree_default.dae
  artifactKey: Guid(5c9a417452f09fc488da42cecabfd651) Importer(815301076,1909f56bfc062723c751e8b465ee728b)
Start importing Assets/Materials/Models/DAE format/tree_default.dae using Guid(5c9a417452f09fc488da42cecabfd651) Importer(815301076,1909f56bfc062723c751e8b465ee728b)  -> (artifact id: 'f8ca8f55e66ce3bf9b6b09dfd607ff39') in 0.059552 seconds 
