Using pre-set license
Built from '2021.3/staging' branch; Version is '2021.3.18f1 (3129e69bc0c7) revision 3221990'; Using compiler version '192829333'; Build Type 'Release'
OS: 'Windows 11  (10.0.22621) 64bit Core' Language: 'en' Physical Memory: 7973 MB
BatchMode: 1, IsHumanControllingUs: 0, StartBugReporterOnCrash: 0, Is64bit: 1, IsPro: 1

COMMAND LINE ARGUMENTS:
C:\Program Files\Unity\Hub\Editor\2021.3.18f1\Editor\Unity.exe
-adb2
-batchMode
-noUpm
-name
AssetImportWorker2
-projectPath
C:/Users/Valued Customer/Desktop/unity-animation
-logFile
Logs/AssetImportWorker2.log
-srvPort
59289
Successfully changed project path to: C:/Users/Valued Customer/Desktop/unity-animation
C:/Users/Valued Customer/Desktop/unity-animation
[UnityMemory] Configuration Parameters - Can be set up in boot.config
    "memorysetup-bucket-allocator-granularity=16"
    "memorysetup-bucket-allocator-bucket-count=8"
    "memorysetup-bucket-allocator-block-size=33554432"
    "memorysetup-bucket-allocator-block-count=8"
    "memorysetup-main-allocator-block-size=16777216"
    "memorysetup-thread-allocator-block-size=16777216"
    "memorysetup-gfx-main-allocator-block-size=16777216"
    "memorysetup-gfx-thread-allocator-block-size=16777216"
    "memorysetup-cache-allocator-block-size=4194304"
    "memorysetup-typetree-allocator-block-size=2097152"
    "memorysetup-profiler-bucket-allocator-granularity=16"
    "memorysetup-profiler-bucket-allocator-bucket-count=8"
    "memorysetup-profiler-bucket-allocator-block-size=33554432"
    "memorysetup-profiler-bucket-allocator-block-count=8"
    "memorysetup-profiler-allocator-block-size=16777216"
    "memorysetup-profiler-editor-allocator-block-size=1048576"
    "memorysetup-temp-allocator-size-main=16777216"
    "memorysetup-job-temp-allocator-block-size=2097152"
    "memorysetup-job-temp-allocator-block-size-background=1048576"
    "memorysetup-job-temp-allocator-reduction-small-platforms=262144"
    "memorysetup-temp-allocator-size-background-worker=32768"
    "memorysetup-temp-allocator-size-job-worker=262144"
    "memorysetup-temp-allocator-size-preload-manager=33554432"
    "memorysetup-temp-allocator-size-nav-mesh-worker=65536"
    "memorysetup-temp-allocator-size-audio-worker=65536"
    "memorysetup-temp-allocator-size-cloud-worker=32768"
    "memorysetup-temp-allocator-size-gi-baking-worker=262144"
    "memorysetup-temp-allocator-size-gfx=262144"
Player connection [12692] Host "[IP] 192.168.12.225 [Port] 0 [Flags] 2 [Guid] 1185520853 [EditorId] 1185520853 [Version] 1048832 [Id] WindowsEditor(7,DESKTOP-S70E99H) [Debug] 1 [PackageName] WindowsEditor [ProjectName] Editor" joined multi-casting on [225.0.0.222:54997]...

Player connection [12692] Host "[IP] 192.168.12.225 [Port] 0 [Flags] 2 [Guid] 1185520853 [EditorId] 1185520853 [Version] 1048832 [Id] WindowsEditor(7,DESKTOP-S70E99H) [Debug] 1 [PackageName] WindowsEditor [ProjectName] Editor" joined alternative multi-casting on [225.0.0.222:34997]...

Refreshing native plugins compatible for Editor in 145.15 ms, found 3 plugins.
Preloading 0 native plugins for Editor in 0.00 ms.
Initialize engine version: 2021.3.18f1 (3129e69bc0c7)
[Subsystems] Discovering subsystems at path C:/Program Files/Unity/Hub/Editor/2021.3.18f1/Editor/Data/Resources/UnitySubsystems
[Subsystems] Discovering subsystems at path C:/Users/Valued Customer/Desktop/unity-animation/Assets
GfxDevice: creating device client; threaded=0; jobified=0
Direct3D:
    Version:  Direct3D 11.0 [level 11.1]
    Renderer: Intel(R) UHD Graphics (ID=0x9b41)
    Vendor:   Intel
    VRAM:     3986 MB
    Driver:   26.20.100.7870
Initialize mono
Mono path[0] = 'C:/Program Files/Unity/Hub/Editor/2021.3.18f1/Editor/Data/Managed'
Mono path[1] = 'C:/Program Files/Unity/Hub/Editor/2021.3.18f1/Editor/Data/MonoBleedingEdge/lib/mono/unityjit-win32'
Mono config path = 'C:/Program Files/Unity/Hub/Editor/2021.3.18f1/Editor/Data/MonoBleedingEdge/etc'
Using monoOptions --debugger-agent=transport=dt_socket,embedding=1,server=y,suspend=n,address=127.0.0.1:56064
Begin MonoManager ReloadAssembly
Registering precompiled unity dll's ...
Register platform support module: C:/Program Files/Unity/Hub/Editor/2021.3.18f1/Editor/Data/PlaybackEngines/WindowsStandaloneSupport/UnityEditor.WindowsStandalone.Extensions.dll
Registered in 0.029070 seconds.
Native extension for WindowsStandalone target not found
Refreshing native plugins compatible for Editor in 117.00 ms, found 3 plugins.
Preloading 0 native plugins for Editor in 0.00 ms.
Mono: successfully reloaded assembly
- Completed reload, in  1.233 seconds
Domain Reload Profiling:
	ReloadAssembly (1234ms)
		BeginReloadAssembly (124ms)
			ExecutionOrderSort (0ms)
			DisableScriptedObjects (0ms)
			BackupInstance (0ms)
			ReleaseScriptingObjects (0ms)
			CreateAndSetChildDomain (1ms)
		EndReloadAssembly (739ms)
			LoadAssemblies (124ms)
			RebuildTransferFunctionScriptingTraits (0ms)
			SetupTypeCache (178ms)
			ReleaseScriptCaches (0ms)
			RebuildScriptCaches (40ms)
			SetupLoadedEditorAssemblies (440ms)
				LogAssemblyErrors (0ms)
				InitializePlatformSupportModulesInManaged (11ms)
				SetLoadedEditorAssemblies (0ms)
				RefreshPlugins (117ms)
				BeforeProcessingInitializeOnLoad (1ms)
				ProcessInitializeOnLoadAttributes (239ms)
				ProcessInitializeOnLoadMethodAttributes (71ms)
				AfterProcessingInitializeOnLoad (0ms)
				EditorAssembliesLoaded (0ms)
			ExecutionOrderSort2 (0ms)
			AwakeInstancesAfterBackupRestoration (0ms)
Platform modules already initialized, skipping
Registering precompiled user dll's ...
Registered in 0.005514 seconds.
Begin MonoManager ReloadAssembly
Symbol file LoadedFromMemory doesn't match image C:\Users\Valued Customer\Desktop\unity-animation\Library\PackageCache\com.unity.visualscripting@1.8.0\Editor\VisualScripting.Core\Dependencies\YamlDotNet\Unity.VisualScripting.YamlDotNet.dll
Symbol file LoadedFromMemory doesn't match image C:\Users\Valued Customer\Desktop\unity-animation\Library\PackageCache\com.unity.visualscripting@1.8.0\Editor\VisualScripting.Core\Dependencies\DotNetZip\Unity.VisualScripting.IonicZip.dll
Native extension for WindowsStandalone target not found
Refreshing native plugins compatible for Editor in 1.13 ms, found 3 plugins.
Preloading 0 native plugins for Editor in 0.00 ms.
Mono: successfully reloaded assembly
- Completed reload, in  1.392 seconds
Domain Reload Profiling:
	ReloadAssembly (1393ms)
		BeginReloadAssembly (127ms)
			ExecutionOrderSort (0ms)
			DisableScriptedObjects (6ms)
			BackupInstance (0ms)
			ReleaseScriptingObjects (0ms)
			CreateAndSetChildDomain (28ms)
		EndReloadAssembly (1105ms)
			LoadAssemblies (121ms)
			RebuildTransferFunctionScriptingTraits (0ms)
			SetupTypeCache (347ms)
			ReleaseScriptCaches (1ms)
			RebuildScriptCaches (76ms)
			SetupLoadedEditorAssemblies (492ms)
				LogAssemblyErrors (0ms)
				InitializePlatformSupportModulesInManaged (7ms)
				SetLoadedEditorAssemblies (1ms)
				RefreshPlugins (1ms)
				BeforeProcessingInitializeOnLoad (92ms)
				ProcessInitializeOnLoadAttributes (355ms)
				ProcessInitializeOnLoadMethodAttributes (26ms)
				AfterProcessingInitializeOnLoad (10ms)
				EditorAssembliesLoaded (0ms)
			ExecutionOrderSort2 (0ms)
			AwakeInstancesAfterBackupRestoration (7ms)
Platform modules already initialized, skipping
========================================================================
Worker process is ready to serve import requests
Launched and connected shader compiler UnityShaderCompiler.exe after 0.08 seconds
Refreshing native plugins compatible for Editor in 0.76 ms, found 3 plugins.
Preloading 0 native plugins for Editor in 0.00 ms.
Unloading 3102 Unused Serialized files (Serialized files now loaded: 0)
Unloading 34 unused Assets / (129.0 KB). Loaded Objects now: 3567.
Memory consumption went from 114.1 MB to 114.0 MB.
Total: 4.078500 ms (FindLiveObjects: 0.306100 ms CreateObjectMapping: 0.238200 ms MarkObjects: 3.402600 ms  DeleteObjects: 0.130300 ms)

AssetImportParameters requested are different than current active one (requested -> active):
  custom:video-decoder-ogg-theora: a1e56fd34408186e4bbccfd4996cb3dc -> 
  custom:container-muxer-webm: aa71ff27fc2769a1b78a27578f13a17b -> 
  custom:container-demuxer-webm: 4f35f7cbe854078d1ac9338744f61a02 -> 
  custom:video-encoder-webm-vp8: eb34c28f22e8b96e1ab97ce403110664 -> 
  custom:audio-encoder-webm-vorbis: bf7c407c2cedff20999df2af8eb42d56 -> 
  custom:framework-win-MediaFoundation: 216162199b28c13a410421893ffa2e32 -> 
  custom:container-demuxer-ogg: 62fdf1f143b41e24485cea50d1cbac27 -> 
  custom:video-decoder-webm-vp8: 9c59270c3fd7afecdb556c50c9e8de78 -> 
  custom:audio-decoder-ogg-vorbis: bf7c407c2cedff20999df2af8eb42d56 -> 
========================================================================
Received Import Request.
  Time since last request: 181169.051914 seconds.
  path: Assets/Prefabs/OptionsButton.prefab
  artifactKey: Guid(715a0913bc27f10469fec544e45aa5c6) Importer(815301076,1909f56bfc062723c751e8b465ee728b)
Start importing Assets/Prefabs/OptionsButton.prefab using Guid(715a0913bc27f10469fec544e45aa5c6) Importer(815301076,1909f56bfc062723c751e8b465ee728b)  -> (artifact id: 'cfabeb2960af7aac5a380213b163ae9e') in 0.118153 seconds 
========================================================================
Received Import Request.
  Time since last request: 0.000032 seconds.
  path: Assets/Prefabs/TimerCanvas.prefab
  artifactKey: Guid(0f707ff3b1ccc6a48b16f9f4efe96434) Importer(815301076,1909f56bfc062723c751e8b465ee728b)
Start importing Assets/Prefabs/TimerCanvas.prefab using Guid(0f707ff3b1ccc6a48b16f9f4efe96434) Importer(815301076,1909f56bfc062723c751e8b465ee728b)  -> (artifact id: 'c76a2e9b478ca9f925a20de4389d79b9') in 0.009690 seconds 
========================================================================
Received Import Request.
  Time since last request: 0.000037 seconds.
  path: Assets/Prefabs/Player 1.prefab
  artifactKey: Guid(2dd5a25cb4b04ea479f377ada4f2ae2c) Importer(815301076,1909f56bfc062723c751e8b465ee728b)
Start importing Assets/Prefabs/Player 1.prefab using Guid(2dd5a25cb4b04ea479f377ada4f2ae2c) Importer(815301076,1909f56bfc062723c751e8b465ee728b)  -> (artifact id: 'd4220626251b2cf021b482c8a4d9e10c') in 0.151292 seconds 
========================================================================
Received Import Request.
  Time since last request: 16.141443 seconds.
  path: Assets/Prefabs/ExitButton.prefab
  artifactKey: Guid(7b34812303fde7d49a17179eb7fccef3) Importer(815301076,1909f56bfc062723c751e8b465ee728b)
Start importing Assets/Prefabs/ExitButton.prefab using Guid(7b34812303fde7d49a17179eb7fccef3) Importer(815301076,1909f56bfc062723c751e8b465ee728b)  -> (artifact id: 'fc160f096ba707544fca89bcb654ec49') in 0.039644 seconds 
========================================================================
Received Import Request.
  Time since last request: 170.400875 seconds.
  path: Assets/Models/ty.fbx
  artifactKey: Guid(713576e2153f06e4f8c13861a9a81d19) Importer(815301076,1909f56bfc062723c751e8b465ee728b)
Start importing Assets/Models/ty.fbx using Guid(713576e2153f06e4f8c13861a9a81d19) Importer(815301076,1909f56bfc062723c751e8b465ee728b)  -> (artifact id: '14c3e68c552763284c53ed6215770f41') in 0.275757 seconds 
========================================================================
Received Import Request.
  Time since last request: 0.000041 seconds.
  path: Assets/Models/Boy_Hands_diffuse.png
  artifactKey: Guid(eb7bdaf461dc1d44294bcc0825cfb057) Importer(815301076,1909f56bfc062723c751e8b465ee728b)
Start importing Assets/Models/Boy_Hands_diffuse.png using Guid(eb7bdaf461dc1d44294bcc0825cfb057) Importer(815301076,1909f56bfc062723c751e8b465ee728b)  -> (artifact id: 'eddc48dc30b475af8bf9a49561a1ff58') in 0.049386 seconds 
========================================================================
Received Import Request.
  Time since last request: 64.322548 seconds.
  path: Assets/Materials/Models/OBJ format/stone_tallG.obj
  artifactKey: Guid(f9dd5ac72a0af0742880c87b75a42699) Importer(815301076,1909f56bfc062723c751e8b465ee728b)
Start importing Assets/Materials/Models/OBJ format/stone_tallG.obj using Guid(f9dd5ac72a0af0742880c87b75a42699) Importer(815301076,1909f56bfc062723c751e8b465ee728b)  -> (artifact id: '964a5a9f46894a0821660a7b9a0408ff') in 0.063170 seconds 
========================================================================
Received Import Request.
  Time since last request: 0.802785 seconds.
  path: Assets/Materials/FBX format/stone_tallJ.fbx
  artifactKey: Guid(0f20f92de1e7d854293be790484b7d67) Importer(815301076,1909f56bfc062723c751e8b465ee728b)
Start importing Assets/Materials/FBX format/stone_tallJ.fbx using Guid(0f20f92de1e7d854293be790484b7d67) Importer(815301076,1909f56bfc062723c751e8b465ee728b)  -> (artifact id: 'e08990f182da2f2e07590db9bd0ec916') in 0.048206 seconds 
========================================================================
Received Import Request.
  Time since last request: 51.966217 seconds.
  path: Assets/Materials/FBX format/mushroom_red.fbx
  artifactKey: Guid(6ebf036113ec2e444b77b46b0dca9cbe) Importer(815301076,1909f56bfc062723c751e8b465ee728b)
Start importing Assets/Materials/FBX format/mushroom_red.fbx using Guid(6ebf036113ec2e444b77b46b0dca9cbe) Importer(815301076,1909f56bfc062723c751e8b465ee728b)  -> (artifact id: '34e70155a342152c2190dc07966852a5') in 0.087585 seconds 
========================================================================
Received Import Request.
  Time since last request: 0.000032 seconds.
  path: Assets/Materials/Models/OBJ format/mushroom_red.obj
  artifactKey: Guid(e70bf88f4d2bb7b4bbe8d645b0b4f5cc) Importer(815301076,1909f56bfc062723c751e8b465ee728b)
Start importing Assets/Materials/Models/OBJ format/mushroom_red.obj using Guid(e70bf88f4d2bb7b4bbe8d645b0b4f5cc) Importer(815301076,1909f56bfc062723c751e8b465ee728b)  -> (artifact id: '8b355fe7e06a415f04ca1758db7ddd17') in 0.076082 seconds 
========================================================================
Received Import Request.
  Time since last request: 0.000264 seconds.
  path: Assets/Materials/FBX format/cliff_top_stone.fbx
  artifactKey: Guid(cde18c4717a29d2448488ce7605563ac) Importer(815301076,1909f56bfc062723c751e8b465ee728b)
Start importing Assets/Materials/FBX format/cliff_top_stone.fbx using Guid(cde18c4717a29d2448488ce7605563ac) Importer(815301076,1909f56bfc062723c751e8b465ee728b)  -> (artifact id: '68ac263df04237c3af0d1b1e12be0fda') in 0.053971 seconds 
========================================================================
Received Import Request.
  Time since last request: 0.000030 seconds.
  path: Assets/Materials/FBX format/cliff_topDiagonal_stone.fbx
  artifactKey: Guid(dbfff9bf2ae801c438b83c059df067a7) Importer(815301076,1909f56bfc062723c751e8b465ee728b)
Start importing Assets/Materials/FBX format/cliff_topDiagonal_stone.fbx using Guid(dbfff9bf2ae801c438b83c059df067a7) Importer(815301076,1909f56bfc062723c751e8b465ee728b)  -> (artifact id: '1d08a6ed357f5089e899df9fef44b55c') in 0.058167 seconds 
========================================================================
Received Import Request.
  Time since last request: 0.785128 seconds.
  path: Assets/Materials/Models/OBJ format/bridge_side_wood.obj
  artifactKey: Guid(b75ef6a8a6a54374f9b81088a46dc29d) Importer(815301076,1909f56bfc062723c751e8b465ee728b)
Start importing Assets/Materials/Models/OBJ format/bridge_side_wood.obj using Guid(b75ef6a8a6a54374f9b81088a46dc29d) Importer(815301076,1909f56bfc062723c751e8b465ee728b)  -> (artifact id: '6f2b1c470ec5b6f53fda8b32b41b0765') in 0.109714 seconds 
========================================================================
Received Import Request.
  Time since last request: 0.000036 seconds.
  path: Assets/Materials/FBX format/stone_smallI.fbx
  artifactKey: Guid(e844d5ae28dc0f747a441d09ed618491) Importer(815301076,1909f56bfc062723c751e8b465ee728b)
Start importing Assets/Materials/FBX format/stone_smallI.fbx using Guid(e844d5ae28dc0f747a441d09ed618491) Importer(815301076,1909f56bfc062723c751e8b465ee728b)  -> (artifact id: '5a5be167bff2e3d2f78dfdbea51f50da') in 0.050634 seconds 
========================================================================
Received Import Request.
  Time since last request: 0.000060 seconds.
  path: Assets/Materials/Models/OBJ format/stone_largeA.obj
  artifactKey: Guid(0900140a19bd422439818442a4bf1f68) Importer(815301076,1909f56bfc062723c751e8b465ee728b)
Start importing Assets/Materials/Models/OBJ format/stone_largeA.obj using Guid(0900140a19bd422439818442a4bf1f68) Importer(815301076,1909f56bfc062723c751e8b465ee728b)  -> (artifact id: '4f05f6c930ebf899f643207983320874') in 0.095543 seconds 
========================================================================
Received Import Request.
  Time since last request: 0.000030 seconds.
  path: Assets/Materials/FBX format/rock_smallH.fbx
  artifactKey: Guid(7dc16efa0a7410a498c8b12663f6edc3) Importer(815301076,1909f56bfc062723c751e8b465ee728b)
Start importing Assets/Materials/FBX format/rock_smallH.fbx using Guid(7dc16efa0a7410a498c8b12663f6edc3) Importer(815301076,1909f56bfc062723c751e8b465ee728b)  -> (artifact id: '57ed03004299a5aba5fd599686adc44e') in 0.180624 seconds 
========================================================================
Received Import Request.
  Time since last request: 0.000047 seconds.
  path: Assets/Materials/Models/OBJ format/statue_ring.obj
  artifactKey: Guid(27954b870042f3e489131347b2d267fe) Importer(815301076,1909f56bfc062723c751e8b465ee728b)
Start importing Assets/Materials/Models/OBJ format/statue_ring.obj using Guid(27954b870042f3e489131347b2d267fe) Importer(815301076,1909f56bfc062723c751e8b465ee728b)  -> (artifact id: '1e4bb9e46c9946d80dea2f1bf4d8719f') in 0.103589 seconds 
========================================================================
Received Import Request.
  Time since last request: 0.000048 seconds.
  path: Assets/Materials/FBX format/path_wood.fbx
  artifactKey: Guid(2c764f1af40c42646850324e35c96b70) Importer(815301076,1909f56bfc062723c751e8b465ee728b)
Start importing Assets/Materials/FBX format/path_wood.fbx using Guid(2c764f1af40c42646850324e35c96b70) Importer(815301076,1909f56bfc062723c751e8b465ee728b)  -> (artifact id: '66ee644d91bce0f7dac5341621997f3e') in 0.071852 seconds 
========================================================================
Received Import Request.
  Time since last request: 0.000032 seconds.
  path: Assets/Materials/FBX format/plant_bushTriangle.fbx
  artifactKey: Guid(de7a54ed1aa17d348ad95f18a4a3c883) Importer(815301076,1909f56bfc062723c751e8b465ee728b)
Start importing Assets/Materials/FBX format/plant_bushTriangle.fbx using Guid(de7a54ed1aa17d348ad95f18a4a3c883) Importer(815301076,1909f56bfc062723c751e8b465ee728b)  -> (artifact id: 'fd2b0b7f02a2ca939333f22be87127e7') in 0.060024 seconds 
========================================================================
Received Import Request.
  Time since last request: 0.000026 seconds.
  path: Assets/Materials/Models/OBJ format/cliff_cornerInnerLarge_stone.obj
  artifactKey: Guid(8028e33821fed4040b7a39d496d1a241) Importer(815301076,1909f56bfc062723c751e8b465ee728b)
Start importing Assets/Materials/Models/OBJ format/cliff_cornerInnerLarge_stone.obj using Guid(8028e33821fed4040b7a39d496d1a241) Importer(815301076,1909f56bfc062723c751e8b465ee728b)  -> (artifact id: '69b53a6d4445dfb69554e094eed9b00e') in 0.048081 seconds 
========================================================================
Received Import Request.
  Time since last request: 4.516320 seconds.
  path: Assets/Materials/Models/OBJ format/tree_detailed.obj
  artifactKey: Guid(1f074f1a3dd7df549b6c1381f9afb079) Importer(815301076,1909f56bfc062723c751e8b465ee728b)
Start importing Assets/Materials/Models/OBJ format/tree_detailed.obj using Guid(1f074f1a3dd7df549b6c1381f9afb079) Importer(815301076,1909f56bfc062723c751e8b465ee728b)  -> (artifact id: '868332c6fbd6e587a537aa3937493c60') in 0.085505 seconds 
========================================================================
Received Import Request.
  Time since last request: 0.000033 seconds.
  path: Assets/Materials/Models/OBJ format/mushroom_redTall.obj
  artifactKey: Guid(f05f2bdb240651a4ca2cd2b43d9822ae) Importer(815301076,1909f56bfc062723c751e8b465ee728b)
Start importing Assets/Materials/Models/OBJ format/mushroom_redTall.obj using Guid(f05f2bdb240651a4ca2cd2b43d9822ae) Importer(815301076,1909f56bfc062723c751e8b465ee728b)  -> (artifact id: 'fdfb4fef3a769272754f4af28f302f3e') in 0.096109 seconds 
========================================================================
Received Import Request.
  Time since last request: 0.000082 seconds.
  path: Assets/Materials/FBX format/ground_pathBendBank.fbx
  artifactKey: Guid(ee8d6d55c1ee8d14da1f10b55db8ddf2) Importer(815301076,1909f56bfc062723c751e8b465ee728b)
Start importing Assets/Materials/FBX format/ground_pathBendBank.fbx using Guid(ee8d6d55c1ee8d14da1f10b55db8ddf2) Importer(815301076,1909f56bfc062723c751e8b465ee728b)  -> (artifact id: '52582939e6b986faf69adf8c269d1f90') in 0.128788 seconds 
========================================================================
Received Import Request.
  Time since last request: 0.000042 seconds.
  path: Assets/Materials/FBX format/ground_riverCross.fbx
  artifactKey: Guid(ebc95ee5902838340a533934e57a56f8) Importer(815301076,1909f56bfc062723c751e8b465ee728b)
Start importing Assets/Materials/FBX format/ground_riverCross.fbx using Guid(ebc95ee5902838340a533934e57a56f8) Importer(815301076,1909f56bfc062723c751e8b465ee728b)  -> (artifact id: 'b798ceb082910d167edeb0e34c2e1465') in 0.081681 seconds 
========================================================================
Received Import Request.
  Time since last request: 0.000035 seconds.
  path: Assets/Materials/FBX format/stone_tallG.fbx
  artifactKey: Guid(ed80fcc2a794c0f4da3833a21a155dfc) Importer(815301076,1909f56bfc062723c751e8b465ee728b)
Start importing Assets/Materials/FBX format/stone_tallG.fbx using Guid(ed80fcc2a794c0f4da3833a21a155dfc) Importer(815301076,1909f56bfc062723c751e8b465ee728b)  -> (artifact id: '4ca8953735cf3a211e0252473946b3d6') in 0.065359 seconds 
========================================================================
Received Import Request.
  Time since last request: 0.000127 seconds.
  path: Assets/Materials/FBX format/cliff_rock.fbx
  artifactKey: Guid(431eef3fef82f6d40b71d269723ae0bf) Importer(815301076,1909f56bfc062723c751e8b465ee728b)
Start importing Assets/Materials/FBX format/cliff_rock.fbx using Guid(431eef3fef82f6d40b71d269723ae0bf) Importer(815301076,1909f56bfc062723c751e8b465ee728b)  -> (artifact id: 'da01c37e45d1033e63ee01c822d978ef') in 0.033199 seconds 
========================================================================
Received Import Request.
  Time since last request: 0.000030 seconds.
  path: Assets/Materials/Models/OBJ format/rock_smallFlatA.obj
  artifactKey: Guid(53f74f78904eb0945a097d61f418df1e) Importer(815301076,1909f56bfc062723c751e8b465ee728b)
Start importing Assets/Materials/Models/OBJ format/rock_smallFlatA.obj using Guid(53f74f78904eb0945a097d61f418df1e) Importer(815301076,1909f56bfc062723c751e8b465ee728b)  -> (artifact id: '4888bf00ab6c4891d83fbc3cb97c8bd0') in 0.053395 seconds 
========================================================================
Received Import Request.
  Time since last request: 0.000036 seconds.
  path: Assets/Materials/Models/FBX format/rock_smallF.fbx
  artifactKey: Guid(172b05d382f73bc409893b2893597252) Importer(815301076,1909f56bfc062723c751e8b465ee728b)
Start importing Assets/Materials/Models/FBX format/rock_smallF.fbx using Guid(172b05d382f73bc409893b2893597252) Importer(815301076,1909f56bfc062723c751e8b465ee728b)  -> (artifact id: 'c7ceac41b9a263a09076320ac7b488da') in 0.053220 seconds 
========================================================================
Received Import Request.
  Time since last request: 0.509497 seconds.
  path: Assets/Materials/Models/OBJ format/ground_pathSideOpen.obj
  artifactKey: Guid(bf804c1481c8b284bb2c536000ebfebb) Importer(815301076,1909f56bfc062723c751e8b465ee728b)
Start importing Assets/Materials/Models/OBJ format/ground_pathSideOpen.obj using Guid(bf804c1481c8b284bb2c536000ebfebb) Importer(815301076,1909f56bfc062723c751e8b465ee728b)  -> (artifact id: 'b9719a495a39799fc571c3bf35eb9885') in 0.100135 seconds 
========================================================================
Received Import Request.
  Time since last request: 0.000057 seconds.
  path: Assets/Materials/FBX format/cliff_stepsCornerInner_stone.fbx
  artifactKey: Guid(2b1865707b455d145abc5a8995f7eb84) Importer(815301076,1909f56bfc062723c751e8b465ee728b)
Start importing Assets/Materials/FBX format/cliff_stepsCornerInner_stone.fbx using Guid(2b1865707b455d145abc5a8995f7eb84) Importer(815301076,1909f56bfc062723c751e8b465ee728b)  -> (artifact id: '1a72459ba96e810a78a767ad59e742be') in 0.086833 seconds 
========================================================================
Received Import Request.
  Time since last request: 0.000065 seconds.
  path: Assets/Materials/Models/OBJ format/cliff_top_stone.obj
  artifactKey: Guid(c197d307554fbc84d9860034997e40c5) Importer(815301076,1909f56bfc062723c751e8b465ee728b)
Start importing Assets/Materials/Models/OBJ format/cliff_top_stone.obj using Guid(c197d307554fbc84d9860034997e40c5) Importer(815301076,1909f56bfc062723c751e8b465ee728b)  -> (artifact id: 'c06f194ddbf0db6d05e5d8e86983e093') in 0.169636 seconds 
========================================================================
Received Import Request.
  Time since last request: 0.000054 seconds.
  path: Assets/Materials/Models/OBJ format/cliff_blockSlopeWalls_stone.obj
  artifactKey: Guid(7279fe8a772c6c345965f8ab83ef5551) Importer(815301076,1909f56bfc062723c751e8b465ee728b)
Start importing Assets/Materials/Models/OBJ format/cliff_blockSlopeWalls_stone.obj using Guid(7279fe8a772c6c345965f8ab83ef5551) Importer(815301076,1909f56bfc062723c751e8b465ee728b)  -> (artifact id: '4d959639fce210e7ad44f5db0af4374e') in 0.093025 seconds 
========================================================================
Received Import Request.
  Time since last request: 0.002729 seconds.
  path: Assets/Materials/FBX format/tree_cone.fbx
  artifactKey: Guid(44c4bff60ea8a1543a3307f1e33f60dd) Importer(815301076,1909f56bfc062723c751e8b465ee728b)
Start importing Assets/Materials/FBX format/tree_cone.fbx using Guid(44c4bff60ea8a1543a3307f1e33f60dd) Importer(815301076,1909f56bfc062723c751e8b465ee728b)  -> (artifact id: 'd0826da64f38b7b6ba1a91c5d205ddfc') in 0.073739 seconds 
========================================================================
Received Import Request.
  Time since last request: 0.000043 seconds.
  path: Assets/Materials/Models/OBJ format/tree_palmTall.obj
  artifactKey: Guid(9a2998def505dc743874993a7c21b643) Importer(815301076,1909f56bfc062723c751e8b465ee728b)
Start importing Assets/Materials/Models/OBJ format/tree_palmTall.obj using Guid(9a2998def505dc743874993a7c21b643) Importer(815301076,1909f56bfc062723c751e8b465ee728b)  -> (artifact id: '9896efca365258edf357369f0896cff8') in 0.075472 seconds 
========================================================================
Received Import Request.
  Time since last request: 0.000029 seconds.
  path: Assets/Materials/FBX format/stone_smallTopA.fbx
  artifactKey: Guid(b05e514628f95a341bb2c58c7314c8f7) Importer(815301076,1909f56bfc062723c751e8b465ee728b)
Start importing Assets/Materials/FBX format/stone_smallTopA.fbx using Guid(b05e514628f95a341bb2c58c7314c8f7) Importer(815301076,1909f56bfc062723c751e8b465ee728b)  -> (artifact id: '81489c036e0f1f29d4f32febb9fdf3a4') in 0.047034 seconds 
========================================================================
Received Import Request.
  Time since last request: 0.000050 seconds.
  path: Assets/Materials/FBX format/cliff_diagonal_stone.fbx
  artifactKey: Guid(08a42316e7f121e4cb4c06a1615b864c) Importer(815301076,1909f56bfc062723c751e8b465ee728b)
Start importing Assets/Materials/FBX format/cliff_diagonal_stone.fbx using Guid(08a42316e7f121e4cb4c06a1615b864c) Importer(815301076,1909f56bfc062723c751e8b465ee728b)  -> (artifact id: 'f9ae32622b0e2e94326b0427312e4578') in 0.043603 seconds 
========================================================================
Received Import Request.
  Time since last request: 0.000044 seconds.
  path: Assets/Materials/Models/OBJ format/stone_smallFlatA.obj
  artifactKey: Guid(8b9820dba641cbb4aa52a2eb4feb3109) Importer(815301076,1909f56bfc062723c751e8b465ee728b)
Start importing Assets/Materials/Models/OBJ format/stone_smallFlatA.obj using Guid(8b9820dba641cbb4aa52a2eb4feb3109) Importer(815301076,1909f56bfc062723c751e8b465ee728b)  -> (artifact id: '4926034e35c806ce76c5aa73752b4b04') in 0.070579 seconds 
========================================================================
Received Import Request.
  Time since last request: 0.000037 seconds.
  path: Assets/Materials/FBX format/bridge_woodRoundNarrow.fbx
  artifactKey: Guid(72da1eb56d196a44591efc1d5427e282) Importer(815301076,1909f56bfc062723c751e8b465ee728b)
Start importing Assets/Materials/FBX format/bridge_woodRoundNarrow.fbx using Guid(72da1eb56d196a44591efc1d5427e282) Importer(815301076,1909f56bfc062723c751e8b465ee728b)  -> (artifact id: '53cd6ca3724423b0b2b8c55cfa3595ee') in 0.105003 seconds 
========================================================================
Received Import Request.
  Time since last request: 0.000038 seconds.
  path: Assets/Materials/Models/OBJ format/cliff_large_stone.obj
  artifactKey: Guid(da42cf763a249b34a895894e6a4cfa75) Importer(815301076,1909f56bfc062723c751e8b465ee728b)
Start importing Assets/Materials/Models/OBJ format/cliff_large_stone.obj using Guid(da42cf763a249b34a895894e6a4cfa75) Importer(815301076,1909f56bfc062723c751e8b465ee728b)  -> (artifact id: 'b0ee765bb3a139f9fa75dcc89a8de9a4') in 0.059872 seconds 
========================================================================
Received Import Request.
  Time since last request: 0.000058 seconds.
  path: Assets/Materials/FBX format/bridge_side_wood.fbx
  artifactKey: Guid(3bf72fb852b28fa428d4e6acb18e7e3c) Importer(815301076,1909f56bfc062723c751e8b465ee728b)
Start importing Assets/Materials/FBX format/bridge_side_wood.fbx using Guid(3bf72fb852b28fa428d4e6acb18e7e3c) Importer(815301076,1909f56bfc062723c751e8b465ee728b)  -> (artifact id: '22c450a8d7136c9796dbc6e5397b50a9') in 0.104968 seconds 
========================================================================
Received Import Request.
  Time since last request: 0.000038 seconds.
  path: Assets/Materials/FBX format/cliff_waterfall_stone.fbx
  artifactKey: Guid(f251157e2d6fab94e80271572d68354c) Importer(815301076,1909f56bfc062723c751e8b465ee728b)
Start importing Assets/Materials/FBX format/cliff_waterfall_stone.fbx using Guid(f251157e2d6fab94e80271572d68354c) Importer(815301076,1909f56bfc062723c751e8b465ee728b)  -> (artifact id: '8f4637fd3bd29e08db2275b3d45843b7') in 0.057277 seconds 
========================================================================
Received Import Request.
  Time since last request: 0.000026 seconds.
  path: Assets/Materials/Models/OBJ format/path_stoneCircle.obj
  artifactKey: Guid(741651f7e0d3d614db7a8525c34e362f) Importer(815301076,1909f56bfc062723c751e8b465ee728b)
Start importing Assets/Materials/Models/OBJ format/path_stoneCircle.obj using Guid(741651f7e0d3d614db7a8525c34e362f) Importer(815301076,1909f56bfc062723c751e8b465ee728b)  -> (artifact id: '57bda83d1b832f2c057a15846c182a0e') in 0.074675 seconds 
========================================================================
Received Import Request.
  Time since last request: 0.000051 seconds.
  path: Assets/Materials/Models/OBJ format/ground_riverOpen.obj
  artifactKey: Guid(1d7ec6bdd83a11348a2cff33b6a6f922) Importer(815301076,1909f56bfc062723c751e8b465ee728b)
Start importing Assets/Materials/Models/OBJ format/ground_riverOpen.obj using Guid(1d7ec6bdd83a11348a2cff33b6a6f922) Importer(815301076,1909f56bfc062723c751e8b465ee728b)  -> (artifact id: '9d4a0104aa9bacaa5e9b4d85cf62c929') in 0.047683 seconds 
========================================================================
Received Import Request.
  Time since last request: 0.000053 seconds.
  path: Assets/TextMesh Pro/Resources/Fonts & Materials/LiberationSans SDF.asset
  artifactKey: Guid(8f586378b4e144a9851e7b34d9b748ee) Importer(815301076,1909f56bfc062723c751e8b465ee728b)
Start importing Assets/TextMesh Pro/Resources/Fonts & Materials/LiberationSans SDF.asset using Guid(8f586378b4e144a9851e7b34d9b748ee) Importer(815301076,1909f56bfc062723c751e8b465ee728b)  -> (artifact id: '82534ad9992687e9d1d51d238a58b8ec') in 0.076531 seconds 
========================================================================
Received Import Request.
  Time since last request: 0.000026 seconds.
  path: Assets/Materials/Models/OBJ format/statue_columnDamaged.obj
  artifactKey: Guid(9997a0e550e0adb4090718a2680dc4f5) Importer(815301076,1909f56bfc062723c751e8b465ee728b)
Start importing Assets/Materials/Models/OBJ format/statue_columnDamaged.obj using Guid(9997a0e550e0adb4090718a2680dc4f5) Importer(815301076,1909f56bfc062723c751e8b465ee728b)  -> (artifact id: '64b6a2881accb47a777fc901cbf14e07') in 0.092088 seconds 
========================================================================
Received Import Request.
  Time since last request: 0.000036 seconds.
  path: Assets/Materials/Models/OBJ format/bridge_side_stone.obj
  artifactKey: Guid(efcdf90c0fe450c498f15b20b31c3a5f) Importer(815301076,1909f56bfc062723c751e8b465ee728b)
Start importing Assets/Materials/Models/OBJ format/bridge_side_stone.obj using Guid(efcdf90c0fe450c498f15b20b31c3a5f) Importer(815301076,1909f56bfc062723c751e8b465ee728b)  -> (artifact id: '49615b542da132f81388b301a52d6d35') in 0.069648 seconds 
========================================================================
Received Import Request.
  Time since last request: 0.000049 seconds.
  path: Assets/Materials/Models/OBJ format/campfire_bricks.obj
  artifactKey: Guid(011bd1cd1bf59fd4bbd1549e10fb45c3) Importer(815301076,1909f56bfc062723c751e8b465ee728b)
Start importing Assets/Materials/Models/OBJ format/campfire_bricks.obj using Guid(011bd1cd1bf59fd4bbd1549e10fb45c3) Importer(815301076,1909f56bfc062723c751e8b465ee728b)  -> (artifact id: '5f2b5c16b688a93c51277ef8a5d7da47') in 0.051870 seconds 
========================================================================
Received Import Request.
  Time since last request: 142.206566 seconds.
  path: Assets/Models/Boy_Shoes_diffuse 1.png
  artifactKey: Guid(5ded273b14aabae44a18483d4aa110be) Importer(815301076,1909f56bfc062723c751e8b465ee728b)
Start importing Assets/Models/Boy_Shoes_diffuse 1.png using Guid(5ded273b14aabae44a18483d4aa110be) Importer(815301076,1909f56bfc062723c751e8b465ee728b)  -> (artifact id: '737ab742d44182dd9d3a19fc19ed339e') in 0.148181 seconds 
========================================================================
Received Import Request.
  Time since last request: 2.860846 seconds.
  path: Assets/Models/Boy_Scarf_diffuse 1.png
  artifactKey: Guid(72aae96a713e7a0468d6e6ca8cee8f82) Importer(815301076,1909f56bfc062723c751e8b465ee728b)
Start importing Assets/Models/Boy_Scarf_diffuse 1.png using Guid(72aae96a713e7a0468d6e6ca8cee8f82) Importer(815301076,1909f56bfc062723c751e8b465ee728b)  -> (artifact id: '5929372b2054a0f40afa39bdfbc85ca1') in 0.017278 seconds 
========================================================================
Received Import Request.
  Time since last request: 0.165211 seconds.
  path: Assets/Models/Boy_LowerBody_diffuse 1.png
  artifactKey: Guid(e271780d5118c2d4badebd590e72e2a1) Importer(815301076,1909f56bfc062723c751e8b465ee728b)
Start importing Assets/Models/Boy_LowerBody_diffuse 1.png using Guid(e271780d5118c2d4badebd590e72e2a1) Importer(815301076,1909f56bfc062723c751e8b465ee728b)  -> (artifact id: '7b5a92008636e44bdf8c045fbe0ea895') in 0.020693 seconds 
========================================================================
Received Import Request.
  Time since last request: 0.035042 seconds.
  path: Assets/Models/Boy_Hands_diffuse 1.png
  artifactKey: Guid(fada139ebc40ace499920f80f56e572b) Importer(815301076,1909f56bfc062723c751e8b465ee728b)
Start importing Assets/Models/Boy_Hands_diffuse 1.png using Guid(fada139ebc40ace499920f80f56e572b) Importer(815301076,1909f56bfc062723c751e8b465ee728b)  -> (artifact id: 'b9a32e38eb459c745ed1e1de9ccdfe9b') in 0.015453 seconds 
========================================================================
Received Import Request.
  Time since last request: 0.184000 seconds.
  path: Assets/Models/Boy_Hair_diffuse 1.png
  artifactKey: Guid(d5680a06dbc3fe54889d38b2f48fde7a) Importer(815301076,1909f56bfc062723c751e8b465ee728b)
Start importing Assets/Models/Boy_Hair_diffuse 1.png using Guid(d5680a06dbc3fe54889d38b2f48fde7a) Importer(815301076,1909f56bfc062723c751e8b465ee728b)  -> (artifact id: '51850b08a4961066e48ea5a0a6194d48') in 0.031653 seconds 
========================================================================
Received Import Request.
  Time since last request: 97.358435 seconds.
  path: Assets/Models/ty (1).fbx
  artifactKey: Guid(3414101c20d8b0c499950647fd9dc40f) Importer(815301076,1909f56bfc062723c751e8b465ee728b)
Start importing Assets/Models/ty (1).fbx using Guid(3414101c20d8b0c499950647fd9dc40f) Importer(815301076,1909f56bfc062723c751e8b465ee728b)  -> (artifact id: '3fec17d19ddbc057eb1bf737f5532ecf') in 0.120446 seconds 
========================================================================
Received Import Request.
  Time since last request: 29.562354 seconds.
  path: Assets/Models/ty (1).fbx
  artifactKey: Guid(3414101c20d8b0c499950647fd9dc40f) Importer(815301076,1909f56bfc062723c751e8b465ee728b)
Start importing Assets/Models/ty (1).fbx using Guid(3414101c20d8b0c499950647fd9dc40f) Importer(815301076,1909f56bfc062723c751e8b465ee728b)  -> (artifact id: 'ef6bf0de3e8648257ee0ff09be304ea9') in 0.100655 seconds 
========================================================================
Received Import Request.
  Time since last request: 51.134510 seconds.
  path: Assets/Models/ty (1).fbx
  artifactKey: Guid(3414101c20d8b0c499950647fd9dc40f) Importer(815301076,1909f56bfc062723c751e8b465ee728b)
Start importing Assets/Models/ty (1).fbx using Guid(3414101c20d8b0c499950647fd9dc40f) Importer(815301076,1909f56bfc062723c751e8b465ee728b)  -> (artifact id: '29f9b3215191f69cdd6dee5e1c568b16') in 0.109098 seconds 
========================================================================
Received Import Request.
  Time since last request: 0.373302 seconds.
  path: Assets/Models/Boy_Hair_diffuse.png
  artifactKey: Guid(dfef86f149e12ac4791364f50112f5d8) Importer(815301076,1909f56bfc062723c751e8b465ee728b)
Start importing Assets/Models/Boy_Hair_diffuse.png using Guid(dfef86f149e12ac4791364f50112f5d8) Importer(815301076,1909f56bfc062723c751e8b465ee728b)  -> (artifact id: '5bd359f3d9099440ae281dbcc79cf22b') in 0.023075 seconds 
========================================================================
Received Import Request.
  Time since last request: 0.055808 seconds.
  path: Assets/Models/Boy_Head_diffuse.png
  artifactKey: Guid(cf7a76f7fc15dd145821fc584dad3dd8) Importer(815301076,1909f56bfc062723c751e8b465ee728b)
Start importing Assets/Models/Boy_Head_diffuse.png using Guid(cf7a76f7fc15dd145821fc584dad3dd8) Importer(815301076,1909f56bfc062723c751e8b465ee728b)  -> (artifact id: '3aa73cd8ea40d04ddf7a9326cffa1245') in 0.014072 seconds 
========================================================================
Received Import Request.
  Time since last request: 0.069939 seconds.
  path: Assets/Models/Boy_Scarf_diffuse.png
  artifactKey: Guid(be96b92b2c3328b439b17ee25f1f3c3d) Importer(815301076,1909f56bfc062723c751e8b465ee728b)
Start importing Assets/Models/Boy_Scarf_diffuse.png using Guid(be96b92b2c3328b439b17ee25f1f3c3d) Importer(815301076,1909f56bfc062723c751e8b465ee728b)  -> (artifact id: 'ea0bd23457fd74ac4c5d97d78d16f4af') in 0.018266 seconds 
========================================================================
Received Import Request.
  Time since last request: 0.383186 seconds.
  path: Assets/Models/Boy_UpperBody_diffuse.png
  artifactKey: Guid(fcf15c65508373c4ca708dfcd2ce6c66) Importer(815301076,1909f56bfc062723c751e8b465ee728b)
Start importing Assets/Models/Boy_UpperBody_diffuse.png using Guid(fcf15c65508373c4ca708dfcd2ce6c66) Importer(815301076,1909f56bfc062723c751e8b465ee728b)  -> (artifact id: '3e2caa2100a92607fbb3b1306fddbb26') in 0.016647 seconds 
========================================================================
Received Import Request.
  Time since last request: 105.383791 seconds.
  path: Assets/Prefabs/Player 1.prefab
  artifactKey: Guid(2dd5a25cb4b04ea479f377ada4f2ae2c) Importer(815301076,1909f56bfc062723c751e8b465ee728b)
Start importing Assets/Prefabs/Player 1.prefab using Guid(2dd5a25cb4b04ea479f377ada4f2ae2c) Importer(815301076,1909f56bfc062723c751e8b465ee728b)  -> (artifact id: 'b8364d22c1583a3a81de9b6d4dbf0563') in 0.013180 seconds 
========================================================================
Received Prepare
Registering precompiled user dll's ...
Registered in 0.005016 seconds.
Begin MonoManager ReloadAssembly
Symbol file LoadedFromMemory doesn't match image C:\Users\Valued Customer\Desktop\unity-animation\Library\PackageCache\com.unity.visualscripting@1.8.0\Editor\VisualScripting.Core\Dependencies\YamlDotNet\Unity.VisualScripting.YamlDotNet.dll
Symbol file LoadedFromMemory doesn't match image C:\Users\Valued Customer\Desktop\unity-animation\Library\PackageCache\com.unity.visualscripting@1.8.0\Editor\VisualScripting.Core\Dependencies\DotNetZip\Unity.VisualScripting.IonicZip.dll
Native extension for WindowsStandalone target not found
Refreshing native plugins compatible for Editor in 1.40 ms, found 3 plugins.
Preloading 0 native plugins for Editor in 0.00 ms.
Mono: successfully reloaded assembly
- Completed reload, in  2.736 seconds
Domain Reload Profiling:
	ReloadAssembly (2740ms)
		BeginReloadAssembly (569ms)
			ExecutionOrderSort (0ms)
			DisableScriptedObjects (38ms)
			BackupInstance (0ms)
			ReleaseScriptingObjects (0ms)
			CreateAndSetChildDomain (225ms)
		EndReloadAssembly (1912ms)
			LoadAssemblies (271ms)
			RebuildTransferFunctionScriptingTraits (0ms)
			SetupTypeCache (591ms)
			ReleaseScriptCaches (2ms)
			RebuildScriptCaches (140ms)
			SetupLoadedEditorAssemblies (858ms)
				LogAssemblyErrors (0ms)
				InitializePlatformSupportModulesInManaged (37ms)
				SetLoadedEditorAssemblies (2ms)
				RefreshPlugins (2ms)
				BeforeProcessingInitializeOnLoad (131ms)
				ProcessInitializeOnLoadAttributes (623ms)
				ProcessInitializeOnLoadMethodAttributes (49ms)
				AfterProcessingInitializeOnLoad (14ms)
				EditorAssembliesLoaded (0ms)
			ExecutionOrderSort2 (0ms)
			AwakeInstancesAfterBackupRestoration (17ms)
Platform modules already initialized, skipping
Refreshing native plugins compatible for Editor in 12.04 ms, found 3 plugins.
Preloading 0 native plugins for Editor in 0.00 ms.
Unloading 3083 Unused Serialized files (Serialized files now loaded: 0)
Unloading 16 unused Assets / (96.1 KB). Loaded Objects now: 3634.
Memory consumption went from 129.8 MB to 129.7 MB.
Total: 7.472900 ms (FindLiveObjects: 0.461100 ms CreateObjectMapping: 0.332100 ms MarkObjects: 6.614900 ms  DeleteObjects: 0.063400 ms)

AssetImportParameters requested are different than current active one (requested -> active):
  custom:video-decoder-ogg-theora: a1e56fd34408186e4bbccfd4996cb3dc -> 
  custom:container-muxer-webm: aa71ff27fc2769a1b78a27578f13a17b -> 
  custom:container-demuxer-webm: 4f35f7cbe854078d1ac9338744f61a02 -> 
  custom:video-encoder-webm-vp8: eb34c28f22e8b96e1ab97ce403110664 -> 
  custom:audio-encoder-webm-vorbis: bf7c407c2cedff20999df2af8eb42d56 -> 
  custom:framework-win-MediaFoundation: 216162199b28c13a410421893ffa2e32 -> 
  custom:container-demuxer-ogg: 62fdf1f143b41e24485cea50d1cbac27 -> 
  custom:video-decoder-webm-vp8: 9c59270c3fd7afecdb556c50c9e8de78 -> 
  custom:audio-decoder-ogg-vorbis: bf7c407c2cedff20999df2af8eb42d56 -> 
