Using pre-set license
Built from '2021.3/staging' branch; Version is '2021.3.18f1 (3129e69bc0c7) revision 3221990'; Using compiler version '192829333'; Build Type 'Release'
OS: 'Windows 11  (10.0.22621) 64bit Core' Language: 'en' Physical Memory: 7973 MB
BatchMode: 1, IsHumanControllingUs: 0, StartBugReporterOnCrash: 0, Is64bit: 1, IsPro: 1

COMMAND LINE ARGUMENTS:
C:\Program Files\Unity\Hub\Editor\2021.3.18f1\Editor\Unity.exe
-adb2
-batchMode
-noUpm
-name
AssetImportWorker3
-projectPath
C:/Users/Valued Customer/Desktop/unity-animation
-logFile
Logs/AssetImportWorker3.log
-srvPort
58739
Successfully changed project path to: C:/Users/Valued Customer/Desktop/unity-animation
C:/Users/Valued Customer/Desktop/unity-animation
[UnityMemory] Configuration Parameters - Can be set up in boot.config
    "memorysetup-bucket-allocator-granularity=16"
    "memorysetup-bucket-allocator-bucket-count=8"
    "memorysetup-bucket-allocator-block-size=33554432"
    "memorysetup-bucket-allocator-block-count=8"
    "memorysetup-main-allocator-block-size=16777216"
    "memorysetup-thread-allocator-block-size=16777216"
    "memorysetup-gfx-main-allocator-block-size=16777216"
    "memorysetup-gfx-thread-allocator-block-size=16777216"
    "memorysetup-cache-allocator-block-size=4194304"
    "memorysetup-typetree-allocator-block-size=2097152"
    "memorysetup-profiler-bucket-allocator-granularity=16"
    "memorysetup-profiler-bucket-allocator-bucket-count=8"
    "memorysetup-profiler-bucket-allocator-block-size=33554432"
    "memorysetup-profiler-bucket-allocator-block-count=8"
    "memorysetup-profiler-allocator-block-size=16777216"
    "memorysetup-profiler-editor-allocator-block-size=1048576"
    "memorysetup-temp-allocator-size-main=16777216"
    "memorysetup-job-temp-allocator-block-size=2097152"
    "memorysetup-job-temp-allocator-block-size-background=1048576"
    "memorysetup-job-temp-allocator-reduction-small-platforms=262144"
    "memorysetup-temp-allocator-size-background-worker=32768"
    "memorysetup-temp-allocator-size-job-worker=262144"
    "memorysetup-temp-allocator-size-preload-manager=33554432"
    "memorysetup-temp-allocator-size-nav-mesh-worker=65536"
    "memorysetup-temp-allocator-size-audio-worker=65536"
    "memorysetup-temp-allocator-size-cloud-worker=32768"
    "memorysetup-temp-allocator-size-gi-baking-worker=262144"
    "memorysetup-temp-allocator-size-gfx=262144"
Player connection [3204] Host "[IP] 192.168.12.225 [Port] 0 [Flags] 2 [Guid] 3215969842 [EditorId] 3215969842 [Version] 1048832 [Id] WindowsEditor(7,DESKTOP-S70E99H) [Debug] 1 [PackageName] WindowsEditor [ProjectName] Editor" joined multi-casting on [225.0.0.222:54997]...

Player connection [3204] Host "[IP] 192.168.12.225 [Port] 0 [Flags] 2 [Guid] 3215969842 [EditorId] 3215969842 [Version] 1048832 [Id] WindowsEditor(7,DESKTOP-S70E99H) [Debug] 1 [PackageName] WindowsEditor [ProjectName] Editor" joined alternative multi-casting on [225.0.0.222:34997]...

Refreshing native plugins compatible for Editor in 106.50 ms, found 3 plugins.
Preloading 0 native plugins for Editor in 0.00 ms.
Initialize engine version: 2021.3.18f1 (3129e69bc0c7)
[Subsystems] Discovering subsystems at path C:/Program Files/Unity/Hub/Editor/2021.3.18f1/Editor/Data/Resources/UnitySubsystems
[Subsystems] Discovering subsystems at path C:/Users/Valued Customer/Desktop/unity-animation/Assets
GfxDevice: creating device client; threaded=0; jobified=0
Direct3D:
    Version:  Direct3D 11.0 [level 11.1]
    Renderer: Intel(R) UHD Graphics (ID=0x9b41)
    Vendor:   Intel
    VRAM:     3986 MB
    Driver:   26.20.100.7870
Initialize mono
Mono path[0] = 'C:/Program Files/Unity/Hub/Editor/2021.3.18f1/Editor/Data/Managed'
Mono path[1] = 'C:/Program Files/Unity/Hub/Editor/2021.3.18f1/Editor/Data/MonoBleedingEdge/lib/mono/unityjit-win32'
Mono config path = 'C:/Program Files/Unity/Hub/Editor/2021.3.18f1/Editor/Data/MonoBleedingEdge/etc'
Using monoOptions --debugger-agent=transport=dt_socket,embedding=1,server=y,suspend=n,address=127.0.0.1:56756
Begin MonoManager ReloadAssembly
Registering precompiled unity dll's ...
Register platform support module: C:/Program Files/Unity/Hub/Editor/2021.3.18f1/Editor/Data/PlaybackEngines/WindowsStandaloneSupport/UnityEditor.WindowsStandalone.Extensions.dll
Registered in 0.006895 seconds.
Native extension for WindowsStandalone target not found
Refreshing native plugins compatible for Editor in 129.89 ms, found 3 plugins.
Preloading 0 native plugins for Editor in 0.00 ms.
Mono: successfully reloaded assembly
- Completed reload, in  0.891 seconds
Domain Reload Profiling:
	ReloadAssembly (891ms)
		BeginReloadAssembly (74ms)
			ExecutionOrderSort (0ms)
			DisableScriptedObjects (0ms)
			BackupInstance (0ms)
			ReleaseScriptingObjects (0ms)
			CreateAndSetChildDomain (1ms)
		EndReloadAssembly (685ms)
			LoadAssemblies (73ms)
			RebuildTransferFunctionScriptingTraits (0ms)
			SetupTypeCache (110ms)
			ReleaseScriptCaches (0ms)
			RebuildScriptCaches (36ms)
			SetupLoadedEditorAssemblies (483ms)
				LogAssemblyErrors (0ms)
				InitializePlatformSupportModulesInManaged (19ms)
				SetLoadedEditorAssemblies (0ms)
				RefreshPlugins (130ms)
				BeforeProcessingInitializeOnLoad (1ms)
				ProcessInitializeOnLoadAttributes (276ms)
				ProcessInitializeOnLoadMethodAttributes (56ms)
				AfterProcessingInitializeOnLoad (0ms)
				EditorAssembliesLoaded (0ms)
			ExecutionOrderSort2 (0ms)
			AwakeInstancesAfterBackupRestoration (0ms)
Platform modules already initialized, skipping
Registering precompiled user dll's ...
Registered in 0.004888 seconds.
Begin MonoManager ReloadAssembly
Symbol file LoadedFromMemory doesn't match image C:\Users\Valued Customer\Desktop\unity-animation\Library\PackageCache\com.unity.visualscripting@1.8.0\Editor\VisualScripting.Core\Dependencies\YamlDotNet\Unity.VisualScripting.YamlDotNet.dll
Symbol file LoadedFromMemory doesn't match image C:\Users\Valued Customer\Desktop\unity-animation\Library\PackageCache\com.unity.visualscripting@1.8.0\Editor\VisualScripting.Core\Dependencies\DotNetZip\Unity.VisualScripting.IonicZip.dll
Native extension for WindowsStandalone target not found
Refreshing native plugins compatible for Editor in 0.79 ms, found 3 plugins.
Preloading 0 native plugins for Editor in 0.00 ms.
Mono: successfully reloaded assembly
- Completed reload, in  1.184 seconds
Domain Reload Profiling:
	ReloadAssembly (1185ms)
		BeginReloadAssembly (120ms)
			ExecutionOrderSort (0ms)
			DisableScriptedObjects (7ms)
			BackupInstance (0ms)
			ReleaseScriptingObjects (0ms)
			CreateAndSetChildDomain (21ms)
		EndReloadAssembly (948ms)
			LoadAssemblies (78ms)
			RebuildTransferFunctionScriptingTraits (0ms)
			SetupTypeCache (250ms)
			ReleaseScriptCaches (1ms)
			RebuildScriptCaches (60ms)
			SetupLoadedEditorAssemblies (518ms)
				LogAssemblyErrors (0ms)
				InitializePlatformSupportModulesInManaged (5ms)
				SetLoadedEditorAssemblies (1ms)
				RefreshPlugins (1ms)
				BeforeProcessingInitializeOnLoad (82ms)
				ProcessInitializeOnLoadAttributes (397ms)
				ProcessInitializeOnLoadMethodAttributes (26ms)
				AfterProcessingInitializeOnLoad (6ms)
				EditorAssembliesLoaded (0ms)
			ExecutionOrderSort2 (0ms)
			AwakeInstancesAfterBackupRestoration (8ms)
Platform modules already initialized, skipping
========================================================================
Worker process is ready to serve import requests
Launched and connected shader compiler UnityShaderCompiler.exe after 0.06 seconds
Refreshing native plugins compatible for Editor in 0.69 ms, found 3 plugins.
Preloading 0 native plugins for Editor in 0.00 ms.
Unloading 3102 Unused Serialized files (Serialized files now loaded: 0)
Unloading 34 unused Assets / (129.0 KB). Loaded Objects now: 3567.
Memory consumption went from 114.1 MB to 113.9 MB.
Total: 3.213400 ms (FindLiveObjects: 0.293400 ms CreateObjectMapping: 0.196400 ms MarkObjects: 2.628600 ms  DeleteObjects: 0.093200 ms)

AssetImportParameters requested are different than current active one (requested -> active):
  custom:video-decoder-ogg-theora: a1e56fd34408186e4bbccfd4996cb3dc -> 
  custom:container-muxer-webm: aa71ff27fc2769a1b78a27578f13a17b -> 
  custom:container-demuxer-webm: 4f35f7cbe854078d1ac9338744f61a02 -> 
  custom:video-encoder-webm-vp8: eb34c28f22e8b96e1ab97ce403110664 -> 
  custom:audio-encoder-webm-vorbis: bf7c407c2cedff20999df2af8eb42d56 -> 
  custom:framework-win-MediaFoundation: 216162199b28c13a410421893ffa2e32 -> 
  custom:container-demuxer-ogg: 62fdf1f143b41e24485cea50d1cbac27 -> 
  custom:video-decoder-webm-vp8: 9c59270c3fd7afecdb556c50c9e8de78 -> 
  custom:audio-decoder-ogg-vorbis: bf7c407c2cedff20999df2af8eb42d56 -> 
========================================================================
Received Import Request.
  Time since last request: 179034.749942 seconds.
  path: Assets/Materials/Models/DAE format/statue_head.dae
  artifactKey: Guid(c86d92dc0eead4946b3e2fa170284c2f) Importer(815301076,1909f56bfc062723c751e8b465ee728b)
Start importing Assets/Materials/Models/DAE format/statue_head.dae using Guid(c86d92dc0eead4946b3e2fa170284c2f) Importer(815301076,1909f56bfc062723c751e8b465ee728b)  -> (artifact id: '205fcc602d4ce36f35bd051a37e4d84b') in 0.258648 seconds 
========================================================================
Received Import Request.
  Time since last request: 9.028811 seconds.
  path: Assets/Materials/Models/DAE format/rock_tallJ.dae
  artifactKey: Guid(32c582e9053fd2243aa29a693c8038a9) Importer(815301076,1909f56bfc062723c751e8b465ee728b)
Start importing Assets/Materials/Models/DAE format/rock_tallJ.dae using Guid(32c582e9053fd2243aa29a693c8038a9) Importer(815301076,1909f56bfc062723c751e8b465ee728b)  -> (artifact id: 'e62972c20cdb1926e184b50a94194c88') in 0.033482 seconds 
========================================================================
Received Import Request.
  Time since last request: 1.440784 seconds.
  path: Assets/Materials/Models/DAE format/cliff_halfCornerInner_stone.dae
  artifactKey: Guid(b28c98c52e6df1440a0bc1052867fdf7) Importer(815301076,1909f56bfc062723c751e8b465ee728b)
Start importing Assets/Materials/Models/DAE format/cliff_halfCornerInner_stone.dae using Guid(b28c98c52e6df1440a0bc1052867fdf7) Importer(815301076,1909f56bfc062723c751e8b465ee728b)  -> (artifact id: 'a38ffbe6b5e7f7c0980bced342c2abff') in 0.067772 seconds 
========================================================================
Received Import Request.
  Time since last request: 0.000044 seconds.
  path: Assets/Materials/Models/OBJ format/rock_largeB.obj
  artifactKey: Guid(d177b51f68a47dc48a777042e48119d5) Importer(815301076,1909f56bfc062723c751e8b465ee728b)
Start importing Assets/Materials/Models/OBJ format/rock_largeB.obj using Guid(d177b51f68a47dc48a777042e48119d5) Importer(815301076,1909f56bfc062723c751e8b465ee728b)  -> (artifact id: '2b893527fb8186d4c71ed4fe5f70a95a') in 0.139789 seconds 
========================================================================
Received Import Request.
  Time since last request: 0.000048 seconds.
  path: Assets/Materials/FBX format/tent_detailedOpen.fbx
  artifactKey: Guid(dd12003f6b483344a9b1adf9ffd32ecb) Importer(815301076,1909f56bfc062723c751e8b465ee728b)
Start importing Assets/Materials/FBX format/tent_detailedOpen.fbx using Guid(dd12003f6b483344a9b1adf9ffd32ecb) Importer(815301076,1909f56bfc062723c751e8b465ee728b)  -> (artifact id: '7564462d9f6c78553ae0eae7b43ce99b') in 0.054218 seconds 
========================================================================
Received Import Request.
  Time since last request: 0.000030 seconds.
  path: Assets/Materials/FBX format/rock_tallG.fbx
  artifactKey: Guid(e211638b18671a74c9c2f9cc7be695cb) Importer(815301076,1909f56bfc062723c751e8b465ee728b)
Start importing Assets/Materials/FBX format/rock_tallG.fbx using Guid(e211638b18671a74c9c2f9cc7be695cb) Importer(815301076,1909f56bfc062723c751e8b465ee728b)  -> (artifact id: '37a611cb100cb32632a530eac7c36b97') in 0.082379 seconds 
========================================================================
Received Import Request.
  Time since last request: 0.000031 seconds.
  path: Assets/Materials/Models/OBJ format/crops_dirtRowEnd.obj
  artifactKey: Guid(01345a5c4fa045a4eaec6c9aa7196237) Importer(815301076,1909f56bfc062723c751e8b465ee728b)
Start importing Assets/Materials/Models/OBJ format/crops_dirtRowEnd.obj using Guid(01345a5c4fa045a4eaec6c9aa7196237) Importer(815301076,1909f56bfc062723c751e8b465ee728b)  -> (artifact id: 'e3917bf6d48493108cb93fa9717d0276') in 0.062236 seconds 
========================================================================
Received Import Request.
  Time since last request: 0.000034 seconds.
  path: Assets/Materials/Models/DAE format/cliff_cave_rock.dae
  artifactKey: Guid(e8371f401d2a90942b6dfb0cf2f2f28d) Importer(815301076,1909f56bfc062723c751e8b465ee728b)
Start importing Assets/Materials/Models/DAE format/cliff_cave_rock.dae using Guid(e8371f401d2a90942b6dfb0cf2f2f28d) Importer(815301076,1909f56bfc062723c751e8b465ee728b)  -> (artifact id: '16ac4bc5429802f381f298ab95232a4f') in 0.041800 seconds 
========================================================================
Received Import Request.
  Time since last request: 0.000060 seconds.
  path: Assets/Materials/FBX format/lily_large.fbx
  artifactKey: Guid(155f02437385ab7408432ddb5dd3e991) Importer(815301076,1909f56bfc062723c751e8b465ee728b)
Start importing Assets/Materials/FBX format/lily_large.fbx using Guid(155f02437385ab7408432ddb5dd3e991) Importer(815301076,1909f56bfc062723c751e8b465ee728b)  -> (artifact id: '79d34aa5258f41ec029985f13daccf8e') in 0.059616 seconds 
========================================================================
Received Import Request.
  Time since last request: 0.000041 seconds.
  path: Assets/Materials/Models/DAE format/ground_pathCornerSmall.dae
  artifactKey: Guid(3f1fde0fb0a695e4fa5b28a3c471f131) Importer(815301076,1909f56bfc062723c751e8b465ee728b)
Start importing Assets/Materials/Models/DAE format/ground_pathCornerSmall.dae using Guid(3f1fde0fb0a695e4fa5b28a3c471f131) Importer(815301076,1909f56bfc062723c751e8b465ee728b)  -> (artifact id: 'd499fd9c213d752b70a065e97b9da302') in 0.054539 seconds 
========================================================================
Received Import Request.
  Time since last request: 0.000056 seconds.
  path: Assets/Materials/FBX format/rock_smallFlatA.fbx
  artifactKey: Guid(28dc0acd6d8da86439c978c199385f9b) Importer(815301076,1909f56bfc062723c751e8b465ee728b)
Start importing Assets/Materials/FBX format/rock_smallFlatA.fbx using Guid(28dc0acd6d8da86439c978c199385f9b) Importer(815301076,1909f56bfc062723c751e8b465ee728b)  -> (artifact id: 'c528a4d21024cb0624e3d51953217101') in 0.057891 seconds 
========================================================================
Received Import Request.
  Time since last request: 0.000026 seconds.
  path: Assets/Materials/Models/DAE format/ground_pathOpen.dae
  artifactKey: Guid(75d59925e0be9314f84184634bd2b56e) Importer(815301076,1909f56bfc062723c751e8b465ee728b)
Start importing Assets/Materials/Models/DAE format/ground_pathOpen.dae using Guid(75d59925e0be9314f84184634bd2b56e) Importer(815301076,1909f56bfc062723c751e8b465ee728b)  -> (artifact id: 'cc07908d49435067fd861ae2814c32b6') in 0.043541 seconds 
========================================================================
Received Import Request.
  Time since last request: 0.000045 seconds.
  path: Assets/Materials/FBX format/cliff_corner_rock.fbx
  artifactKey: Guid(8bd8d439317053e47aa9ea6a779c058b) Importer(815301076,1909f56bfc062723c751e8b465ee728b)
Start importing Assets/Materials/FBX format/cliff_corner_rock.fbx using Guid(8bd8d439317053e47aa9ea6a779c058b) Importer(815301076,1909f56bfc062723c751e8b465ee728b)  -> (artifact id: '98dfef2622660ae4ad4ab1d733704342') in 0.047535 seconds 
========================================================================
Received Import Request.
  Time since last request: 0.000050 seconds.
  path: Assets/Materials/FBX format/cliff_cornerLarge_rock.fbx
  artifactKey: Guid(fb77f6585f596424eb97e1e9fc5d3dc0) Importer(815301076,1909f56bfc062723c751e8b465ee728b)
Start importing Assets/Materials/FBX format/cliff_cornerLarge_rock.fbx using Guid(fb77f6585f596424eb97e1e9fc5d3dc0) Importer(815301076,1909f56bfc062723c751e8b465ee728b)  -> (artifact id: '15049038f06fc39145019edf9874d04c') in 0.052131 seconds 
========================================================================
Received Import Request.
  Time since last request: 0.000029 seconds.
  path: Assets/Materials/Models/OBJ format/cliff_cornerInner_rock.obj
  artifactKey: Guid(7b916814b0c197349a281565163bd7af) Importer(815301076,1909f56bfc062723c751e8b465ee728b)
Start importing Assets/Materials/Models/OBJ format/cliff_cornerInner_rock.obj using Guid(7b916814b0c197349a281565163bd7af) Importer(815301076,1909f56bfc062723c751e8b465ee728b)  -> (artifact id: 'e20b74e5d511f22b330b54fe568f0f8a') in 0.058980 seconds 
========================================================================
Received Import Request.
  Time since last request: 0.000056 seconds.
  path: Assets/Materials/Models/DAE format/ground_riverCorner.dae
  artifactKey: Guid(1fd2cc7e5b946c34e82f3a02f4d7dd91) Importer(815301076,1909f56bfc062723c751e8b465ee728b)
Start importing Assets/Materials/Models/DAE format/ground_riverCorner.dae using Guid(1fd2cc7e5b946c34e82f3a02f4d7dd91) Importer(815301076,1909f56bfc062723c751e8b465ee728b)  -> (artifact id: '719ee17947b30c17f5a07c817cfc69cf') in 0.064848 seconds 
========================================================================
Received Import Request.
  Time since last request: 0.000065 seconds.
  path: Assets/Materials/Models/OBJ format/ground_pathEnd.obj
  artifactKey: Guid(8cae89ec8a81432498a6e902e715fd7d) Importer(815301076,1909f56bfc062723c751e8b465ee728b)
Start importing Assets/Materials/Models/OBJ format/ground_pathEnd.obj using Guid(8cae89ec8a81432498a6e902e715fd7d) Importer(815301076,1909f56bfc062723c751e8b465ee728b)  -> (artifact id: '551c9a80adcad6a58604a9ddb72a221e') in 0.074524 seconds 
========================================================================
Received Import Request.
  Time since last request: 0.000063 seconds.
  path: Assets/Materials/Models/DAE format/rock_smallD.dae
  artifactKey: Guid(d101d1dfb597d1043a41bc4b6b759499) Importer(815301076,1909f56bfc062723c751e8b465ee728b)
Start importing Assets/Materials/Models/DAE format/rock_smallD.dae using Guid(d101d1dfb597d1043a41bc4b6b759499) Importer(815301076,1909f56bfc062723c751e8b465ee728b)  -> (artifact id: '3351a40f96f48e4c6bfab04d6eb5d1f7') in 0.060148 seconds 
========================================================================
Received Import Request.
  Time since last request: 0.000043 seconds.
  path: Assets/Materials/Models/DAE format/rock_largeC.dae
  artifactKey: Guid(8d170de006110ab4293ad3ca32b9fe6f) Importer(815301076,1909f56bfc062723c751e8b465ee728b)
Start importing Assets/Materials/Models/DAE format/rock_largeC.dae using Guid(8d170de006110ab4293ad3ca32b9fe6f) Importer(815301076,1909f56bfc062723c751e8b465ee728b)  -> (artifact id: 'f78f0de60ad4339ba40dea8074991379') in 0.054434 seconds 
========================================================================
Received Import Request.
  Time since last request: 0.000028 seconds.
  path: Assets/Materials/Models/OBJ format/rock_smallH.obj
  artifactKey: Guid(8a452fe9ff566454f819dce48621e2f2) Importer(815301076,1909f56bfc062723c751e8b465ee728b)
Start importing Assets/Materials/Models/OBJ format/rock_smallH.obj using Guid(8a452fe9ff566454f819dce48621e2f2) Importer(815301076,1909f56bfc062723c751e8b465ee728b)  -> (artifact id: 'f7d67a36d6a5bf458877512a7a7b8298') in 0.065092 seconds 
========================================================================
Received Import Request.
  Time since last request: 0.000126 seconds.
  path: Assets/Materials/Models/OBJ format/cliff_blockCave_stone.obj
  artifactKey: Guid(41e3b3288b2ed604f9d6899d279f17a8) Importer(815301076,1909f56bfc062723c751e8b465ee728b)
Start importing Assets/Materials/Models/OBJ format/cliff_blockCave_stone.obj using Guid(41e3b3288b2ed604f9d6899d279f17a8) Importer(815301076,1909f56bfc062723c751e8b465ee728b)  -> (artifact id: '1c6b5030336c1accba12043f75fc98eb') in 0.081675 seconds 
========================================================================
Received Import Request.
  Time since last request: 0.000028 seconds.
  path: Assets/Materials/Models/OBJ format/rock_smallC.obj
  artifactKey: Guid(454ed06feffa7d046b004b3e5c96ad22) Importer(815301076,1909f56bfc062723c751e8b465ee728b)
Start importing Assets/Materials/Models/OBJ format/rock_smallC.obj using Guid(454ed06feffa7d046b004b3e5c96ad22) Importer(815301076,1909f56bfc062723c751e8b465ee728b)  -> (artifact id: '7b9b17b3e39a54090241e3924655d7a0') in 0.075065 seconds 
========================================================================
Received Import Request.
  Time since last request: 0.000073 seconds.
  path: Assets/Materials/Models/FBX format/tree_palmTall.fbx
  artifactKey: Guid(e562fc1472878b94686aee3eaf63bbca) Importer(815301076,1909f56bfc062723c751e8b465ee728b)
Start importing Assets/Materials/Models/FBX format/tree_palmTall.fbx using Guid(e562fc1472878b94686aee3eaf63bbca) Importer(815301076,1909f56bfc062723c751e8b465ee728b)  -> (artifact id: 'bdf94623bb3bb4a669633ceb18ee260b') in 0.050766 seconds 
========================================================================
Received Import Request.
  Time since last request: 0.000022 seconds.
  path: Assets/Materials/FBX format/cactus_tall.fbx
  artifactKey: Guid(5a03023c5c493084aaf6293d02426b09) Importer(815301076,1909f56bfc062723c751e8b465ee728b)
Start importing Assets/Materials/FBX format/cactus_tall.fbx using Guid(5a03023c5c493084aaf6293d02426b09) Importer(815301076,1909f56bfc062723c751e8b465ee728b)  -> (artifact id: '244cd81cbd2540b883edc24a34c0b7f8') in 0.036517 seconds 
========================================================================
Received Import Request.
  Time since last request: 0.000030 seconds.
  path: Assets/Materials/FBX format/stone_largeF.fbx
  artifactKey: Guid(f3eba1d8fe6aad040a22cbb1c858a06b) Importer(815301076,1909f56bfc062723c751e8b465ee728b)
Start importing Assets/Materials/FBX format/stone_largeF.fbx using Guid(f3eba1d8fe6aad040a22cbb1c858a06b) Importer(815301076,1909f56bfc062723c751e8b465ee728b)  -> (artifact id: '7793b69d155038147b646173e32ef004') in 0.047000 seconds 
========================================================================
Received Import Request.
  Time since last request: 0.000022 seconds.
  path: Assets/Materials/Models/DAE format/plant_flatTall.dae
  artifactKey: Guid(f93876aa79d91e1439ecb6460da01974) Importer(815301076,1909f56bfc062723c751e8b465ee728b)
Start importing Assets/Materials/Models/DAE format/plant_flatTall.dae using Guid(f93876aa79d91e1439ecb6460da01974) Importer(815301076,1909f56bfc062723c751e8b465ee728b)  -> (artifact id: '422a2a792e8a6fda816744cf70d447c2') in 0.059258 seconds 
========================================================================
Received Import Request.
  Time since last request: 0.000046 seconds.
  path: Assets/Materials/FBX format/ground_riverOpen.fbx
  artifactKey: Guid(2966ab21af1e7424fa614cc28fd81ac5) Importer(815301076,1909f56bfc062723c751e8b465ee728b)
Start importing Assets/Materials/FBX format/ground_riverOpen.fbx using Guid(2966ab21af1e7424fa614cc28fd81ac5) Importer(815301076,1909f56bfc062723c751e8b465ee728b)  -> (artifact id: '06a0bda5f549ac5fad3d3f1f0bb182d1') in 0.027875 seconds 
========================================================================
Received Import Request.
  Time since last request: 0.000053 seconds.
  path: Assets/Materials/Models/DAE format/tent_smallOpen.dae
  artifactKey: Guid(2b81a99d4556eab4c93e4da38b1ffa1b) Importer(815301076,1909f56bfc062723c751e8b465ee728b)
Start importing Assets/Materials/Models/DAE format/tent_smallOpen.dae using Guid(2b81a99d4556eab4c93e4da38b1ffa1b) Importer(815301076,1909f56bfc062723c751e8b465ee728b)  -> (artifact id: 'ef5042e60e693cae91d804e68fe0075f') in 0.060954 seconds 
========================================================================
Received Import Request.
  Time since last request: 0.000025 seconds.
  path: Assets/Materials/FBX format/fence_simpleCenter.fbx
  artifactKey: Guid(542b353b7fd7a7c448523d313d66b851) Importer(815301076,1909f56bfc062723c751e8b465ee728b)
Start importing Assets/Materials/FBX format/fence_simpleCenter.fbx using Guid(542b353b7fd7a7c448523d313d66b851) Importer(815301076,1909f56bfc062723c751e8b465ee728b)  -> (artifact id: '8b64335c8c782694ae6e582a938745e6') in 0.054427 seconds 
========================================================================
Received Import Request.
  Time since last request: 0.000039 seconds.
  path: Assets/Materials/Models/DAE format/tree_palmTall.dae
  artifactKey: Guid(556726c9aa13fb74a95be7ade6a43807) Importer(815301076,1909f56bfc062723c751e8b465ee728b)
Start importing Assets/Materials/Models/DAE format/tree_palmTall.dae using Guid(556726c9aa13fb74a95be7ade6a43807) Importer(815301076,1909f56bfc062723c751e8b465ee728b)  -> (artifact id: '1bd084c3c60572b000aa5570c7ba1c2f') in 0.054925 seconds 
========================================================================
Received Import Request.
  Time since last request: 0.000030 seconds.
  path: Assets/Materials/Models/DAE format/stone_smallI.dae
  artifactKey: Guid(7c47ac1ce924c5f47a055d0df59135e1) Importer(815301076,1909f56bfc062723c751e8b465ee728b)
Start importing Assets/Materials/Models/DAE format/stone_smallI.dae using Guid(7c47ac1ce924c5f47a055d0df59135e1) Importer(815301076,1909f56bfc062723c751e8b465ee728b)  -> (artifact id: '147a48270800422d54144c91ff1dee49') in 0.042193 seconds 
========================================================================
Received Import Request.
  Time since last request: 0.000029 seconds.
  path: Assets/Materials/Models/DAE format/cliff_blockSlopeHalfWalls_stone.dae
  artifactKey: Guid(00e5509965c2c4f449c06879899ce92b) Importer(815301076,1909f56bfc062723c751e8b465ee728b)
Start importing Assets/Materials/Models/DAE format/cliff_blockSlopeHalfWalls_stone.dae using Guid(00e5509965c2c4f449c06879899ce92b) Importer(815301076,1909f56bfc062723c751e8b465ee728b)  -> (artifact id: 'a264097e043cd62e396135db55e3e0c9') in 0.052742 seconds 
========================================================================
Received Import Request.
  Time since last request: 0.000039 seconds.
  path: Assets/Materials/FBX format/cliff_half_rock.fbx
  artifactKey: Guid(1169d187e6ec2924a9c44ffe62fc2d3f) Importer(815301076,1909f56bfc062723c751e8b465ee728b)
Start importing Assets/Materials/FBX format/cliff_half_rock.fbx using Guid(1169d187e6ec2924a9c44ffe62fc2d3f) Importer(815301076,1909f56bfc062723c751e8b465ee728b)  -> (artifact id: 'a9e4b061cb32510622496e9c8807bb9f') in 0.039522 seconds 
========================================================================
Received Import Request.
  Time since last request: 0.000058 seconds.
  path: Assets/Materials/Models/DAE format/tree_detailed_fall.dae
  artifactKey: Guid(c0b085b14dad30e44b9770c430da79fd) Importer(815301076,1909f56bfc062723c751e8b465ee728b)
Start importing Assets/Materials/Models/DAE format/tree_detailed_fall.dae using Guid(c0b085b14dad30e44b9770c430da79fd) Importer(815301076,1909f56bfc062723c751e8b465ee728b)  -> (artifact id: 'd5b380c9c81a0fa87e7ec488529716c7') in 0.060252 seconds 
========================================================================
Received Import Request.
  Time since last request: 0.000023 seconds.
  path: Assets/Materials/FBX format/rock_smallG.fbx
  artifactKey: Guid(e154bdc1dbf755c47bf2b11b10796e65) Importer(815301076,1909f56bfc062723c751e8b465ee728b)
Start importing Assets/Materials/FBX format/rock_smallG.fbx using Guid(e154bdc1dbf755c47bf2b11b10796e65) Importer(815301076,1909f56bfc062723c751e8b465ee728b)  -> (artifact id: '0f7ace1c38fe8c9aae8b650ad3574976') in 0.047572 seconds 
========================================================================
Received Import Request.
  Time since last request: 0.000051 seconds.
  path: Assets/Materials/Models/DAE format/path_wood.dae
  artifactKey: Guid(1260e19518cee104da1e120937cd8bb0) Importer(815301076,1909f56bfc062723c751e8b465ee728b)
Start importing Assets/Materials/Models/DAE format/path_wood.dae using Guid(1260e19518cee104da1e120937cd8bb0) Importer(815301076,1909f56bfc062723c751e8b465ee728b)  -> (artifact id: '7a203bfa89a4aa2b51a22f27d3cb1f5f') in 0.046309 seconds 
========================================================================
Received Import Request.
  Time since last request: 0.000048 seconds.
  path: Assets/Materials/FBX format/tree_pineTallC_detailed.fbx
  artifactKey: Guid(6ed21b0ac06c9ac4dbdb7791206b8e66) Importer(815301076,1909f56bfc062723c751e8b465ee728b)
Start importing Assets/Materials/FBX format/tree_pineTallC_detailed.fbx using Guid(6ed21b0ac06c9ac4dbdb7791206b8e66) Importer(815301076,1909f56bfc062723c751e8b465ee728b)  -> (artifact id: 'e1d5a23c5eee24a2728b1afe18973d27') in 0.048585 seconds 
========================================================================
Received Import Request.
  Time since last request: 0.000040 seconds.
  path: Assets/Materials/FBX format/cliff_blockSlopeWalls_stone.fbx
  artifactKey: Guid(9c78384e103732d44af9e9a46deae99a) Importer(815301076,1909f56bfc062723c751e8b465ee728b)
Start importing Assets/Materials/FBX format/cliff_blockSlopeWalls_stone.fbx using Guid(9c78384e103732d44af9e9a46deae99a) Importer(815301076,1909f56bfc062723c751e8b465ee728b)  -> (artifact id: 'd96640968983c10d22631d5e222f84d8') in 0.049876 seconds 
========================================================================
Received Import Request.
  Time since last request: 0.000034 seconds.
  path: Assets/Materials/Models/OBJ format/crop_melon.obj
  artifactKey: Guid(30fb233bad5cef941bce59cf23670459) Importer(815301076,1909f56bfc062723c751e8b465ee728b)
Start importing Assets/Materials/Models/OBJ format/crop_melon.obj using Guid(30fb233bad5cef941bce59cf23670459) Importer(815301076,1909f56bfc062723c751e8b465ee728b)  -> (artifact id: '4a7c060b4e9845db1c7522dda4a3fa05') in 0.078013 seconds 
========================================================================
Received Import Request.
  Time since last request: 0.000026 seconds.
  path: Assets/Materials/Models/OBJ format/path_woodCorner.obj
  artifactKey: Guid(0dbd47f6ef0c21547ae8acfcb0722ae4) Importer(815301076,1909f56bfc062723c751e8b465ee728b)
Start importing Assets/Materials/Models/OBJ format/path_woodCorner.obj using Guid(0dbd47f6ef0c21547ae8acfcb0722ae4) Importer(815301076,1909f56bfc062723c751e8b465ee728b)  -> (artifact id: '1846275706abfa21eceabf01a9e3c68b') in 0.068753 seconds 
========================================================================
Received Import Request.
  Time since last request: 0.000036 seconds.
  path: Assets/Materials/Models/OBJ format/rock_tallH.obj
  artifactKey: Guid(36379fe01958c694d89f036c256242d8) Importer(815301076,1909f56bfc062723c751e8b465ee728b)
Start importing Assets/Materials/Models/OBJ format/rock_tallH.obj using Guid(36379fe01958c694d89f036c256242d8) Importer(815301076,1909f56bfc062723c751e8b465ee728b)  -> (artifact id: '277c8ca21a816872f099af37dc129478') in 0.107797 seconds 
========================================================================
Received Import Request.
  Time since last request: 0.000044 seconds.
  path: Assets/Materials/Models/OBJ format/cliff_cave_stone.obj
  artifactKey: Guid(b6eb360c7874553428c947e66c373ae3) Importer(815301076,1909f56bfc062723c751e8b465ee728b)
Start importing Assets/Materials/Models/OBJ format/cliff_cave_stone.obj using Guid(b6eb360c7874553428c947e66c373ae3) Importer(815301076,1909f56bfc062723c751e8b465ee728b)  -> (artifact id: '2c5cc89b6268a77c18166510e0d5faad') in 0.129162 seconds 
========================================================================
Received Import Request.
  Time since last request: 0.000069 seconds.
  path: Assets/Materials/Models/OBJ format/stone_tallE.obj
  artifactKey: Guid(b80d2f08678bbbb4985ddf6f6cd9db46) Importer(815301076,1909f56bfc062723c751e8b465ee728b)
Start importing Assets/Materials/Models/OBJ format/stone_tallE.obj using Guid(b80d2f08678bbbb4985ddf6f6cd9db46) Importer(815301076,1909f56bfc062723c751e8b465ee728b)  -> (artifact id: '6fd27bf994a4ba562a4d6f49decb2a7e') in 0.090891 seconds 
========================================================================
Received Import Request.
  Time since last request: 0.000039 seconds.
  path: Assets/Materials/FBX format/crop_pumpkin.fbx
  artifactKey: Guid(40f636775a8bdf045a4c8e822d61462c) Importer(815301076,1909f56bfc062723c751e8b465ee728b)
Start importing Assets/Materials/FBX format/crop_pumpkin.fbx using Guid(40f636775a8bdf045a4c8e822d61462c) Importer(815301076,1909f56bfc062723c751e8b465ee728b)  -> (artifact id: '84bcc3183d3c252dafc8549f935926aa') in 0.060181 seconds 
========================================================================
Received Import Request.
  Time since last request: 0.000039 seconds.
  path: Assets/Fonts/Changa/Changa-Regular.ttf
  artifactKey: Guid(1f49f906f5836a448ac8182ab8a70cbb) Importer(815301076,1909f56bfc062723c751e8b465ee728b)
Start importing Assets/Fonts/Changa/Changa-Regular.ttf using Guid(1f49f906f5836a448ac8182ab8a70cbb) Importer(815301076,1909f56bfc062723c751e8b465ee728b)  -> (artifact id: 'e1285015a29ca5db14ca0b8d16b0018a') in 0.066558 seconds 
========================================================================
Received Import Request.
  Time since last request: 0.000030 seconds.
  path: Assets/Materials/Models/OBJ format/ground_riverSideOpen.obj
  artifactKey: Guid(3c8a767b0be8a94408ee0a28be2c489e) Importer(815301076,1909f56bfc062723c751e8b465ee728b)
Start importing Assets/Materials/Models/OBJ format/ground_riverSideOpen.obj using Guid(3c8a767b0be8a94408ee0a28be2c489e) Importer(815301076,1909f56bfc062723c751e8b465ee728b)  -> (artifact id: '5e46b1217909dafdc9e50aad89068cd9') in 0.083502 seconds 
========================================================================
Received Import Request.
  Time since last request: 0.000038 seconds.
  path: Assets/Materials/FBX format/stone_smallA.fbx
  artifactKey: Guid(e92d2119bbca7a0449f235f5d8b82eb3) Importer(815301076,1909f56bfc062723c751e8b465ee728b)
Start importing Assets/Materials/FBX format/stone_smallA.fbx using Guid(e92d2119bbca7a0449f235f5d8b82eb3) Importer(815301076,1909f56bfc062723c751e8b465ee728b)  -> (artifact id: '440b0b5dbcbf07785e909d8ae4aaaac7') in 0.039450 seconds 
========================================================================
Received Import Request.
  Time since last request: 0.000063 seconds.
  path: Assets/Materials/Models/DAE format/crops_cornStageB.dae
  artifactKey: Guid(0e117d875b58dc649bcff83d69edb0ec) Importer(815301076,1909f56bfc062723c751e8b465ee728b)
Start importing Assets/Materials/Models/DAE format/crops_cornStageB.dae using Guid(0e117d875b58dc649bcff83d69edb0ec) Importer(815301076,1909f56bfc062723c751e8b465ee728b)  -> (artifact id: '7ae2e3f6e60b34825530c2ae68176f4b') in 0.040039 seconds 
========================================================================
Received Import Request.
  Time since last request: 0.000060 seconds.
  path: Assets/Materials/FBX format/stone_smallB.fbx
  artifactKey: Guid(199a89cb8619edd4daf5fd6cbeeebc07) Importer(815301076,1909f56bfc062723c751e8b465ee728b)
Start importing Assets/Materials/FBX format/stone_smallB.fbx using Guid(199a89cb8619edd4daf5fd6cbeeebc07) Importer(815301076,1909f56bfc062723c751e8b465ee728b)  -> (artifact id: '425eaf8217769b6f624c08299fba0e30') in 0.043266 seconds 
========================================================================
Received Import Request.
  Time since last request: 0.000067 seconds.
  path: Assets/Materials/FBX format/cliff_halfCornerInner_stone.fbx
  artifactKey: Guid(2208bd5a489654c4499a635175b83bf7) Importer(815301076,1909f56bfc062723c751e8b465ee728b)
Start importing Assets/Materials/FBX format/cliff_halfCornerInner_stone.fbx using Guid(2208bd5a489654c4499a635175b83bf7) Importer(815301076,1909f56bfc062723c751e8b465ee728b)  -> (artifact id: 'b2b371d5fb61f3a064f8066e63f056ea') in 0.111147 seconds 
========================================================================
Received Import Request.
  Time since last request: 0.000036 seconds.
  path: Assets/Materials/FBX format/tree_pineTallB.fbx
  artifactKey: Guid(472e8296694a5da44be272085d65ac93) Importer(815301076,1909f56bfc062723c751e8b465ee728b)
Start importing Assets/Materials/FBX format/tree_pineTallB.fbx using Guid(472e8296694a5da44be272085d65ac93) Importer(815301076,1909f56bfc062723c751e8b465ee728b)  -> (artifact id: 'ddbaa9a0f282bb722dabcbb3e0052ea3') in 0.156936 seconds 
========================================================================
Received Import Request.
  Time since last request: 0.000041 seconds.
  path: Assets/Materials/Models/OBJ format/bridge_side_stoneRound.obj
  artifactKey: Guid(cc1800ecbbf6bdd49a1c218c8baecc74) Importer(815301076,1909f56bfc062723c751e8b465ee728b)
Start importing Assets/Materials/Models/OBJ format/bridge_side_stoneRound.obj using Guid(cc1800ecbbf6bdd49a1c218c8baecc74) Importer(815301076,1909f56bfc062723c751e8b465ee728b)  -> (artifact id: 'a00456b3c47ae2ec99231717ece096b0') in 0.131589 seconds 
========================================================================
Received Import Request.
  Time since last request: 0.000043 seconds.
  path: Assets/Materials/Models/OBJ format/plant_bushTriangle.obj
  artifactKey: Guid(0af7899e273766345ae50d3005e4ded8) Importer(815301076,1909f56bfc062723c751e8b465ee728b)
Start importing Assets/Materials/Models/OBJ format/plant_bushTriangle.obj using Guid(0af7899e273766345ae50d3005e4ded8) Importer(815301076,1909f56bfc062723c751e8b465ee728b)  -> (artifact id: '87d788d93490b4f56cea226c0a8bc353') in 0.080268 seconds 
========================================================================
Received Import Request.
  Time since last request: 0.000033 seconds.
  path: Assets/Materials/FBX format/cliff_blockDiagonal_stone.fbx
  artifactKey: Guid(e1de09733fb8a214a806b205f8647734) Importer(815301076,1909f56bfc062723c751e8b465ee728b)
Start importing Assets/Materials/FBX format/cliff_blockDiagonal_stone.fbx using Guid(e1de09733fb8a214a806b205f8647734) Importer(815301076,1909f56bfc062723c751e8b465ee728b)  -> (artifact id: '909a0220b3afe395a3998617cf672417') in 0.058230 seconds 
========================================================================
Received Import Request.
  Time since last request: 0.000034 seconds.
  path: Assets/Materials/Models/DAE format/grass_leafsLarge.dae
  artifactKey: Guid(4b905d823fc5c214097d0f135a0336d1) Importer(815301076,1909f56bfc062723c751e8b465ee728b)
Start importing Assets/Materials/Models/DAE format/grass_leafsLarge.dae using Guid(4b905d823fc5c214097d0f135a0336d1) Importer(815301076,1909f56bfc062723c751e8b465ee728b)  -> (artifact id: '3f0ea4affc76019ff22a0744d2f1863a') in 0.034644 seconds 
========================================================================
Received Import Request.
  Time since last request: 0.000028 seconds.
  path: Assets/Materials/FBX format/platform_beach.fbx
  artifactKey: Guid(3e0b57922dfc5894bb0bae4544a0ca3a) Importer(815301076,1909f56bfc062723c751e8b465ee728b)
Start importing Assets/Materials/FBX format/platform_beach.fbx using Guid(3e0b57922dfc5894bb0bae4544a0ca3a) Importer(815301076,1909f56bfc062723c751e8b465ee728b)  -> (artifact id: '71a3dfc9425621d36613658f0553b161') in 0.052048 seconds 
========================================================================
Received Import Request.
  Time since last request: 0.000036 seconds.
  path: Assets/Materials/Models/DAE format/cliff_large_stone.dae
  artifactKey: Guid(56f7f16c67e83064c87b493786742ebc) Importer(815301076,1909f56bfc062723c751e8b465ee728b)
Start importing Assets/Materials/Models/DAE format/cliff_large_stone.dae using Guid(56f7f16c67e83064c87b493786742ebc) Importer(815301076,1909f56bfc062723c751e8b465ee728b)  -> (artifact id: 'e1f47cb5ec9327b49dc7459fb2bd528e') in 0.042469 seconds 
========================================================================
Received Import Request.
  Time since last request: 0.000053 seconds.
  path: Assets/Materials/Models/OBJ format/rock_tallB.obj
  artifactKey: Guid(430044577f36fae499f5284cd018acf8) Importer(815301076,1909f56bfc062723c751e8b465ee728b)
Start importing Assets/Materials/Models/OBJ format/rock_tallB.obj using Guid(430044577f36fae499f5284cd018acf8) Importer(815301076,1909f56bfc062723c751e8b465ee728b)  -> (artifact id: 'd2ad81ed100116aa5bc6cf9950b54602') in 0.066836 seconds 
========================================================================
Received Import Request.
  Time since last request: 0.000029 seconds.
  path: Assets/Materials/Models/FBX format/statue_columnDamaged.fbx
  artifactKey: Guid(681957aa9109af34a94aa9b6fc1ecd01) Importer(815301076,1909f56bfc062723c751e8b465ee728b)
Start importing Assets/Materials/Models/FBX format/statue_columnDamaged.fbx using Guid(681957aa9109af34a94aa9b6fc1ecd01) Importer(815301076,1909f56bfc062723c751e8b465ee728b)  -> (artifact id: 'b8b5e84a7780eb9b2c2f2c27e62684d4') in 0.061724 seconds 
========================================================================
Received Import Request.
  Time since last request: 0.000047 seconds.
  path: Assets/Materials/Models/OBJ format/cliff_cornerLarge_stone.obj
  artifactKey: Guid(9f9add2f785956345a04995fd650dbfb) Importer(815301076,1909f56bfc062723c751e8b465ee728b)
Start importing Assets/Materials/Models/OBJ format/cliff_cornerLarge_stone.obj using Guid(9f9add2f785956345a04995fd650dbfb) Importer(815301076,1909f56bfc062723c751e8b465ee728b)  -> (artifact id: '35fd62a89731a97a922e925ca1c7f7b7') in 0.042052 seconds 
========================================================================
Received Import Request.
  Time since last request: 0.000033 seconds.
  path: Assets/Materials/Skyboxes/CloudyCrown_01_Midday/CloudyCrown_Midday.mat
  artifactKey: Guid(617d9be015db68348a623b01ea51a8c5) Importer(815301076,1909f56bfc062723c751e8b465ee728b)
Start importing Assets/Materials/Skyboxes/CloudyCrown_01_Midday/CloudyCrown_Midday.mat using Guid(617d9be015db68348a623b01ea51a8c5) Importer(815301076,1909f56bfc062723c751e8b465ee728b)  -> (artifact id: '31f857df19086e39950ae2a8faed71c1') in 0.051483 seconds 
========================================================================
Received Import Request.
  Time since last request: 0.000041 seconds.
  path: Assets/Materials/Models/OBJ format/cliff_cornerTop_rock.obj
  artifactKey: Guid(1319b0528d906dd4c97779e0f5a1389b) Importer(815301076,1909f56bfc062723c751e8b465ee728b)
Start importing Assets/Materials/Models/OBJ format/cliff_cornerTop_rock.obj using Guid(1319b0528d906dd4c97779e0f5a1389b) Importer(815301076,1909f56bfc062723c751e8b465ee728b)  -> (artifact id: 'db968d21c25380ea2546fca1e0480a9b') in 0.054504 seconds 
========================================================================
Received Import Request.
  Time since last request: 0.000091 seconds.
  path: Assets/Materials/Models/DAE format/tree_simple_fall.dae
  artifactKey: Guid(b06798b48e5cf5540a1ec211e6baa2f1) Importer(815301076,1909f56bfc062723c751e8b465ee728b)
Start importing Assets/Materials/Models/DAE format/tree_simple_fall.dae using Guid(b06798b48e5cf5540a1ec211e6baa2f1) Importer(815301076,1909f56bfc062723c751e8b465ee728b)  -> (artifact id: 'dc4d321b37dd0d323f0bad94d00dc6ac') in 0.052848 seconds 
========================================================================
Received Import Request.
  Time since last request: 0.000025 seconds.
  path: Assets/Materials/Models/DAE format/platform_beach.dae
  artifactKey: Guid(24c30222e22e8ca449afd3014655ef90) Importer(815301076,1909f56bfc062723c751e8b465ee728b)
Start importing Assets/Materials/Models/DAE format/platform_beach.dae using Guid(24c30222e22e8ca449afd3014655ef90) Importer(815301076,1909f56bfc062723c751e8b465ee728b)  -> (artifact id: 'eafd777dc6259c2a207e4d9542565cb6') in 0.057348 seconds 
========================================================================
Received Import Request.
  Time since last request: 0.000043 seconds.
  path: Assets/Materials/FBX format/cliff_halfCorner_rock.fbx
  artifactKey: Guid(bfb4a43aa5ef8c5408d85ccf2c29c810) Importer(815301076,1909f56bfc062723c751e8b465ee728b)
Start importing Assets/Materials/FBX format/cliff_halfCorner_rock.fbx using Guid(bfb4a43aa5ef8c5408d85ccf2c29c810) Importer(815301076,1909f56bfc062723c751e8b465ee728b)  -> (artifact id: 'd7b2e664a2b200ad40d769647eabbfd3') in 0.044430 seconds 
========================================================================
Received Import Request.
  Time since last request: 0.000035 seconds.
  path: Assets/Materials/Models/OBJ format/plant_bush.obj
  artifactKey: Guid(1314b5746e97a814e9fbc18a470707c6) Importer(815301076,1909f56bfc062723c751e8b465ee728b)
Start importing Assets/Materials/Models/OBJ format/plant_bush.obj using Guid(1314b5746e97a814e9fbc18a470707c6) Importer(815301076,1909f56bfc062723c751e8b465ee728b)  -> (artifact id: 'cb7c3e9be28a44f53727217435252feb') in 0.063825 seconds 
========================================================================
Received Import Request.
  Time since last request: 0.000045 seconds.
  path: Assets/Materials/Models/DAE format/cliff_half_stone.dae
  artifactKey: Guid(cfb8a8c6cc1b78f43a8788a9972f4363) Importer(815301076,1909f56bfc062723c751e8b465ee728b)
Start importing Assets/Materials/Models/DAE format/cliff_half_stone.dae using Guid(cfb8a8c6cc1b78f43a8788a9972f4363) Importer(815301076,1909f56bfc062723c751e8b465ee728b)  -> (artifact id: '4437a54c02abb10a0a4330a33844ae54') in 0.047178 seconds 
========================================================================
Received Import Request.
  Time since last request: 0.000068 seconds.
  path: Assets/Materials/Models/OBJ format/plant_flatShort.obj
  artifactKey: Guid(68748ab7cb69875418b11a4a8f123fbb) Importer(815301076,1909f56bfc062723c751e8b465ee728b)
Start importing Assets/Materials/Models/OBJ format/plant_flatShort.obj using Guid(68748ab7cb69875418b11a4a8f123fbb) Importer(815301076,1909f56bfc062723c751e8b465ee728b)  -> (artifact id: 'cde0c6458ec385122d52efbd63d7bf07') in 0.043974 seconds 
========================================================================
Received Import Request.
  Time since last request: 0.000087 seconds.
  path: Assets/Materials/Models/FBX format/rock_smallFlatA.fbx
  artifactKey: Guid(847d45ae5b729444d964d06c88e30c30) Importer(815301076,1909f56bfc062723c751e8b465ee728b)
Start importing Assets/Materials/Models/FBX format/rock_smallFlatA.fbx using Guid(847d45ae5b729444d964d06c88e30c30) Importer(815301076,1909f56bfc062723c751e8b465ee728b)  -> (artifact id: '849ab1962e654232af1073d9dfc58bc4') in 0.054885 seconds 
========================================================================
Received Import Request.
  Time since last request: 0.000034 seconds.
  path: Assets/Materials/FBX format/fence_simple.fbx
  artifactKey: Guid(70010262076811748bae3956ede508f4) Importer(815301076,1909f56bfc062723c751e8b465ee728b)
Start importing Assets/Materials/FBX format/fence_simple.fbx using Guid(70010262076811748bae3956ede508f4) Importer(815301076,1909f56bfc062723c751e8b465ee728b)  -> (artifact id: 'de1db8bdd5954b6af6a5c49766161b87') in 0.049192 seconds 
========================================================================
Received Import Request.
  Time since last request: 0.000056 seconds.
  path: Assets/Materials/Models/DAE format/tree_detailed_dark.dae
  artifactKey: Guid(49d298aa6a8e23545a197b44cd8cdc54) Importer(815301076,1909f56bfc062723c751e8b465ee728b)
Start importing Assets/Materials/Models/DAE format/tree_detailed_dark.dae using Guid(49d298aa6a8e23545a197b44cd8cdc54) Importer(815301076,1909f56bfc062723c751e8b465ee728b)  -> (artifact id: '375b48e34e15e1e5b598546f1a9d5477') in 0.059057 seconds 
========================================================================
Received Import Request.
  Time since last request: 0.000024 seconds.
  path: Assets/Materials/Models/DAE format/stone_smallB.dae
  artifactKey: Guid(008c052383529954bb3a658fa4b488f1) Importer(815301076,1909f56bfc062723c751e8b465ee728b)
Start importing Assets/Materials/Models/DAE format/stone_smallB.dae using Guid(008c052383529954bb3a658fa4b488f1) Importer(815301076,1909f56bfc062723c751e8b465ee728b)  -> (artifact id: '2f0df30eb622c85adbcbf580423695cb') in 0.040290 seconds 
========================================================================
Received Import Request.
  Time since last request: 0.000073 seconds.
  path: Assets/Materials/FBX format/cliff_halfCornerInner_rock.fbx
  artifactKey: Guid(18cd94cb5c371634c9047d61d35e0ada) Importer(815301076,1909f56bfc062723c751e8b465ee728b)
Start importing Assets/Materials/FBX format/cliff_halfCornerInner_rock.fbx using Guid(18cd94cb5c371634c9047d61d35e0ada) Importer(815301076,1909f56bfc062723c751e8b465ee728b)  -> (artifact id: 'f4d7648f4cc63e827843a0cac0998e50') in 0.058243 seconds 
========================================================================
Received Import Request.
  Time since last request: 0.000035 seconds.
  path: Assets/Materials/FBX format/path_stone.fbx
  artifactKey: Guid(a174f20dfc594964baf708dd8a0c4ffa) Importer(815301076,1909f56bfc062723c751e8b465ee728b)
Start importing Assets/Materials/FBX format/path_stone.fbx using Guid(a174f20dfc594964baf708dd8a0c4ffa) Importer(815301076,1909f56bfc062723c751e8b465ee728b)  -> (artifact id: '64cca59aa4564098a8111ac9be9c578c') in 0.074741 seconds 
========================================================================
Received Import Request.
  Time since last request: 0.000025 seconds.
  path: Assets/Materials/Models/DAE format/tree_pineTallB.dae
  artifactKey: Guid(8d4fa5ac97de84d40a8ddf6d375149f9) Importer(815301076,1909f56bfc062723c751e8b465ee728b)
Start importing Assets/Materials/Models/DAE format/tree_pineTallB.dae using Guid(8d4fa5ac97de84d40a8ddf6d375149f9) Importer(815301076,1909f56bfc062723c751e8b465ee728b)  -> (artifact id: '80e0304512c6ebac4678204d2ff772cb') in 0.060949 seconds 
========================================================================
Received Import Request.
  Time since last request: 0.000036 seconds.
  path: Assets/Materials/FBX format/mushroom_redGroup.fbx
  artifactKey: Guid(078c429663f571f4c8edeb780eef766e) Importer(815301076,1909f56bfc062723c751e8b465ee728b)
Start importing Assets/Materials/FBX format/mushroom_redGroup.fbx using Guid(078c429663f571f4c8edeb780eef766e) Importer(815301076,1909f56bfc062723c751e8b465ee728b)  -> (artifact id: 'b463212583a1394b0af9225ccf766b67') in 0.057765 seconds 
========================================================================
Received Import Request.
  Time since last request: 0.000036 seconds.
  path: Assets/Materials/Models/DAE format/path_woodCorner.dae
  artifactKey: Guid(d1d83ca0b7086ac4da19131b5c2076c6) Importer(815301076,1909f56bfc062723c751e8b465ee728b)
Start importing Assets/Materials/Models/DAE format/path_woodCorner.dae using Guid(d1d83ca0b7086ac4da19131b5c2076c6) Importer(815301076,1909f56bfc062723c751e8b465ee728b)  -> (artifact id: '7e48db5d6b4487f8090d3b24dae0e266') in 0.043842 seconds 
========================================================================
Received Import Request.
  Time since last request: 0.000068 seconds.
  path: Assets/Materials/FBX format/mushroom_tanTall.fbx
  artifactKey: Guid(ecea16f72de5fa14dac200dda899d135) Importer(815301076,1909f56bfc062723c751e8b465ee728b)
Start importing Assets/Materials/FBX format/mushroom_tanTall.fbx using Guid(ecea16f72de5fa14dac200dda899d135) Importer(815301076,1909f56bfc062723c751e8b465ee728b)  -> (artifact id: '908e91c8fec24d6a9b8634389d1dc819') in 0.047618 seconds 
========================================================================
Received Import Request.
  Time since last request: 0.000025 seconds.
  path: Assets/Materials/FBX format/log.fbx
  artifactKey: Guid(e61fd8b4f2a9af14fa181cd57a86125b) Importer(815301076,1909f56bfc062723c751e8b465ee728b)
Start importing Assets/Materials/FBX format/log.fbx using Guid(e61fd8b4f2a9af14fa181cd57a86125b) Importer(815301076,1909f56bfc062723c751e8b465ee728b)  -> (artifact id: '85a4357278aba0b0fc6eaed021966fb6') in 0.052048 seconds 
========================================================================
Received Import Request.
  Time since last request: 0.000028 seconds.
  path: Assets/Materials/Models/DAE format/tree_palmBend.dae
  artifactKey: Guid(b23606d6e86afed40a38a8148d6cd68a) Importer(815301076,1909f56bfc062723c751e8b465ee728b)
Start importing Assets/Materials/Models/DAE format/tree_palmBend.dae using Guid(b23606d6e86afed40a38a8148d6cd68a) Importer(815301076,1909f56bfc062723c751e8b465ee728b)  -> (artifact id: '1f2d5c7829582719cdb18694214b2405') in 0.058370 seconds 
========================================================================
Received Import Request.
  Time since last request: 0.000036 seconds.
  path: Assets/Materials/Models/DAE format/crops_leafsStageA.dae
  artifactKey: Guid(be08892bb4a81df48b385639ce53b770) Importer(815301076,1909f56bfc062723c751e8b465ee728b)
Start importing Assets/Materials/Models/DAE format/crops_leafsStageA.dae using Guid(be08892bb4a81df48b385639ce53b770) Importer(815301076,1909f56bfc062723c751e8b465ee728b)  -> (artifact id: 'a3fe598ac1332052e4759bd37bde6e59') in 0.033882 seconds 
========================================================================
Received Import Request.
  Time since last request: 0.000042 seconds.
  path: Assets/Materials/Models/OBJ format/stone_smallA.obj
  artifactKey: Guid(3fc2439848bd16b4faf7fec98d14d5aa) Importer(815301076,1909f56bfc062723c751e8b465ee728b)
Start importing Assets/Materials/Models/OBJ format/stone_smallA.obj using Guid(3fc2439848bd16b4faf7fec98d14d5aa) Importer(815301076,1909f56bfc062723c751e8b465ee728b)  -> (artifact id: 'cc0701818bbe24aa200b213e89338a3b') in 0.044994 seconds 
========================================================================
Received Import Request.
  Time since last request: 0.000063 seconds.
  path: Assets/Materials/Models/OBJ format/tree_plateau_dark.obj
  artifactKey: Guid(37c97a0ab20ec8c4eaf9dc6723826add) Importer(815301076,1909f56bfc062723c751e8b465ee728b)
Start importing Assets/Materials/Models/OBJ format/tree_plateau_dark.obj using Guid(37c97a0ab20ec8c4eaf9dc6723826add) Importer(815301076,1909f56bfc062723c751e8b465ee728b)  -> (artifact id: '2c0b2cf84465461543f74f2892441ca7') in 0.067099 seconds 
========================================================================
Received Import Request.
  Time since last request: 0.000034 seconds.
  path: Assets/Materials/Models/DAE format/bridge_woodNarrow.dae
  artifactKey: Guid(def3dffb2b8283c4b9361ae420196a9d) Importer(815301076,1909f56bfc062723c751e8b465ee728b)
Start importing Assets/Materials/Models/DAE format/bridge_woodNarrow.dae using Guid(def3dffb2b8283c4b9361ae420196a9d) Importer(815301076,1909f56bfc062723c751e8b465ee728b)  -> (artifact id: '2083aeb25f070c51f8253b10cf86b692') in 0.065647 seconds 
========================================================================
Received Import Request.
  Time since last request: 0.000031 seconds.
  path: Assets/Materials/Models/OBJ format/grass_leafs.obj
  artifactKey: Guid(f22dfd7ff3227764dbe1b3f845549f52) Importer(815301076,1909f56bfc062723c751e8b465ee728b)
Start importing Assets/Materials/Models/OBJ format/grass_leafs.obj using Guid(f22dfd7ff3227764dbe1b3f845549f52) Importer(815301076,1909f56bfc062723c751e8b465ee728b)  -> (artifact id: 'c2e6ae608f31c2d4260ac5c5b0c4c64f') in 0.047063 seconds 
========================================================================
Received Import Request.
  Time since last request: 0.000027 seconds.
  path: Assets/Materials/FBX format/stump_square.fbx
  artifactKey: Guid(ddda7f58c2da0d44f9fa0bd339b85a51) Importer(815301076,1909f56bfc062723c751e8b465ee728b)
Start importing Assets/Materials/FBX format/stump_square.fbx using Guid(ddda7f58c2da0d44f9fa0bd339b85a51) Importer(815301076,1909f56bfc062723c751e8b465ee728b)  -> (artifact id: '0d838c881957003d9f82147631e6e94d') in 0.051078 seconds 
========================================================================
Received Import Request.
  Time since last request: 0.000233 seconds.
  path: Assets/Materials/FBX format/ground_riverEndClosed.fbx
  artifactKey: Guid(d87bb7ced77dabb408b7bba9cb4b0531) Importer(815301076,1909f56bfc062723c751e8b465ee728b)
Start importing Assets/Materials/FBX format/ground_riverEndClosed.fbx using Guid(d87bb7ced77dabb408b7bba9cb4b0531) Importer(815301076,1909f56bfc062723c751e8b465ee728b)  -> (artifact id: '23860609b26eedb4f858e1208d8ea999') in 0.061804 seconds 
========================================================================
Received Import Request.
  Time since last request: 0.000057 seconds.
  path: Assets/Materials/Models/OBJ format/bridge_stone.obj
  artifactKey: Guid(a54b194eff51f0b4fb7f98e13d9a6421) Importer(815301076,1909f56bfc062723c751e8b465ee728b)
Start importing Assets/Materials/Models/OBJ format/bridge_stone.obj using Guid(a54b194eff51f0b4fb7f98e13d9a6421) Importer(815301076,1909f56bfc062723c751e8b465ee728b)  -> (artifact id: '86bd5c15e19e27834bacdaa97a53b371') in 0.064360 seconds 
========================================================================
Received Import Request.
  Time since last request: 0.000031 seconds.
  path: Assets/Materials/Models/DAE format/log_stackLarge.dae
  artifactKey: Guid(a75f361b80cd5f34fab02941a5bbd27a) Importer(815301076,1909f56bfc062723c751e8b465ee728b)
Start importing Assets/Materials/Models/DAE format/log_stackLarge.dae using Guid(a75f361b80cd5f34fab02941a5bbd27a) Importer(815301076,1909f56bfc062723c751e8b465ee728b)  -> (artifact id: 'ce67d446c6ac1ce578de10c3d0149ff7') in 0.064436 seconds 
========================================================================
Received Import Request.
  Time since last request: 0.000038 seconds.
  path: Assets/Materials/Models/OBJ format/stone_tallC.obj
  artifactKey: Guid(2e8b069f9db84d940859094ab2d94666) Importer(815301076,1909f56bfc062723c751e8b465ee728b)
Start importing Assets/Materials/Models/OBJ format/stone_tallC.obj using Guid(2e8b069f9db84d940859094ab2d94666) Importer(815301076,1909f56bfc062723c751e8b465ee728b)  -> (artifact id: '276e7f5dae11f0ad1aa2f8eb11f1407d') in 0.078922 seconds 
========================================================================
Received Import Request.
  Time since last request: 0.000038 seconds.
  path: Assets/Materials/Models/OBJ format/rock_tallD.obj
  artifactKey: Guid(8eabfe174c8d8a543b387f6a8e446313) Importer(815301076,1909f56bfc062723c751e8b465ee728b)
Start importing Assets/Materials/Models/OBJ format/rock_tallD.obj using Guid(8eabfe174c8d8a543b387f6a8e446313) Importer(815301076,1909f56bfc062723c751e8b465ee728b)  -> (artifact id: '0cda8c43e1f58b6c70da7991f86e1859') in 0.195087 seconds 
========================================================================
Received Import Request.
  Time since last request: 0.000045 seconds.
  path: Assets/Materials/Models/DAE format/log_stack.dae
  artifactKey: Guid(8aa77a87e80deae4bab279609c9c1540) Importer(815301076,1909f56bfc062723c751e8b465ee728b)
Start importing Assets/Materials/Models/DAE format/log_stack.dae using Guid(8aa77a87e80deae4bab279609c9c1540) Importer(815301076,1909f56bfc062723c751e8b465ee728b)  -> (artifact id: 'e759955df87c9fcb6e1aa42b33c87eaf') in 0.091234 seconds 
========================================================================
Received Import Request.
  Time since last request: 0.000166 seconds.
  path: Assets/Materials/Models/OBJ format/grass_leafsLarge.obj
  artifactKey: Guid(ca647367e0cac384d8c6fe8fb7d358c7) Importer(815301076,1909f56bfc062723c751e8b465ee728b)
Start importing Assets/Materials/Models/OBJ format/grass_leafsLarge.obj using Guid(ca647367e0cac384d8c6fe8fb7d358c7) Importer(815301076,1909f56bfc062723c751e8b465ee728b)  -> (artifact id: '041791c68fed03006d80eccfd7efa3b6') in 0.079577 seconds 
========================================================================
Received Import Request.
  Time since last request: 0.000032 seconds.
  path: Assets/Materials/Models/OBJ format/stump_squareDetailed.obj
  artifactKey: Guid(1ec04ec49614e594a870288d28465733) Importer(815301076,1909f56bfc062723c751e8b465ee728b)
Start importing Assets/Materials/Models/OBJ format/stump_squareDetailed.obj using Guid(1ec04ec49614e594a870288d28465733) Importer(815301076,1909f56bfc062723c751e8b465ee728b)  -> (artifact id: '57ea713a127e32b26d6baef74101c06c') in 0.077718 seconds 
========================================================================
Received Import Request.
  Time since last request: 0.000030 seconds.
  path: Assets/Materials/FBX format/cliff_blockSlope_stone.fbx
  artifactKey: Guid(e41485b3e2848e04c80db26c49957f1d) Importer(815301076,1909f56bfc062723c751e8b465ee728b)
Start importing Assets/Materials/FBX format/cliff_blockSlope_stone.fbx using Guid(e41485b3e2848e04c80db26c49957f1d) Importer(815301076,1909f56bfc062723c751e8b465ee728b)  -> (artifact id: 'cf4ed61c7e596c4ebc224dd59dd93ecf') in 0.060318 seconds 
========================================================================
Received Import Request.
  Time since last request: 0.000056 seconds.
  path: Assets/Materials/FBX format/fence_bendCenter.fbx
  artifactKey: Guid(14ed86c1b7796e14f9124350f4aed9ff) Importer(815301076,1909f56bfc062723c751e8b465ee728b)
Start importing Assets/Materials/FBX format/fence_bendCenter.fbx using Guid(14ed86c1b7796e14f9124350f4aed9ff) Importer(815301076,1909f56bfc062723c751e8b465ee728b)  -> (artifact id: '7032512311dd67a7209e0d8bd0b050c5') in 0.076424 seconds 
========================================================================
Received Import Request.
  Time since last request: 0.003991 seconds.
  path: Assets/Materials/Models/DAE format/rock_smallTopB.dae
  artifactKey: Guid(7c74e16fe76a6524fbbc7315bdc3e18f) Importer(815301076,1909f56bfc062723c751e8b465ee728b)
Start importing Assets/Materials/Models/DAE format/rock_smallTopB.dae using Guid(7c74e16fe76a6524fbbc7315bdc3e18f) Importer(815301076,1909f56bfc062723c751e8b465ee728b)  -> (artifact id: 'ab423a1f04122cb106a5322091251f98') in 0.065909 seconds 
========================================================================
Received Import Request.
  Time since last request: 0.000079 seconds.
  path: Assets/Materials/Models/OBJ format/rock_smallFlatB.obj
  artifactKey: Guid(ffa3b400d1aa9f74a856bae3b6f4e393) Importer(815301076,1909f56bfc062723c751e8b465ee728b)
Start importing Assets/Materials/Models/OBJ format/rock_smallFlatB.obj using Guid(ffa3b400d1aa9f74a856bae3b6f4e393) Importer(815301076,1909f56bfc062723c751e8b465ee728b)  -> (artifact id: '2b41cfff09c3b29df7b9ad9184c17ffe') in 0.181885 seconds 
========================================================================
Received Import Request.
  Time since last request: 0.000044 seconds.
  path: Assets/Materials/Models/DAE format/fence_gate.dae
  artifactKey: Guid(c70007d463a995e40a6f0cd12e44df00) Importer(815301076,1909f56bfc062723c751e8b465ee728b)
Start importing Assets/Materials/Models/DAE format/fence_gate.dae using Guid(c70007d463a995e40a6f0cd12e44df00) Importer(815301076,1909f56bfc062723c751e8b465ee728b)  -> (artifact id: 'f50db8e20519db3dd68445f5ffbf894c') in 0.125564 seconds 
========================================================================
Received Import Request.
  Time since last request: 0.000069 seconds.
  path: Assets/Materials/Models/DAE format/fence_corner.dae
  artifactKey: Guid(088cc32d0f0791446a42d7adb083ccc2) Importer(815301076,1909f56bfc062723c751e8b465ee728b)
Start importing Assets/Materials/Models/DAE format/fence_corner.dae using Guid(088cc32d0f0791446a42d7adb083ccc2) Importer(815301076,1909f56bfc062723c751e8b465ee728b)  -> (artifact id: '804370851ea29725fa84cc1dc9d30028') in 0.073635 seconds 
========================================================================
Received Import Request.
  Time since last request: 0.000076 seconds.
  path: Assets/Materials/Models/FBX format/rock_tallG.fbx
  artifactKey: Guid(f46408c77402ba04e80aac6b7a99e7e1) Importer(815301076,1909f56bfc062723c751e8b465ee728b)
Start importing Assets/Materials/Models/FBX format/rock_tallG.fbx using Guid(f46408c77402ba04e80aac6b7a99e7e1) Importer(815301076,1909f56bfc062723c751e8b465ee728b)  -> (artifact id: '2c26fad9ded4ebf1b74a9f38db753b08') in 0.075698 seconds 
========================================================================
Received Import Request.
  Time since last request: 0.000037 seconds.
  path: Assets/Materials/Models/OBJ format/cliff_cornerInnerLarge_rock.obj
  artifactKey: Guid(f602bf83ea4ee624ab8ca05c4559a8a5) Importer(815301076,1909f56bfc062723c751e8b465ee728b)
Start importing Assets/Materials/Models/OBJ format/cliff_cornerInnerLarge_rock.obj using Guid(f602bf83ea4ee624ab8ca05c4559a8a5) Importer(815301076,1909f56bfc062723c751e8b465ee728b)  -> (artifact id: 'd6f2f18c78ffbced0d43b286955ae563') in 0.045104 seconds 
========================================================================
Received Import Request.
  Time since last request: 0.000037 seconds.
  path: Assets/Materials/Models/FBX format/fence_bend.fbx
  artifactKey: Guid(a96405f69ef9ed44694dc34bf249d1b8) Importer(815301076,1909f56bfc062723c751e8b465ee728b)
Start importing Assets/Materials/Models/FBX format/fence_bend.fbx using Guid(a96405f69ef9ed44694dc34bf249d1b8) Importer(815301076,1909f56bfc062723c751e8b465ee728b)  -> (artifact id: '50d9d1333956b8b7e18a14324eada991') in 0.055538 seconds 
========================================================================
Received Import Request.
  Time since last request: 0.000063 seconds.
  path: Assets/Materials/FBX format/cliff_cornerInnerTop_rock.fbx
  artifactKey: Guid(12e479f7614ba4b44a1186e7f83cd7a8) Importer(815301076,1909f56bfc062723c751e8b465ee728b)
Start importing Assets/Materials/FBX format/cliff_cornerInnerTop_rock.fbx using Guid(12e479f7614ba4b44a1186e7f83cd7a8) Importer(815301076,1909f56bfc062723c751e8b465ee728b)  -> (artifact id: 'e5f4211deef7734916fd7033d8b10b4a') in 0.058059 seconds 
========================================================================
Received Import Request.
  Time since last request: 0.000023 seconds.
  path: Assets/Materials/Models/DAE format/plant_bushDetailed.dae
  artifactKey: Guid(1579ff6099f8b2042b1a8279e0508dfd) Importer(815301076,1909f56bfc062723c751e8b465ee728b)
Start importing Assets/Materials/Models/DAE format/plant_bushDetailed.dae using Guid(1579ff6099f8b2042b1a8279e0508dfd) Importer(815301076,1909f56bfc062723c751e8b465ee728b)  -> (artifact id: 'c076a7d0004832196f7f760b45847caf') in 0.037435 seconds 
========================================================================
Received Import Request.
  Time since last request: 0.000068 seconds.
  path: Assets/Materials/Models/OBJ format/path_wood.obj
  artifactKey: Guid(28fe155a3dd23a24fbdf746a114dae6d) Importer(815301076,1909f56bfc062723c751e8b465ee728b)
Start importing Assets/Materials/Models/OBJ format/path_wood.obj using Guid(28fe155a3dd23a24fbdf746a114dae6d) Importer(815301076,1909f56bfc062723c751e8b465ee728b)  -> (artifact id: '0cb690f1ac3aef7a6fb2d8b103ce3e7d') in 0.056850 seconds 
========================================================================
Received Import Request.
  Time since last request: 0.000061 seconds.
  path: Assets/Materials/FBX format/path_stoneEnd.fbx
  artifactKey: Guid(1a6b31f249085bc4cb1557fd3ff08773) Importer(815301076,1909f56bfc062723c751e8b465ee728b)
Start importing Assets/Materials/FBX format/path_stoneEnd.fbx using Guid(1a6b31f249085bc4cb1557fd3ff08773) Importer(815301076,1909f56bfc062723c751e8b465ee728b)  -> (artifact id: '69137cc5c80602bafd36979dd3db736b') in 0.060674 seconds 
========================================================================
Received Import Request.
  Time since last request: 0.000037 seconds.
  path: Assets/Materials/Models/DAE format/crop_pumpkin.dae
  artifactKey: Guid(bce15662e93b2b0429b2b591f1bd5bcb) Importer(815301076,1909f56bfc062723c751e8b465ee728b)
Start importing Assets/Materials/Models/DAE format/crop_pumpkin.dae using Guid(bce15662e93b2b0429b2b591f1bd5bcb) Importer(815301076,1909f56bfc062723c751e8b465ee728b)  -> (artifact id: '5b2a6aab9c43300e2e2c03d21ef87faa') in 0.062888 seconds 
========================================================================
Received Import Request.
  Time since last request: 0.000037 seconds.
  path: Assets/TextMesh Pro/Resources/Fonts & Materials/LiberationSans SDF - Outline.mat
  artifactKey: Guid(79459efec17a4d00a321bdcc27bbc385) Importer(815301076,1909f56bfc062723c751e8b465ee728b)
Start importing Assets/TextMesh Pro/Resources/Fonts & Materials/LiberationSans SDF - Outline.mat using Guid(79459efec17a4d00a321bdcc27bbc385) Importer(815301076,1909f56bfc062723c751e8b465ee728b)  -> (artifact id: '5db4c5bd53554e5514f03258dd1ad33a') in 0.054247 seconds 
========================================================================
Received Import Request.
  Time since last request: 0.000027 seconds.
  path: Assets/Materials/Models/DAE format/stone_smallG.dae
  artifactKey: Guid(e0791a2f6699fec428f009ecf3a534d6) Importer(815301076,1909f56bfc062723c751e8b465ee728b)
Start importing Assets/Materials/Models/DAE format/stone_smallG.dae using Guid(e0791a2f6699fec428f009ecf3a534d6) Importer(815301076,1909f56bfc062723c751e8b465ee728b)  -> (artifact id: 'ac097681dcf37310ea40c9bf201ce851') in 0.051150 seconds 
========================================================================
Received Import Request.
  Time since last request: 0.000061 seconds.
  path: Assets/Materials/Models/OBJ format/ground_pathCross.obj
  artifactKey: Guid(9f0be844055b1584eb072699b85e0fa2) Importer(815301076,1909f56bfc062723c751e8b465ee728b)
Start importing Assets/Materials/Models/OBJ format/ground_pathCross.obj using Guid(9f0be844055b1584eb072699b85e0fa2) Importer(815301076,1909f56bfc062723c751e8b465ee728b)  -> (artifact id: '591ffcbadc8e59ee47fbef56758c2b6c') in 0.087173 seconds 
========================================================================
Received Import Request.
  Time since last request: 0.000031 seconds.
  path: Assets/Materials/Models/OBJ format/sign.obj
  artifactKey: Guid(266e043dc75a3d34485bbbc58b0059d9) Importer(815301076,1909f56bfc062723c751e8b465ee728b)
Start importing Assets/Materials/Models/OBJ format/sign.obj using Guid(266e043dc75a3d34485bbbc58b0059d9) Importer(815301076,1909f56bfc062723c751e8b465ee728b)  -> (artifact id: '8e4bc112db24ba1d8f90e365f03d7157') in 0.102316 seconds 
========================================================================
Received Import Request.
  Time since last request: 0.000050 seconds.
  path: Assets/Materials/Models/OBJ format/rock_smallD.obj
  artifactKey: Guid(a4b2f0f7594d3364ca995639e915c0f4) Importer(815301076,1909f56bfc062723c751e8b465ee728b)
Start importing Assets/Materials/Models/OBJ format/rock_smallD.obj using Guid(a4b2f0f7594d3364ca995639e915c0f4) Importer(815301076,1909f56bfc062723c751e8b465ee728b)  -> (artifact id: '2e7ed922efb93d3073630e5a4cccc96a') in 0.075514 seconds 
========================================================================
Received Import Request.
  Time since last request: 0.000027 seconds.
  path: Assets/Materials/Models/OBJ format/campfire_logs.obj
  artifactKey: Guid(23ed09cc10aad0d4199b9b68a18e9c9e) Importer(815301076,1909f56bfc062723c751e8b465ee728b)
Start importing Assets/Materials/Models/OBJ format/campfire_logs.obj using Guid(23ed09cc10aad0d4199b9b68a18e9c9e) Importer(815301076,1909f56bfc062723c751e8b465ee728b)  -> (artifact id: '660efa05a3574b641354673a190a6772') in 0.066807 seconds 
========================================================================
Received Import Request.
  Time since last request: 0.000030 seconds.
  path: Assets/Materials/Models/OBJ format/fence_simpleCenter.obj
  artifactKey: Guid(2fcbd137391531d4ca03208ff18297ca) Importer(815301076,1909f56bfc062723c751e8b465ee728b)
Start importing Assets/Materials/Models/OBJ format/fence_simpleCenter.obj using Guid(2fcbd137391531d4ca03208ff18297ca) Importer(815301076,1909f56bfc062723c751e8b465ee728b)  -> (artifact id: '65f2fcd6078d9ba764fc74c4197b9998') in 0.055636 seconds 
========================================================================
Received Import Request.
  Time since last request: 0.000034 seconds.
  path: Assets/Materials/Models/OBJ format/path_stoneCorner.obj
  artifactKey: Guid(a771db927423d7d47b6ecc2000c4f108) Importer(815301076,1909f56bfc062723c751e8b465ee728b)
Start importing Assets/Materials/Models/OBJ format/path_stoneCorner.obj using Guid(a771db927423d7d47b6ecc2000c4f108) Importer(815301076,1909f56bfc062723c751e8b465ee728b)  -> (artifact id: '49f9b1b02dc053d9b7f2960c0120930a') in 0.102350 seconds 
========================================================================
Received Import Request.
  Time since last request: 0.000058 seconds.
  path: Assets/Materials/Models/OBJ format/fence_gate.obj
  artifactKey: Guid(6aec52bf5186c024b84a65477e133ecd) Importer(815301076,1909f56bfc062723c751e8b465ee728b)
Start importing Assets/Materials/Models/OBJ format/fence_gate.obj using Guid(6aec52bf5186c024b84a65477e133ecd) Importer(815301076,1909f56bfc062723c751e8b465ee728b)  -> (artifact id: 'fa7c78acfeea8a1a99bb118889164eed') in 0.105042 seconds 
========================================================================
Received Import Request.
  Time since last request: 0.000048 seconds.
  path: Assets/Materials/Models/DAE format/stump_squareDetailedWide.dae
  artifactKey: Guid(8431097d4f2f40344aa9873885431884) Importer(815301076,1909f56bfc062723c751e8b465ee728b)
Start importing Assets/Materials/Models/DAE format/stump_squareDetailedWide.dae using Guid(8431097d4f2f40344aa9873885431884) Importer(815301076,1909f56bfc062723c751e8b465ee728b)  -> (artifact id: '6eaf973ee2e546f551583ddaae7d0373') in 0.075599 seconds 
========================================================================
Received Import Request.
  Time since last request: 0.000028 seconds.
  path: Assets/Materials/FBX format/cliff_halfCorner_stone.fbx
  artifactKey: Guid(d9ccd23ff5f60d443837ea57ee474dbd) Importer(815301076,1909f56bfc062723c751e8b465ee728b)
Start importing Assets/Materials/FBX format/cliff_halfCorner_stone.fbx using Guid(d9ccd23ff5f60d443837ea57ee474dbd) Importer(815301076,1909f56bfc062723c751e8b465ee728b)  -> (artifact id: '1eb730bc607a79f484a6476f887ae0f6') in 0.066682 seconds 
========================================================================
Received Import Request.
  Time since last request: 0.000043 seconds.
  path: Assets/Materials/FBX format/tree_default_fall.fbx
  artifactKey: Guid(9e0a1228225f19941a61954f03ab8765) Importer(815301076,1909f56bfc062723c751e8b465ee728b)
Start importing Assets/Materials/FBX format/tree_default_fall.fbx using Guid(9e0a1228225f19941a61954f03ab8765) Importer(815301076,1909f56bfc062723c751e8b465ee728b)  -> (artifact id: '362212d4402c92f66362c045d89cdd8b') in 0.079851 seconds 
========================================================================
Received Import Request.
  Time since last request: 0.000076 seconds.
  path: Assets/Materials/Models/OBJ format/mushroom_tan.obj
  artifactKey: Guid(02bc20c959d7868439f24556f7bdd2ee) Importer(815301076,1909f56bfc062723c751e8b465ee728b)
Start importing Assets/Materials/Models/OBJ format/mushroom_tan.obj using Guid(02bc20c959d7868439f24556f7bdd2ee) Importer(815301076,1909f56bfc062723c751e8b465ee728b)  -> (artifact id: 'f1499bf3ef98eb1c9f52a0279a26e31b') in 0.067665 seconds 
========================================================================
Received Import Request.
  Time since last request: 0.000053 seconds.
  path: Assets/Materials/Models/DAE format/plant_bushLargeTriangle.dae
  artifactKey: Guid(002699448dba63342b521e0ee4086e6b) Importer(815301076,1909f56bfc062723c751e8b465ee728b)
Start importing Assets/Materials/Models/DAE format/plant_bushLargeTriangle.dae using Guid(002699448dba63342b521e0ee4086e6b) Importer(815301076,1909f56bfc062723c751e8b465ee728b)  -> (artifact id: 'edeeb53f052027d87ab9052aa2bd713b') in 0.032005 seconds 
========================================================================
Received Import Request.
  Time since last request: 0.000027 seconds.
  path: Assets/Materials/Models/OBJ format/fence_simple.obj
  artifactKey: Guid(a80851fa395e79c46888b91a3ff8d288) Importer(815301076,1909f56bfc062723c751e8b465ee728b)
Start importing Assets/Materials/Models/OBJ format/fence_simple.obj using Guid(a80851fa395e79c46888b91a3ff8d288) Importer(815301076,1909f56bfc062723c751e8b465ee728b)  -> (artifact id: '5d5bba638f6df8d32d08cc75f48ad948') in 0.072082 seconds 
========================================================================
Received Import Request.
  Time since last request: 0.000034 seconds.
  path: Assets/Materials/Models/DAE format/tree_tall_fall.dae
  artifactKey: Guid(a9c6500d5e1ff934299a582d0c1932f7) Importer(815301076,1909f56bfc062723c751e8b465ee728b)
Start importing Assets/Materials/Models/DAE format/tree_tall_fall.dae using Guid(a9c6500d5e1ff934299a582d0c1932f7) Importer(815301076,1909f56bfc062723c751e8b465ee728b)  -> (artifact id: '7913963c97ce0855c48ba29dfeceafcb') in 0.059455 seconds 
========================================================================
Received Import Request.
  Time since last request: 0.000089 seconds.
  path: Assets/Materials/Models/OBJ format/tree_thin_fall.obj
  artifactKey: Guid(e797749d74229674d99d77a10c281ae4) Importer(815301076,1909f56bfc062723c751e8b465ee728b)
Start importing Assets/Materials/Models/OBJ format/tree_thin_fall.obj using Guid(e797749d74229674d99d77a10c281ae4) Importer(815301076,1909f56bfc062723c751e8b465ee728b)  -> (artifact id: '852d794bdcd7b59a797769d0e583be71') in 0.077644 seconds 
========================================================================
Received Import Request.
  Time since last request: 0.000140 seconds.
  path: Assets/Materials/Models/OBJ format/rock_smallG.obj
  artifactKey: Guid(507d626c08517fc45b3bcc5c1fa38b71) Importer(815301076,1909f56bfc062723c751e8b465ee728b)
Start importing Assets/Materials/Models/OBJ format/rock_smallG.obj using Guid(507d626c08517fc45b3bcc5c1fa38b71) Importer(815301076,1909f56bfc062723c751e8b465ee728b)  -> (artifact id: '4e0e588568a913cdf067d5f1a6a24141') in 0.074654 seconds 
========================================================================
Received Import Request.
  Time since last request: 0.000033 seconds.
  path: Assets/Materials/Models/DAE format/tree_default_fall.dae
  artifactKey: Guid(b81ae0650f7f6bf4a84e5f43f8e54a36) Importer(815301076,1909f56bfc062723c751e8b465ee728b)
Start importing Assets/Materials/Models/DAE format/tree_default_fall.dae using Guid(b81ae0650f7f6bf4a84e5f43f8e54a36) Importer(815301076,1909f56bfc062723c751e8b465ee728b)  -> (artifact id: '59d63d336a92fce0fab9416d23b0b053') in 0.062095 seconds 
========================================================================
Received Import Request.
  Time since last request: 0.000107 seconds.
  path: Assets/Materials/Models/DAE format/stone_tallA.dae
  artifactKey: Guid(8ed8a12c8b852574b9af340ff0be3736) Importer(815301076,1909f56bfc062723c751e8b465ee728b)
Start importing Assets/Materials/Models/DAE format/stone_tallA.dae using Guid(8ed8a12c8b852574b9af340ff0be3736) Importer(815301076,1909f56bfc062723c751e8b465ee728b)  -> (artifact id: 'b4a0993ed17ed29df011d6a0bcc1564f') in 0.067145 seconds 
========================================================================
Received Import Request.
  Time since last request: 0.000042 seconds.
  path: Assets/Materials/Models/DAE format/tree_pineTallD.dae
  artifactKey: Guid(5e503e320e15bb14aabd94aad93bf622) Importer(815301076,1909f56bfc062723c751e8b465ee728b)
Start importing Assets/Materials/Models/DAE format/tree_pineTallD.dae using Guid(5e503e320e15bb14aabd94aad93bf622) Importer(815301076,1909f56bfc062723c751e8b465ee728b)  -> (artifact id: '356305ebdc4383847f36abeb69ccac56') in 0.055446 seconds 
========================================================================
Received Import Request.
  Time since last request: 0.000042 seconds.
  path: Assets/Materials/FBX format/path_stoneCorner.fbx
  artifactKey: Guid(d46f532c6fb75be4e8ae5ad98b44bffe) Importer(815301076,1909f56bfc062723c751e8b465ee728b)
Start importing Assets/Materials/FBX format/path_stoneCorner.fbx using Guid(d46f532c6fb75be4e8ae5ad98b44bffe) Importer(815301076,1909f56bfc062723c751e8b465ee728b)  -> (artifact id: '0f8d4de20a04366e303ec62e7b8369ba') in 0.087805 seconds 
========================================================================
Received Import Request.
  Time since last request: 0.000035 seconds.
  path: Assets/Materials/Models/FBX format/stump_square.fbx
  artifactKey: Guid(a328ebc63616b0b4cb774b8723b081cc) Importer(815301076,1909f56bfc062723c751e8b465ee728b)
Start importing Assets/Materials/Models/FBX format/stump_square.fbx using Guid(a328ebc63616b0b4cb774b8723b081cc) Importer(815301076,1909f56bfc062723c751e8b465ee728b)  -> (artifact id: 'bb0dc7ae6d9730a2b8405172070ac8d5') in 0.043561 seconds 
========================================================================
Received Import Request.
  Time since last request: 0.000034 seconds.
  path: Assets/Materials/FBX format/cliff_cornerTop_rock.fbx
  artifactKey: Guid(2920ba0a4d20ac240b13dfd37cac2cce) Importer(815301076,1909f56bfc062723c751e8b465ee728b)
Start importing Assets/Materials/FBX format/cliff_cornerTop_rock.fbx using Guid(2920ba0a4d20ac240b13dfd37cac2cce) Importer(815301076,1909f56bfc062723c751e8b465ee728b)  -> (artifact id: '6b19580c66272fc601e835e23449bc2f') in 0.053885 seconds 
========================================================================
Received Import Request.
  Time since last request: 0.000037 seconds.
  path: Assets/Materials/Models/OBJ format/tree_pineTallD.obj
  artifactKey: Guid(01a09392d3cdda44d8a5e40ce250be89) Importer(815301076,1909f56bfc062723c751e8b465ee728b)
Start importing Assets/Materials/Models/OBJ format/tree_pineTallD.obj using Guid(01a09392d3cdda44d8a5e40ce250be89) Importer(815301076,1909f56bfc062723c751e8b465ee728b)  -> (artifact id: '25f0d508d05bd25016caea345a355ae4') in 0.184620 seconds 
========================================================================
Received Import Request.
  Time since last request: 0.000107 seconds.
  path: Assets/Materials/Models/OBJ format/tree_oak_fall.obj
  artifactKey: Guid(1b32b33f11977f844b6fcc78cc875a23) Importer(815301076,1909f56bfc062723c751e8b465ee728b)
Start importing Assets/Materials/Models/OBJ format/tree_oak_fall.obj using Guid(1b32b33f11977f844b6fcc78cc875a23) Importer(815301076,1909f56bfc062723c751e8b465ee728b)  -> (artifact id: '52f15ec0ba828a1a37d567d40c55d211') in 0.067196 seconds 
========================================================================
Received Import Request.
  Time since last request: 0.000120 seconds.
  path: Assets/Materials/Models/DAE format/cliff_waterfall_stone.dae
  artifactKey: Guid(513f5840893eb3f49822c2382b378dd4) Importer(815301076,1909f56bfc062723c751e8b465ee728b)
Start importing Assets/Materials/Models/DAE format/cliff_waterfall_stone.dae using Guid(513f5840893eb3f49822c2382b378dd4) Importer(815301076,1909f56bfc062723c751e8b465ee728b)  -> (artifact id: '6b9a6d809205a4e9ab25e6298d05e94d') in 0.085126 seconds 
========================================================================
Received Import Request.
  Time since last request: 0.000038 seconds.
  path: Assets/Materials/Models/OBJ format/bridge_stoneRound.obj
  artifactKey: Guid(97907480840926c459790e4dbb994758) Importer(815301076,1909f56bfc062723c751e8b465ee728b)
Start importing Assets/Materials/Models/OBJ format/bridge_stoneRound.obj using Guid(97907480840926c459790e4dbb994758) Importer(815301076,1909f56bfc062723c751e8b465ee728b)  -> (artifact id: 'b194a5056b2c7eeea8689464c6ea7487') in 0.094850 seconds 
========================================================================
Received Import Request.
  Time since last request: 0.000098 seconds.
  path: Assets/Materials/FBX format/rock_smallF.fbx
  artifactKey: Guid(fed044e454c8b8042ba67cbfa96925b4) Importer(815301076,1909f56bfc062723c751e8b465ee728b)
Start importing Assets/Materials/FBX format/rock_smallF.fbx using Guid(fed044e454c8b8042ba67cbfa96925b4) Importer(815301076,1909f56bfc062723c751e8b465ee728b)  -> (artifact id: 'd49ec0cf0735bd39da3faf58a00dadd1') in 0.073692 seconds 
========================================================================
Received Import Request.
  Time since last request: 0.000051 seconds.
  path: Assets/Materials/FBX format/crops_dirtRowEnd.fbx
  artifactKey: Guid(486cc39075da5644c94347408c03cc5d) Importer(815301076,1909f56bfc062723c751e8b465ee728b)
Start importing Assets/Materials/FBX format/crops_dirtRowEnd.fbx using Guid(486cc39075da5644c94347408c03cc5d) Importer(815301076,1909f56bfc062723c751e8b465ee728b)  -> (artifact id: 'dbe6e3050fc23924fb60b05044badf72') in 0.062954 seconds 
========================================================================
Received Import Request.
  Time since last request: 0.000055 seconds.
  path: Assets/Materials/Models/DAE format/tree_oak.dae
  artifactKey: Guid(9bdc277fea4e4d04d9e68ca45aef2f1c) Importer(815301076,1909f56bfc062723c751e8b465ee728b)
Start importing Assets/Materials/Models/DAE format/tree_oak.dae using Guid(9bdc277fea4e4d04d9e68ca45aef2f1c) Importer(815301076,1909f56bfc062723c751e8b465ee728b)  -> (artifact id: 'e2cd8fdb2b9d851af01095abfa6ddcf7') in 0.055088 seconds 
========================================================================
Received Import Request.
  Time since last request: 0.000053 seconds.
  path: Assets/Materials/Models/OBJ format/tree_small_fall.obj
  artifactKey: Guid(38e04ba3ed784af4082180daf1dd2dec) Importer(815301076,1909f56bfc062723c751e8b465ee728b)
Start importing Assets/Materials/Models/OBJ format/tree_small_fall.obj using Guid(38e04ba3ed784af4082180daf1dd2dec) Importer(815301076,1909f56bfc062723c751e8b465ee728b)  -> (artifact id: '03f1a5e0eadedc579cc072ddabe51ddd') in 0.249250 seconds 
========================================================================
Received Import Request.
  Time since last request: 0.000047 seconds.
  path: Assets/Materials/FBX format/tree_pineRoundF.fbx
  artifactKey: Guid(225d34277ec2b874ca14b90ff021c969) Importer(815301076,1909f56bfc062723c751e8b465ee728b)
Start importing Assets/Materials/FBX format/tree_pineRoundF.fbx using Guid(225d34277ec2b874ca14b90ff021c969) Importer(815301076,1909f56bfc062723c751e8b465ee728b)  -> (artifact id: '4ad47839613b338130eed26a1911d48d') in 0.077714 seconds 
========================================================================
Received Import Request.
  Time since last request: 0.000051 seconds.
  path: Assets/Materials/Models/OBJ format/tree_default_dark.obj
  artifactKey: Guid(db3987ad4219abf4bbd8cd337d02224f) Importer(815301076,1909f56bfc062723c751e8b465ee728b)
Start importing Assets/Materials/Models/OBJ format/tree_default_dark.obj using Guid(db3987ad4219abf4bbd8cd337d02224f) Importer(815301076,1909f56bfc062723c751e8b465ee728b)  -> (artifact id: '7c09da288e89b8c69473cb4bab8e6cbd') in 0.082733 seconds 
========================================================================
Received Import Request.
  Time since last request: 0.000043 seconds.
  path: Assets/Materials/Models/OBJ format/tree_pineRoundC.obj
  artifactKey: Guid(a5ec1eeb156d72f499d49b33ec0799cd) Importer(815301076,1909f56bfc062723c751e8b465ee728b)
Start importing Assets/Materials/Models/OBJ format/tree_pineRoundC.obj using Guid(a5ec1eeb156d72f499d49b33ec0799cd) Importer(815301076,1909f56bfc062723c751e8b465ee728b)  -> (artifact id: 'e12531a50dc9e7196f26f130a8d15b11') in 0.076729 seconds 
========================================================================
Received Import Request.
  Time since last request: 0.000069 seconds.
  path: Assets/Materials/FBX format/tree_pineSmallC.fbx
  artifactKey: Guid(e2af561d77022ed4cacd4a2fd5501512) Importer(815301076,1909f56bfc062723c751e8b465ee728b)
Start importing Assets/Materials/FBX format/tree_pineSmallC.fbx using Guid(e2af561d77022ed4cacd4a2fd5501512) Importer(815301076,1909f56bfc062723c751e8b465ee728b)  -> (artifact id: '58a5026b5123337ee101f2eb7f320538') in 0.060977 seconds 
========================================================================
Received Import Request.
  Time since last request: 0.000038 seconds.
  path: Assets/Materials/Models/OBJ format/tree_pineRoundB.obj
  artifactKey: Guid(b4334760c4244fe46a753f1f9ac241dd) Importer(815301076,1909f56bfc062723c751e8b465ee728b)
Start importing Assets/Materials/Models/OBJ format/tree_pineRoundB.obj using Guid(b4334760c4244fe46a753f1f9ac241dd) Importer(815301076,1909f56bfc062723c751e8b465ee728b)  -> (artifact id: '115d1b87c66293f2f884cc09ab22fcbb') in 0.069295 seconds 
========================================================================
Received Import Request.
  Time since last request: 0.000070 seconds.
  path: Assets/Materials/Models/DAE format/fence_simpleCenter.dae
  artifactKey: Guid(2472390a830571f4baddc03a64048c0b) Importer(815301076,1909f56bfc062723c751e8b465ee728b)
Start importing Assets/Materials/Models/DAE format/fence_simpleCenter.dae using Guid(2472390a830571f4baddc03a64048c0b) Importer(815301076,1909f56bfc062723c751e8b465ee728b)  -> (artifact id: '633e0e0fdf2a715d2c4f260e7df289a7') in 0.094416 seconds 
========================================================================
Received Import Request.
  Time since last request: 0.000025 seconds.
  path: Assets/Materials/FBX format/tree_plateau_fall.fbx
  artifactKey: Guid(5b69ff1b0dc655f46b0f536daec0186f) Importer(815301076,1909f56bfc062723c751e8b465ee728b)
Start importing Assets/Materials/FBX format/tree_plateau_fall.fbx using Guid(5b69ff1b0dc655f46b0f536daec0186f) Importer(815301076,1909f56bfc062723c751e8b465ee728b)  -> (artifact id: '5d9653e87b102e18727f1fbf3fa3feed') in 0.055274 seconds 
========================================================================
Received Import Request.
  Time since last request: 0.000030 seconds.
  path: Assets/Materials/FBX format/tree_pineRoundB.fbx
  artifactKey: Guid(97c9bbb64872a794a8d081dd06e5fc5f) Importer(815301076,1909f56bfc062723c751e8b465ee728b)
Start importing Assets/Materials/FBX format/tree_pineRoundB.fbx using Guid(97c9bbb64872a794a8d081dd06e5fc5f) Importer(815301076,1909f56bfc062723c751e8b465ee728b)  -> (artifact id: '474e8c9a1504cf7e1f9712818b30ebe8') in 0.096077 seconds 
========================================================================
Received Import Request.
  Time since last request: 0.069417 seconds.
  path: Assets/Materials/FBX format/tree_pineTallA.fbx
  artifactKey: Guid(258801d9d2e59f847918991f17469499) Importer(815301076,1909f56bfc062723c751e8b465ee728b)
Start importing Assets/Materials/FBX format/tree_pineTallA.fbx using Guid(258801d9d2e59f847918991f17469499) Importer(815301076,1909f56bfc062723c751e8b465ee728b)  -> (artifact id: '4e17775ebcf2a71a58dfd00c437b4dcb') in 0.041990 seconds 
========================================================================
Received Import Request.
  Time since last request: 0.000027 seconds.
  path: Assets/Materials/Models/DAE format/tree_oak_dark.dae
  artifactKey: Guid(e3027591efe3ae64f876b54de52a5c3a) Importer(815301076,1909f56bfc062723c751e8b465ee728b)
Start importing Assets/Materials/Models/DAE format/tree_oak_dark.dae using Guid(e3027591efe3ae64f876b54de52a5c3a) Importer(815301076,1909f56bfc062723c751e8b465ee728b)  -> (artifact id: '5855d10e371b6e4b8b9d0cdc6c73ea68') in 0.072380 seconds 
========================================================================
Received Import Request.
  Time since last request: 1.030594 seconds.
  path: Assets/Materials/FBX format/tree_pineRoundA.fbx
  artifactKey: Guid(2190d272079f631449225ff9e944fb3a) Importer(815301076,1909f56bfc062723c751e8b465ee728b)
Start importing Assets/Materials/FBX format/tree_pineRoundA.fbx using Guid(2190d272079f631449225ff9e944fb3a) Importer(815301076,1909f56bfc062723c751e8b465ee728b)  -> (artifact id: 'af99ce3f1c8477031bffdab75d8171db') in 0.082047 seconds 
========================================================================
Received Import Request.
  Time since last request: 0.198342 seconds.
  path: Assets/Materials/FBX format/tree_pineDefaultA.fbx
  artifactKey: Guid(643d4ad646e2b3e4c9405ae130bc6f8d) Importer(815301076,1909f56bfc062723c751e8b465ee728b)
Start importing Assets/Materials/FBX format/tree_pineDefaultA.fbx using Guid(643d4ad646e2b3e4c9405ae130bc6f8d) Importer(815301076,1909f56bfc062723c751e8b465ee728b)  -> (artifact id: '0f7ed94fee2d06e0bdf36a2aa53b40f8') in 0.036666 seconds 
========================================================================
Received Import Request.
  Time since last request: 0.231815 seconds.
  path: Assets/Materials/Models/DAE format/tree_cone_dark.dae
  artifactKey: Guid(2b0d68c3f8663294aaa4886f8624c3cb) Importer(815301076,1909f56bfc062723c751e8b465ee728b)
Start importing Assets/Materials/Models/DAE format/tree_cone_dark.dae using Guid(2b0d68c3f8663294aaa4886f8624c3cb) Importer(815301076,1909f56bfc062723c751e8b465ee728b)  -> (artifact id: '5adbf88cb62a07a5967919b0be9596a4') in 0.052867 seconds 
========================================================================
Received Import Request.
  Time since last request: 0.000028 seconds.
  path: Assets/Materials/Models/OBJ format/tree_pineTallB.obj
  artifactKey: Guid(f00fe928319fc554ea38ffb9a6c35d01) Importer(815301076,1909f56bfc062723c751e8b465ee728b)
Start importing Assets/Materials/Models/OBJ format/tree_pineTallB.obj using Guid(f00fe928319fc554ea38ffb9a6c35d01) Importer(815301076,1909f56bfc062723c751e8b465ee728b)  -> (artifact id: '1a266120f1d887609fcfea8f81dec41a') in 0.165383 seconds 
========================================================================
Received Import Request.
  Time since last request: 0.048064 seconds.
  path: Assets/Materials/Models/OBJ format/tree_blocks_dark.obj
  artifactKey: Guid(b496c986e40d5a74d80e844dc1e3d36f) Importer(815301076,1909f56bfc062723c751e8b465ee728b)
Start importing Assets/Materials/Models/OBJ format/tree_blocks_dark.obj using Guid(b496c986e40d5a74d80e844dc1e3d36f) Importer(815301076,1909f56bfc062723c751e8b465ee728b)  -> (artifact id: '9c284c76dd4e1ca39c557eda08647ca9') in 0.057337 seconds 
========================================================================
Received Import Request.
  Time since last request: 0.000030 seconds.
  path: Assets/Materials/Models/DAE format/tree_pineTallC.dae
  artifactKey: Guid(9c7e60cc9d86cbe4fad34a4e4eda9e96) Importer(815301076,1909f56bfc062723c751e8b465ee728b)
Start importing Assets/Materials/Models/DAE format/tree_pineTallC.dae using Guid(9c7e60cc9d86cbe4fad34a4e4eda9e96) Importer(815301076,1909f56bfc062723c751e8b465ee728b)  -> (artifact id: '478f2a4b7e8a21300f72b99bf19b1af6') in 0.089592 seconds 
========================================================================
Received Import Request.
  Time since last request: 0.097120 seconds.
  path: Assets/Materials/Models/DAE format/tree_pineRoundE.dae
  artifactKey: Guid(a2e29a3e7df257f4c84094c885d24a38) Importer(815301076,1909f56bfc062723c751e8b465ee728b)
Start importing Assets/Materials/Models/DAE format/tree_pineRoundE.dae using Guid(a2e29a3e7df257f4c84094c885d24a38) Importer(815301076,1909f56bfc062723c751e8b465ee728b)  -> (artifact id: 'bffd34d00839608fe8b6a465fc150102') in 0.041684 seconds 
========================================================================
Received Import Request.
  Time since last request: 0.196650 seconds.
  path: Assets/Materials/Models/OBJ format/tree_detailed_dark.obj
  artifactKey: Guid(0554e798fa56e1948a64b20ae20ef940) Importer(815301076,1909f56bfc062723c751e8b465ee728b)
Start importing Assets/Materials/Models/OBJ format/tree_detailed_dark.obj using Guid(0554e798fa56e1948a64b20ae20ef940) Importer(815301076,1909f56bfc062723c751e8b465ee728b)  -> (artifact id: '0b28c5122a3585a3383a69a3c8950e2b') in 0.155606 seconds 
========================================================================
Received Import Request.
  Time since last request: 0.101002 seconds.
  path: Assets/Materials/FBX format/tree_tall_dark.fbx
  artifactKey: Guid(2a2ec797cccc9b9438a9ab8772305158) Importer(815301076,1909f56bfc062723c751e8b465ee728b)
Start importing Assets/Materials/FBX format/tree_tall_dark.fbx using Guid(2a2ec797cccc9b9438a9ab8772305158) Importer(815301076,1909f56bfc062723c751e8b465ee728b)  -> (artifact id: 'ffb7faf5cda4a9e433faedf1e8e37be3') in 0.091940 seconds 
========================================================================
Received Import Request.
  Time since last request: 0.000028 seconds.
  path: Assets/Materials/FBX format/tree_default_dark.fbx
  artifactKey: Guid(99ee99d381e620840ba8c0db894ff457) Importer(815301076,1909f56bfc062723c751e8b465ee728b)
Start importing Assets/Materials/FBX format/tree_default_dark.fbx using Guid(99ee99d381e620840ba8c0db894ff457) Importer(815301076,1909f56bfc062723c751e8b465ee728b)  -> (artifact id: 'b36df2ea3370537c59d68bdb7a13010e') in 0.051055 seconds 
========================================================================
Received Import Request.
  Time since last request: 0.424872 seconds.
  path: Assets/Materials/Models/OBJ format/tree_cone_dark.obj
  artifactKey: Guid(ae6292f76b586a444872f7f2a4d999f2) Importer(815301076,1909f56bfc062723c751e8b465ee728b)
Start importing Assets/Materials/Models/OBJ format/tree_cone_dark.obj using Guid(ae6292f76b586a444872f7f2a4d999f2) Importer(815301076,1909f56bfc062723c751e8b465ee728b)  -> (artifact id: '2390210c76596635c72e4ed4272c7029') in 0.044875 seconds 
Editor requested this worker to shutdown with reason: Scaling down because of idle timeout
AssetImportWorker is now disconnected from the server
Process exiting
Exiting without the bug reporter. Application will terminate with return code 0