Using pre-set license
Built from '2021.3/staging' branch; Version is '2021.3.18f1 (3129e69bc0c7) revision 3221990'; Using compiler version '192829333'; Build Type 'Release'
OS: 'Windows 11  (10.0.22621) 64bit Core' Language: 'en' Physical Memory: 7973 MB
BatchMode: 1, IsHumanControllingUs: 0, StartBugReporterOnCrash: 0, Is64bit: 1, IsPro: 1

COMMAND LINE ARGUMENTS:
C:\Program Files\Unity\Hub\Editor\2021.3.18f1\Editor\Unity.exe
-adb2
-batchMode
-noUpm
-name
AssetImportWorker5
-projectPath
C:/Users/Valued Customer/Desktop/unity-animation
-logFile
Logs/AssetImportWorker5.log
-srvPort
58739
Successfully changed project path to: C:/Users/Valued Customer/Desktop/unity-animation
C:/Users/Valued Customer/Desktop/unity-animation
[UnityMemory] Configuration Parameters - Can be set up in boot.config
    "memorysetup-bucket-allocator-granularity=16"
    "memorysetup-bucket-allocator-bucket-count=8"
    "memorysetup-bucket-allocator-block-size=33554432"
    "memorysetup-bucket-allocator-block-count=8"
    "memorysetup-main-allocator-block-size=16777216"
    "memorysetup-thread-allocator-block-size=16777216"
    "memorysetup-gfx-main-allocator-block-size=16777216"
    "memorysetup-gfx-thread-allocator-block-size=16777216"
    "memorysetup-cache-allocator-block-size=4194304"
    "memorysetup-typetree-allocator-block-size=2097152"
    "memorysetup-profiler-bucket-allocator-granularity=16"
    "memorysetup-profiler-bucket-allocator-bucket-count=8"
    "memorysetup-profiler-bucket-allocator-block-size=33554432"
    "memorysetup-profiler-bucket-allocator-block-count=8"
    "memorysetup-profiler-allocator-block-size=16777216"
    "memorysetup-profiler-editor-allocator-block-size=1048576"
    "memorysetup-temp-allocator-size-main=16777216"
    "memorysetup-job-temp-allocator-block-size=2097152"
    "memorysetup-job-temp-allocator-block-size-background=1048576"
    "memorysetup-job-temp-allocator-reduction-small-platforms=262144"
    "memorysetup-temp-allocator-size-background-worker=32768"
    "memorysetup-temp-allocator-size-job-worker=262144"
    "memorysetup-temp-allocator-size-preload-manager=33554432"
    "memorysetup-temp-allocator-size-nav-mesh-worker=65536"
    "memorysetup-temp-allocator-size-audio-worker=65536"
    "memorysetup-temp-allocator-size-cloud-worker=32768"
    "memorysetup-temp-allocator-size-gi-baking-worker=262144"
    "memorysetup-temp-allocator-size-gfx=262144"
Player connection [2184] Host "[IP] 192.168.12.225 [Port] 0 [Flags] 2 [Guid] 1744022864 [EditorId] 1744022864 [Version] 1048832 [Id] WindowsEditor(7,DESKTOP-S70E99H) [Debug] 1 [PackageName] WindowsEditor [ProjectName] Editor" joined multi-casting on [225.0.0.222:54997]...

Player connection [2184] Host "[IP] 192.168.12.225 [Port] 0 [Flags] 2 [Guid] 1744022864 [EditorId] 1744022864 [Version] 1048832 [Id] WindowsEditor(7,DESKTOP-S70E99H) [Debug] 1 [PackageName] WindowsEditor [ProjectName] Editor" joined alternative multi-casting on [225.0.0.222:34997]...

Refreshing native plugins compatible for Editor in 148.99 ms, found 3 plugins.
Preloading 0 native plugins for Editor in 0.00 ms.
Initialize engine version: 2021.3.18f1 (3129e69bc0c7)
[Subsystems] Discovering subsystems at path C:/Program Files/Unity/Hub/Editor/2021.3.18f1/Editor/Data/Resources/UnitySubsystems
[Subsystems] Discovering subsystems at path C:/Users/Valued Customer/Desktop/unity-animation/Assets
GfxDevice: creating device client; threaded=0; jobified=0
Direct3D:
    Version:  Direct3D 11.0 [level 11.1]
    Renderer: Intel(R) UHD Graphics (ID=0x9b41)
    Vendor:   Intel
    VRAM:     3986 MB
    Driver:   26.20.100.7870
Initialize mono
Mono path[0] = 'C:/Program Files/Unity/Hub/Editor/2021.3.18f1/Editor/Data/Managed'
Mono path[1] = 'C:/Program Files/Unity/Hub/Editor/2021.3.18f1/Editor/Data/MonoBleedingEdge/lib/mono/unityjit-win32'
Mono config path = 'C:/Program Files/Unity/Hub/Editor/2021.3.18f1/Editor/Data/MonoBleedingEdge/etc'
Using monoOptions --debugger-agent=transport=dt_socket,embedding=1,server=y,suspend=n,address=127.0.0.1:56760
Begin MonoManager ReloadAssembly
Registering precompiled unity dll's ...
Register platform support module: C:/Program Files/Unity/Hub/Editor/2021.3.18f1/Editor/Data/PlaybackEngines/WindowsStandaloneSupport/UnityEditor.WindowsStandalone.Extensions.dll
Registered in 0.012187 seconds.
Native extension for WindowsStandalone target not found
Refreshing native plugins compatible for Editor in 164.72 ms, found 3 plugins.
Preloading 0 native plugins for Editor in 0.00 ms.
Mono: successfully reloaded assembly
- Completed reload, in  1.713 seconds
Domain Reload Profiling:
	ReloadAssembly (1713ms)
		BeginReloadAssembly (242ms)
			ExecutionOrderSort (0ms)
			DisableScriptedObjects (0ms)
			BackupInstance (0ms)
			ReleaseScriptingObjects (0ms)
			CreateAndSetChildDomain (1ms)
		EndReloadAssembly (1032ms)
			LoadAssemblies (246ms)
			RebuildTransferFunctionScriptingTraits (0ms)
			SetupTypeCache (270ms)
			ReleaseScriptCaches (0ms)
			RebuildScriptCaches (85ms)
			SetupLoadedEditorAssemblies (556ms)
				LogAssemblyErrors (0ms)
				InitializePlatformSupportModulesInManaged (13ms)
				SetLoadedEditorAssemblies (0ms)
				RefreshPlugins (165ms)
				BeforeProcessingInitializeOnLoad (3ms)
				ProcessInitializeOnLoadAttributes (303ms)
				ProcessInitializeOnLoadMethodAttributes (71ms)
				AfterProcessingInitializeOnLoad (0ms)
				EditorAssembliesLoaded (0ms)
			ExecutionOrderSort2 (0ms)
			AwakeInstancesAfterBackupRestoration (0ms)
Platform modules already initialized, skipping
Registering precompiled user dll's ...
Registered in 0.005235 seconds.
Begin MonoManager ReloadAssembly
Symbol file LoadedFromMemory doesn't match image C:\Users\Valued Customer\Desktop\unity-animation\Library\PackageCache\com.unity.visualscripting@1.8.0\Editor\VisualScripting.Core\Dependencies\YamlDotNet\Unity.VisualScripting.YamlDotNet.dll
Symbol file LoadedFromMemory doesn't match image C:\Users\Valued Customer\Desktop\unity-animation\Library\PackageCache\com.unity.visualscripting@1.8.0\Editor\VisualScripting.Core\Dependencies\DotNetZip\Unity.VisualScripting.IonicZip.dll
Native extension for WindowsStandalone target not found
Refreshing native plugins compatible for Editor in 0.88 ms, found 3 plugins.
Preloading 0 native plugins for Editor in 0.00 ms.
Mono: successfully reloaded assembly
- Completed reload, in  1.498 seconds
Domain Reload Profiling:
	ReloadAssembly (1500ms)
		BeginReloadAssembly (155ms)
			ExecutionOrderSort (0ms)
			DisableScriptedObjects (12ms)
			BackupInstance (0ms)
			ReleaseScriptingObjects (0ms)
			CreateAndSetChildDomain (25ms)
		EndReloadAssembly (1187ms)
			LoadAssemblies (130ms)
			RebuildTransferFunctionScriptingTraits (0ms)
			SetupTypeCache (299ms)
			ReleaseScriptCaches (1ms)
			RebuildScriptCaches (74ms)
			SetupLoadedEditorAssemblies (606ms)
				LogAssemblyErrors (0ms)
				InitializePlatformSupportModulesInManaged (8ms)
				SetLoadedEditorAssemblies (1ms)
				RefreshPlugins (1ms)
				BeforeProcessingInitializeOnLoad (103ms)
				ProcessInitializeOnLoadAttributes (435ms)
				ProcessInitializeOnLoadMethodAttributes (50ms)
				AfterProcessingInitializeOnLoad (8ms)
				EditorAssembliesLoaded (0ms)
			ExecutionOrderSort2 (0ms)
			AwakeInstancesAfterBackupRestoration (14ms)
Platform modules already initialized, skipping
========================================================================
Worker process is ready to serve import requests
Launched and connected shader compiler UnityShaderCompiler.exe after 0.07 seconds
Refreshing native plugins compatible for Editor in 0.88 ms, found 3 plugins.
Preloading 0 native plugins for Editor in 0.00 ms.
Unloading 3102 Unused Serialized files (Serialized files now loaded: 0)
Unloading 34 unused Assets / (129.0 KB). Loaded Objects now: 3567.
Memory consumption went from 114.1 MB to 114.0 MB.
Total: 3.671500 ms (FindLiveObjects: 0.336700 ms CreateObjectMapping: 0.296300 ms MarkObjects: 2.928100 ms  DeleteObjects: 0.109200 ms)

AssetImportParameters requested are different than current active one (requested -> active):
  custom:video-decoder-ogg-theora: a1e56fd34408186e4bbccfd4996cb3dc -> 
  custom:container-muxer-webm: aa71ff27fc2769a1b78a27578f13a17b -> 
  custom:container-demuxer-webm: 4f35f7cbe854078d1ac9338744f61a02 -> 
  custom:video-encoder-webm-vp8: eb34c28f22e8b96e1ab97ce403110664 -> 
  custom:audio-encoder-webm-vorbis: bf7c407c2cedff20999df2af8eb42d56 -> 
  custom:framework-win-MediaFoundation: 216162199b28c13a410421893ffa2e32 -> 
  custom:container-demuxer-ogg: 62fdf1f143b41e24485cea50d1cbac27 -> 
  custom:video-decoder-webm-vp8: 9c59270c3fd7afecdb556c50c9e8de78 -> 
  custom:audio-decoder-ogg-vorbis: bf7c407c2cedff20999df2af8eb42d56 -> 
========================================================================
Received Import Request.
  Time since last request: 179497.443334 seconds.
  path: Assets/Materials/FBX format/bridge_center_wood.fbx
  artifactKey: Guid(f478a41e78df74b47ab78ded191e5a87) Importer(815301076,1909f56bfc062723c751e8b465ee728b)
Start importing Assets/Materials/FBX format/bridge_center_wood.fbx using Guid(f478a41e78df74b47ab78ded191e5a87) Importer(815301076,1909f56bfc062723c751e8b465ee728b)  -> (artifact id: 'e6e6f0cbc9e55c870668782ce5cc1e3e') in 0.353161 seconds 
========================================================================
Received Import Request.
  Time since last request: 0.000044 seconds.
  path: Assets/Materials/Models/OBJ format/tree_pineGroundA.obj
  artifactKey: Guid(0aefe9c7bf10c4b4e9ac0cea115d59c5) Importer(815301076,1909f56bfc062723c751e8b465ee728b)
Start importing Assets/Materials/Models/OBJ format/tree_pineGroundA.obj using Guid(0aefe9c7bf10c4b4e9ac0cea115d59c5) Importer(815301076,1909f56bfc062723c751e8b465ee728b)  -> (artifact id: '2358ecb5d59958ce44229cb55c565296') in 0.043395 seconds 
========================================================================
Received Import Request.
  Time since last request: 0.000113 seconds.
  path: Assets/Materials/Models/FBX format/tree_palmShort.fbx
  artifactKey: Guid(d253441ed5e6c634bba33b722a096fd1) Importer(815301076,1909f56bfc062723c751e8b465ee728b)
Start importing Assets/Materials/Models/FBX format/tree_palmShort.fbx using Guid(d253441ed5e6c634bba33b722a096fd1) Importer(815301076,1909f56bfc062723c751e8b465ee728b)  -> (artifact id: 'fa152c63ce9fc035f260e0ed377436c4') in 0.053043 seconds 
========================================================================
Received Import Request.
  Time since last request: 0.000026 seconds.
  path: Assets/Materials/FBX format/flower_yellowA.fbx
  artifactKey: Guid(e3f47e8d74cdfe741b7a7280139b28e4) Importer(815301076,1909f56bfc062723c751e8b465ee728b)
Start importing Assets/Materials/FBX format/flower_yellowA.fbx using Guid(e3f47e8d74cdfe741b7a7280139b28e4) Importer(815301076,1909f56bfc062723c751e8b465ee728b)  -> (artifact id: '8fdb8c21d2c28b16ac5abe12c9050f42') in 0.087871 seconds 
========================================================================
Received Import Request.
  Time since last request: 0.000023 seconds.
  path: Assets/Materials/Models/OBJ format/ground_pathStraight.obj
  artifactKey: Guid(9225d017b6f2ca64ea57bd00c6d65e9e) Importer(815301076,1909f56bfc062723c751e8b465ee728b)
Start importing Assets/Materials/Models/OBJ format/ground_pathStraight.obj using Guid(9225d017b6f2ca64ea57bd00c6d65e9e) Importer(815301076,1909f56bfc062723c751e8b465ee728b)  -> (artifact id: '2b1de2105f2123c35f8ce78b7f356ba3') in 0.074406 seconds 
========================================================================
Received Import Request.
  Time since last request: 0.000046 seconds.
  path: Assets/Materials/Models/OBJ format/cliff_half_rock.obj
  artifactKey: Guid(3f1e87172557291428e851b1b69eca56) Importer(815301076,1909f56bfc062723c751e8b465ee728b)
Start importing Assets/Materials/Models/OBJ format/cliff_half_rock.obj using Guid(3f1e87172557291428e851b1b69eca56) Importer(815301076,1909f56bfc062723c751e8b465ee728b)  -> (artifact id: 'f164004e31ec05f04889ad5d8c2e7104') in 0.052259 seconds 
========================================================================
Received Import Request.
  Time since last request: 0.000201 seconds.
  path: Assets/Materials/Models/OBJ format/crops_bambooStageB.obj
  artifactKey: Guid(104c063790d8469428ba3ceb5fa6e79f) Importer(815301076,1909f56bfc062723c751e8b465ee728b)
Start importing Assets/Materials/Models/OBJ format/crops_bambooStageB.obj using Guid(104c063790d8469428ba3ceb5fa6e79f) Importer(815301076,1909f56bfc062723c751e8b465ee728b)  -> (artifact id: '03cfb4254dd66925417a713b432fec47') in 0.038220 seconds 
========================================================================
Received Import Request.
  Time since last request: 0.000074 seconds.
  path: Assets/Materials/Models/DAE format/cactus_tall.dae
  artifactKey: Guid(48c2979779365fc4dad8b2b4bfb82c2a) Importer(815301076,1909f56bfc062723c751e8b465ee728b)
Start importing Assets/Materials/Models/DAE format/cactus_tall.dae using Guid(48c2979779365fc4dad8b2b4bfb82c2a) Importer(815301076,1909f56bfc062723c751e8b465ee728b)  -> (artifact id: '22049d2be8edd6f5dee6581987622f0f') in 0.055197 seconds 
========================================================================
Received Import Request.
  Time since last request: 0.000040 seconds.
  path: Assets/Materials/FBX format/tent_smallClosed.fbx
  artifactKey: Guid(ce790f5f6f2e7034f92bca5625869187) Importer(815301076,1909f56bfc062723c751e8b465ee728b)
Start importing Assets/Materials/FBX format/tent_smallClosed.fbx using Guid(ce790f5f6f2e7034f92bca5625869187) Importer(815301076,1909f56bfc062723c751e8b465ee728b)  -> (artifact id: '24c160e12d63d45e619d43c7ff021754') in 0.291796 seconds 
========================================================================
Received Import Request.
  Time since last request: 0.000568 seconds.
  path: Assets/Materials/Models/OBJ format/ground_pathSplit.obj
  artifactKey: Guid(ce1854814775abf4daa7cd96899d6153) Importer(815301076,1909f56bfc062723c751e8b465ee728b)
Start importing Assets/Materials/Models/OBJ format/ground_pathSplit.obj using Guid(ce1854814775abf4daa7cd96899d6153) Importer(815301076,1909f56bfc062723c751e8b465ee728b)  -> (artifact id: '5df544b1745f0bb69e5d9b97849458a8') in 0.151114 seconds 
========================================================================
Received Import Request.
  Time since last request: 0.000059 seconds.
  path: Assets/Materials/Models/OBJ format/platform_grass.obj
  artifactKey: Guid(bf240597fad5c9d4db540cdb36ea62df) Importer(815301076,1909f56bfc062723c751e8b465ee728b)
Start importing Assets/Materials/Models/OBJ format/platform_grass.obj using Guid(bf240597fad5c9d4db540cdb36ea62df) Importer(815301076,1909f56bfc062723c751e8b465ee728b)  -> (artifact id: 'e12c70642b8f88b7fa1ab707767c8cb8') in 0.055818 seconds 
========================================================================
Received Import Request.
  Time since last request: 0.000030 seconds.
  path: Assets/Materials/Models/OBJ format/rock_largeC.obj
  artifactKey: Guid(c89dc394617a08c40849a5f3a4b71965) Importer(815301076,1909f56bfc062723c751e8b465ee728b)
Start importing Assets/Materials/Models/OBJ format/rock_largeC.obj using Guid(c89dc394617a08c40849a5f3a4b71965) Importer(815301076,1909f56bfc062723c751e8b465ee728b)  -> (artifact id: 'b5c61a2b20e4a298057a1ed523406f1f') in 0.056591 seconds 
========================================================================
Received Import Request.
  Time since last request: 0.000045 seconds.
  path: Assets/Materials/FBX format/mushroom_redTall.fbx
  artifactKey: Guid(eeed37ae333341e40be4141ad3d57118) Importer(815301076,1909f56bfc062723c751e8b465ee728b)
Start importing Assets/Materials/FBX format/mushroom_redTall.fbx using Guid(eeed37ae333341e40be4141ad3d57118) Importer(815301076,1909f56bfc062723c751e8b465ee728b)  -> (artifact id: 'f8f9729d47a4e65930722276cc3b90ab') in 0.045118 seconds 
========================================================================
Received Import Request.
  Time since last request: 0.000045 seconds.
  path: Assets/Materials/FBX format/cliff_block_rock.fbx
  artifactKey: Guid(1a1d0175083082449ac4ea4b4964a46e) Importer(815301076,1909f56bfc062723c751e8b465ee728b)
Start importing Assets/Materials/FBX format/cliff_block_rock.fbx using Guid(1a1d0175083082449ac4ea4b4964a46e) Importer(815301076,1909f56bfc062723c751e8b465ee728b)  -> (artifact id: 'd6eb57e8ecfb289f4df34978351e9e37') in 0.053225 seconds 
========================================================================
Received Import Request.
  Time since last request: 0.000035 seconds.
  path: Assets/Materials/FBX format/ground_pathEnd.fbx
  artifactKey: Guid(1c0dd0a559606694d867b381d1dc8eb8) Importer(815301076,1909f56bfc062723c751e8b465ee728b)
Start importing Assets/Materials/FBX format/ground_pathEnd.fbx using Guid(1c0dd0a559606694d867b381d1dc8eb8) Importer(815301076,1909f56bfc062723c751e8b465ee728b)  -> (artifact id: '21931cdbd28aa024ba41bbbec5eb70c5') in 0.053171 seconds 
========================================================================
Received Import Request.
  Time since last request: 0.000096 seconds.
  path: Assets/Materials/FBX format/flower_redB.fbx
  artifactKey: Guid(bb4cd91b97e96104b982dd61a86259c4) Importer(815301076,1909f56bfc062723c751e8b465ee728b)
Start importing Assets/Materials/FBX format/flower_redB.fbx using Guid(bb4cd91b97e96104b982dd61a86259c4) Importer(815301076,1909f56bfc062723c751e8b465ee728b)  -> (artifact id: 'e5c106798ad50f4c3c6d9170ee95899d') in 0.047609 seconds 
========================================================================
Received Import Request.
  Time since last request: 0.000027 seconds.
  path: Assets/Materials/FBX format/ground_pathEndClosed.fbx
  artifactKey: Guid(4329cd611b5066741bb38a7839052f5b) Importer(815301076,1909f56bfc062723c751e8b465ee728b)
Start importing Assets/Materials/FBX format/ground_pathEndClosed.fbx using Guid(4329cd611b5066741bb38a7839052f5b) Importer(815301076,1909f56bfc062723c751e8b465ee728b)  -> (artifact id: '1bce5aa46fba8d2c61854373d1b32b2c') in 0.070811 seconds 
========================================================================
Received Import Request.
  Time since last request: 0.000037 seconds.
  path: Assets/Materials/Models/OBJ format/flower_yellowC.obj
  artifactKey: Guid(f72f7b2774152844ebf949589bdd0a33) Importer(815301076,1909f56bfc062723c751e8b465ee728b)
Start importing Assets/Materials/Models/OBJ format/flower_yellowC.obj using Guid(f72f7b2774152844ebf949589bdd0a33) Importer(815301076,1909f56bfc062723c751e8b465ee728b)  -> (artifact id: '28c11b1e1ac9cafccf8d6e798cb80864') in 0.079285 seconds 
========================================================================
Received Import Request.
  Time since last request: 0.000036 seconds.
  path: Assets/Materials/Models/OBJ format/crops_cornStageB.obj
  artifactKey: Guid(58bba89b80108c942b788370b717f421) Importer(815301076,1909f56bfc062723c751e8b465ee728b)
Start importing Assets/Materials/Models/OBJ format/crops_cornStageB.obj using Guid(58bba89b80108c942b788370b717f421) Importer(815301076,1909f56bfc062723c751e8b465ee728b)  -> (artifact id: 'b7a6c00d55f93e8e797c63a6bee712dc') in 0.043808 seconds 
========================================================================
Received Import Request.
  Time since last request: 0.000121 seconds.
  path: Assets/Materials/FBX format/plant_bushLarge.fbx
  artifactKey: Guid(b001af70363a1ee4ab413831b17bee5c) Importer(815301076,1909f56bfc062723c751e8b465ee728b)
Start importing Assets/Materials/FBX format/plant_bushLarge.fbx using Guid(b001af70363a1ee4ab413831b17bee5c) Importer(815301076,1909f56bfc062723c751e8b465ee728b)  -> (artifact id: 'daae738ff86bd8b8d30d2298901ab3a1') in 0.032684 seconds 
========================================================================
Received Import Request.
  Time since last request: 0.000083 seconds.
  path: Assets/Materials/Models/OBJ format/cliff_stepsCornerInner_rock.obj
  artifactKey: Guid(7cd0254da3ab1254693035d13df08b42) Importer(815301076,1909f56bfc062723c751e8b465ee728b)
Start importing Assets/Materials/Models/OBJ format/cliff_stepsCornerInner_rock.obj using Guid(7cd0254da3ab1254693035d13df08b42) Importer(815301076,1909f56bfc062723c751e8b465ee728b)  -> (artifact id: 'ed5c3c870b6f2c29d95247b1e0f76de8') in 0.073000 seconds 
========================================================================
Received Import Request.
  Time since last request: 0.000023 seconds.
  path: Assets/Materials/Models/OBJ format/rock_smallF.obj
  artifactKey: Guid(f70623acc680bef468a60defb8f50166) Importer(815301076,1909f56bfc062723c751e8b465ee728b)
Start importing Assets/Materials/Models/OBJ format/rock_smallF.obj using Guid(f70623acc680bef468a60defb8f50166) Importer(815301076,1909f56bfc062723c751e8b465ee728b)  -> (artifact id: '931fe8d36b8c3be2c5bacc420d92dd13') in 0.052524 seconds 
========================================================================
Received Import Request.
  Time since last request: 0.000051 seconds.
  path: Assets/Materials/FBX format/path_stoneCircle.fbx
  artifactKey: Guid(70bd667ed887672428c0af369bec037c) Importer(815301076,1909f56bfc062723c751e8b465ee728b)
Start importing Assets/Materials/FBX format/path_stoneCircle.fbx using Guid(70bd667ed887672428c0af369bec037c) Importer(815301076,1909f56bfc062723c751e8b465ee728b)  -> (artifact id: '55b21acf9c3d461151160a86f9e68607') in 0.065993 seconds 
Editor requested this worker to shutdown with reason: Scaling down because of idle timeout
AssetImportWorker is now disconnected from the server
Process exiting
Exiting without the bug reporter. Application will terminate with return code 0