Using pre-set license
Built from '2021.3/staging' branch; Version is '2021.3.18f1 (3129e69bc0c7) revision 3221990'; Using compiler version '192829333'; Build Type 'Release'
OS: 'Windows 11  (10.0.22621) 64bit Core' Language: 'en' Physical Memory: 7973 MB
BatchMode: 1, IsHumanControllingUs: 0, StartBugReporterOnCrash: 0, Is64bit: 1, IsPro: 1

COMMAND LINE ARGUMENTS:
C:\Program Files\Unity\Hub\Editor\2021.3.18f1\Editor\Unity.exe
-adb2
-batchMode
-noUpm
-name
AssetImportWorker4
-projectPath
C:/Users/Valued Customer/Desktop/unity-animation
-logFile
Logs/AssetImportWorker4.log
-srvPort
59289
Successfully changed project path to: C:/Users/Valued Customer/Desktop/unity-animation
C:/Users/Valued Customer/Desktop/unity-animation
[UnityMemory] Configuration Parameters - Can be set up in boot.config
    "memorysetup-bucket-allocator-granularity=16"
    "memorysetup-bucket-allocator-bucket-count=8"
    "memorysetup-bucket-allocator-block-size=33554432"
    "memorysetup-bucket-allocator-block-count=8"
    "memorysetup-main-allocator-block-size=16777216"
    "memorysetup-thread-allocator-block-size=16777216"
    "memorysetup-gfx-main-allocator-block-size=16777216"
    "memorysetup-gfx-thread-allocator-block-size=16777216"
    "memorysetup-cache-allocator-block-size=4194304"
    "memorysetup-typetree-allocator-block-size=2097152"
    "memorysetup-profiler-bucket-allocator-granularity=16"
    "memorysetup-profiler-bucket-allocator-bucket-count=8"
    "memorysetup-profiler-bucket-allocator-block-size=33554432"
    "memorysetup-profiler-bucket-allocator-block-count=8"
    "memorysetup-profiler-allocator-block-size=16777216"
    "memorysetup-profiler-editor-allocator-block-size=1048576"
    "memorysetup-temp-allocator-size-main=16777216"
    "memorysetup-job-temp-allocator-block-size=2097152"
    "memorysetup-job-temp-allocator-block-size-background=1048576"
    "memorysetup-job-temp-allocator-reduction-small-platforms=262144"
    "memorysetup-temp-allocator-size-background-worker=32768"
    "memorysetup-temp-allocator-size-job-worker=262144"
    "memorysetup-temp-allocator-size-preload-manager=33554432"
    "memorysetup-temp-allocator-size-nav-mesh-worker=65536"
    "memorysetup-temp-allocator-size-audio-worker=65536"
    "memorysetup-temp-allocator-size-cloud-worker=32768"
    "memorysetup-temp-allocator-size-gi-baking-worker=262144"
    "memorysetup-temp-allocator-size-gfx=262144"
Player connection [18436] Host "[IP] 192.168.12.225 [Port] 0 [Flags] 2 [Guid] 2407450036 [EditorId] 2407450036 [Version] 1048832 [Id] WindowsEditor(7,DESKTOP-S70E99H) [Debug] 1 [PackageName] WindowsEditor [ProjectName] Editor" joined multi-casting on [225.0.0.222:54997]...

Player connection [18436] Host "[IP] 192.168.12.225 [Port] 0 [Flags] 2 [Guid] 2407450036 [EditorId] 2407450036 [Version] 1048832 [Id] WindowsEditor(7,DESKTOP-S70E99H) [Debug] 1 [PackageName] WindowsEditor [ProjectName] Editor" joined alternative multi-casting on [225.0.0.222:34997]...

Refreshing native plugins compatible for Editor in 130.61 ms, found 3 plugins.
Preloading 0 native plugins for Editor in 0.00 ms.
Initialize engine version: 2021.3.18f1 (3129e69bc0c7)
[Subsystems] Discovering subsystems at path C:/Program Files/Unity/Hub/Editor/2021.3.18f1/Editor/Data/Resources/UnitySubsystems
[Subsystems] Discovering subsystems at path C:/Users/Valued Customer/Desktop/unity-animation/Assets
GfxDevice: creating device client; threaded=0; jobified=0
Direct3D:
    Version:  Direct3D 11.0 [level 11.1]
    Renderer: Intel(R) UHD Graphics (ID=0x9b41)
    Vendor:   Intel
    VRAM:     3986 MB
    Driver:   26.20.100.7870
Initialize mono
Mono path[0] = 'C:/Program Files/Unity/Hub/Editor/2021.3.18f1/Editor/Data/Managed'
Mono path[1] = 'C:/Program Files/Unity/Hub/Editor/2021.3.18f1/Editor/Data/MonoBleedingEdge/lib/mono/unityjit-win32'
Mono config path = 'C:/Program Files/Unity/Hub/Editor/2021.3.18f1/Editor/Data/MonoBleedingEdge/etc'
Using monoOptions --debugger-agent=transport=dt_socket,embedding=1,server=y,suspend=n,address=127.0.0.1:56580
Begin MonoManager ReloadAssembly
Registering precompiled unity dll's ...
Register platform support module: C:/Program Files/Unity/Hub/Editor/2021.3.18f1/Editor/Data/PlaybackEngines/WindowsStandaloneSupport/UnityEditor.WindowsStandalone.Extensions.dll
Registered in 0.004931 seconds.
Native extension for WindowsStandalone target not found
Refreshing native plugins compatible for Editor in 213.46 ms, found 3 plugins.
Preloading 0 native plugins for Editor in 0.00 ms.
Mono: successfully reloaded assembly
- Completed reload, in  1.425 seconds
Domain Reload Profiling:
	ReloadAssembly (1425ms)
		BeginReloadAssembly (77ms)
			ExecutionOrderSort (0ms)
			DisableScriptedObjects (0ms)
			BackupInstance (0ms)
			ReleaseScriptingObjects (0ms)
			CreateAndSetChildDomain (1ms)
		EndReloadAssembly (1206ms)
			LoadAssemblies (75ms)
			RebuildTransferFunctionScriptingTraits (0ms)
			SetupTypeCache (277ms)
			ReleaseScriptCaches (0ms)
			RebuildScriptCaches (138ms)
			SetupLoadedEditorAssemblies (517ms)
				LogAssemblyErrors (0ms)
				InitializePlatformSupportModulesInManaged (22ms)
				SetLoadedEditorAssemblies (1ms)
				RefreshPlugins (214ms)
				BeforeProcessingInitializeOnLoad (3ms)
				ProcessInitializeOnLoadAttributes (224ms)
				ProcessInitializeOnLoadMethodAttributes (53ms)
				AfterProcessingInitializeOnLoad (0ms)
				EditorAssembliesLoaded (0ms)
			ExecutionOrderSort2 (0ms)
			AwakeInstancesAfterBackupRestoration (0ms)
Platform modules already initialized, skipping
Registering precompiled user dll's ...
Registered in 0.005387 seconds.
Begin MonoManager ReloadAssembly
Symbol file LoadedFromMemory doesn't match image C:\Users\Valued Customer\Desktop\unity-animation\Library\PackageCache\com.unity.visualscripting@1.8.0\Editor\VisualScripting.Core\Dependencies\YamlDotNet\Unity.VisualScripting.YamlDotNet.dll
Symbol file LoadedFromMemory doesn't match image C:\Users\Valued Customer\Desktop\unity-animation\Library\PackageCache\com.unity.visualscripting@1.8.0\Editor\VisualScripting.Core\Dependencies\DotNetZip\Unity.VisualScripting.IonicZip.dll
Native extension for WindowsStandalone target not found
Refreshing native plugins compatible for Editor in 0.69 ms, found 3 plugins.
Preloading 0 native plugins for Editor in 0.00 ms.
Mono: successfully reloaded assembly
- Completed reload, in  1.261 seconds
Domain Reload Profiling:
	ReloadAssembly (1262ms)
		BeginReloadAssembly (127ms)
			ExecutionOrderSort (0ms)
			DisableScriptedObjects (7ms)
			BackupInstance (0ms)
			ReleaseScriptingObjects (0ms)
			CreateAndSetChildDomain (22ms)
		EndReloadAssembly (1002ms)
			LoadAssemblies (86ms)
			RebuildTransferFunctionScriptingTraits (0ms)
			SetupTypeCache (296ms)
			ReleaseScriptCaches (1ms)
			RebuildScriptCaches (65ms)
			SetupLoadedEditorAssemblies (438ms)
				LogAssemblyErrors (0ms)
				InitializePlatformSupportModulesInManaged (6ms)
				SetLoadedEditorAssemblies (0ms)
				RefreshPlugins (1ms)
				BeforeProcessingInitializeOnLoad (79ms)
				ProcessInitializeOnLoadAttributes (310ms)
				ProcessInitializeOnLoadMethodAttributes (32ms)
				AfterProcessingInitializeOnLoad (9ms)
				EditorAssembliesLoaded (0ms)
			ExecutionOrderSort2 (0ms)
			AwakeInstancesAfterBackupRestoration (50ms)
Platform modules already initialized, skipping
========================================================================
Worker process is ready to serve import requests
Launched and connected shader compiler UnityShaderCompiler.exe after 0.06 seconds
Refreshing native plugins compatible for Editor in 0.69 ms, found 3 plugins.
Preloading 0 native plugins for Editor in 0.00 ms.
Unloading 3102 Unused Serialized files (Serialized files now loaded: 0)
Unloading 34 unused Assets / (129.0 KB). Loaded Objects now: 3567.
Memory consumption went from 114.1 MB to 113.9 MB.
Total: 3.348100 ms (FindLiveObjects: 0.271600 ms CreateObjectMapping: 0.172400 ms MarkObjects: 2.806200 ms  DeleteObjects: 0.096300 ms)

AssetImportParameters requested are different than current active one (requested -> active):
  custom:video-decoder-ogg-theora: a1e56fd34408186e4bbccfd4996cb3dc -> 
  custom:container-muxer-webm: aa71ff27fc2769a1b78a27578f13a17b -> 
  custom:container-demuxer-webm: 4f35f7cbe854078d1ac9338744f61a02 -> 
  custom:video-encoder-webm-vp8: eb34c28f22e8b96e1ab97ce403110664 -> 
  custom:audio-encoder-webm-vorbis: bf7c407c2cedff20999df2af8eb42d56 -> 
  custom:framework-win-MediaFoundation: 216162199b28c13a410421893ffa2e32 -> 
  custom:container-demuxer-ogg: 62fdf1f143b41e24485cea50d1cbac27 -> 
  custom:video-decoder-webm-vp8: 9c59270c3fd7afecdb556c50c9e8de78 -> 
  custom:audio-decoder-ogg-vorbis: bf7c407c2cedff20999df2af8eb42d56 -> 
========================================================================
Received Import Request.
  Time since last request: 181479.928432 seconds.
  path: Assets/Materials/Models/OBJ format/rock_tallG.obj
  artifactKey: Guid(befe2ffbf6bc4f34991a9a8b2a4baec0) Importer(815301076,1909f56bfc062723c751e8b465ee728b)
Start importing Assets/Materials/Models/OBJ format/rock_tallG.obj using Guid(befe2ffbf6bc4f34991a9a8b2a4baec0) Importer(815301076,1909f56bfc062723c751e8b465ee728b)  -> (artifact id: '00cce7d194fc456a7ea2f910c51405b7') in 0.470162 seconds 
========================================================================
Received Import Request.
  Time since last request: 0.000046 seconds.
  path: Assets/Materials/Models/FBX format/rock_smallE.fbx
  artifactKey: Guid(64726deebb52cc84a8b804a96d7f0bf3) Importer(815301076,1909f56bfc062723c751e8b465ee728b)
Start importing Assets/Materials/Models/FBX format/rock_smallE.fbx using Guid(64726deebb52cc84a8b804a96d7f0bf3) Importer(815301076,1909f56bfc062723c751e8b465ee728b)  -> (artifact id: '42de54ca3f512dc528ba22408c99040d') in 0.070370 seconds 
========================================================================
Received Import Request.
  Time since last request: 0.000062 seconds.
  path: Assets/Materials/Models/OBJ format/cliff_halfCorner_rock.obj
  artifactKey: Guid(efa604e4752b2304d9c8fdbf6b23bb3f) Importer(815301076,1909f56bfc062723c751e8b465ee728b)
Start importing Assets/Materials/Models/OBJ format/cliff_halfCorner_rock.obj using Guid(efa604e4752b2304d9c8fdbf6b23bb3f) Importer(815301076,1909f56bfc062723c751e8b465ee728b)  -> (artifact id: '3a8ae907b9cf498fdb31018bcf775cfb') in 0.065576 seconds 
========================================================================
Received Import Request.
  Time since last request: 0.000027 seconds.
  path: Assets/Materials/Models/OBJ format/rock_smallE.obj
  artifactKey: Guid(f9d6bbb9a53fac94092c7e2c25a67f98) Importer(815301076,1909f56bfc062723c751e8b465ee728b)
Start importing Assets/Materials/Models/OBJ format/rock_smallE.obj using Guid(f9d6bbb9a53fac94092c7e2c25a67f98) Importer(815301076,1909f56bfc062723c751e8b465ee728b)  -> (artifact id: '86d517a3dd1687891a8fd184a678661e') in 0.057411 seconds 
========================================================================
Received Import Request.
  Time since last request: 0.385091 seconds.
  path: Assets/Materials/FBX format/ground_pathCornerSmall.fbx
  artifactKey: Guid(a658f195e83b0f44ca9ce5e447e5e767) Importer(815301076,1909f56bfc062723c751e8b465ee728b)
Start importing Assets/Materials/FBX format/ground_pathCornerSmall.fbx using Guid(a658f195e83b0f44ca9ce5e447e5e767) Importer(815301076,1909f56bfc062723c751e8b465ee728b)  -> (artifact id: '12275a3e315a05b7925b869d51d01d0f') in 0.055858 seconds 
========================================================================
Received Import Request.
  Time since last request: 0.052405 seconds.
  path: Assets/Materials/FBX format/rock_smallC.fbx
  artifactKey: Guid(d9639735f96c3f24fb1bf91a977e9257) Importer(815301076,1909f56bfc062723c751e8b465ee728b)
Start importing Assets/Materials/FBX format/rock_smallC.fbx using Guid(d9639735f96c3f24fb1bf91a977e9257) Importer(815301076,1909f56bfc062723c751e8b465ee728b)  -> (artifact id: '0c3d7a5d5d580840909299f8a20557b1') in 0.052034 seconds 
========================================================================
Received Import Request.
  Time since last request: 0.000032 seconds.
  path: Assets/Materials/FBX format/ground_grass.fbx
  artifactKey: Guid(794a35788f3544146bc0a0652f269dc0) Importer(815301076,1909f56bfc062723c751e8b465ee728b)
Start importing Assets/Materials/FBX format/ground_grass.fbx using Guid(794a35788f3544146bc0a0652f269dc0) Importer(815301076,1909f56bfc062723c751e8b465ee728b)  -> (artifact id: 'f845c970c10034332493672faaccbdce') in 0.037100 seconds 
========================================================================
Received Import Request.
  Time since last request: 0.000029 seconds.
  path: Assets/Materials/FBX format/crop_carrot.fbx
  artifactKey: Guid(b2253baafdb393349aed3bcb43a97bff) Importer(815301076,1909f56bfc062723c751e8b465ee728b)
Start importing Assets/Materials/FBX format/crop_carrot.fbx using Guid(b2253baafdb393349aed3bcb43a97bff) Importer(815301076,1909f56bfc062723c751e8b465ee728b)  -> (artifact id: 'ca6b91711c5fc5fdb66614683745689c') in 0.088641 seconds 
========================================================================
Received Import Request.
  Time since last request: 0.000226 seconds.
  path: Assets/Materials/Models/OBJ format/cliff_stepsCorner_stone.obj
  artifactKey: Guid(2ffabea42583e994c9e5bfe90bd67bf6) Importer(815301076,1909f56bfc062723c751e8b465ee728b)
Start importing Assets/Materials/Models/OBJ format/cliff_stepsCorner_stone.obj using Guid(2ffabea42583e994c9e5bfe90bd67bf6) Importer(815301076,1909f56bfc062723c751e8b465ee728b)  -> (artifact id: '5a0dc756f0fa47d61ac8289ccdb06321') in 0.254606 seconds 
========================================================================
Received Import Request.
  Time since last request: 0.000048 seconds.
  path: Assets/Materials/Models/OBJ format/cliff_cornerInnerTop_stone.obj
  artifactKey: Guid(62b53953b96f8b74abbd7c77cba5c4d8) Importer(815301076,1909f56bfc062723c751e8b465ee728b)
Start importing Assets/Materials/Models/OBJ format/cliff_cornerInnerTop_stone.obj using Guid(62b53953b96f8b74abbd7c77cba5c4d8) Importer(815301076,1909f56bfc062723c751e8b465ee728b)  -> (artifact id: 'fdf7ceb887e493f2f82d78e2ffddb70d') in 0.105718 seconds 
========================================================================
Received Import Request.
  Time since last request: 0.000032 seconds.
  path: Assets/Materials/FBX format/tree_blocks.fbx
  artifactKey: Guid(3b93f1f90461f5e4c9f8cadd39ed4de0) Importer(815301076,1909f56bfc062723c751e8b465ee728b)
Start importing Assets/Materials/FBX format/tree_blocks.fbx using Guid(3b93f1f90461f5e4c9f8cadd39ed4de0) Importer(815301076,1909f56bfc062723c751e8b465ee728b)  -> (artifact id: 'd53737d68b4064ba592172618964d3f0') in 0.084069 seconds 
========================================================================
Received Import Request.
  Time since last request: 0.000040 seconds.
  path: Assets/Materials/FBX format/cliff_cornerInnerLarge_stone.fbx
  artifactKey: Guid(77ab9df412e17834283474bf87b4a57a) Importer(815301076,1909f56bfc062723c751e8b465ee728b)
Start importing Assets/Materials/FBX format/cliff_cornerInnerLarge_stone.fbx using Guid(77ab9df412e17834283474bf87b4a57a) Importer(815301076,1909f56bfc062723c751e8b465ee728b)  -> (artifact id: '7973b65cf7514e089a5e454b21abe31e') in 0.050390 seconds 
========================================================================
Received Import Request.
  Time since last request: 0.000041 seconds.
  path: Assets/Materials/FBX format/cliff_cave_stone.fbx
  artifactKey: Guid(ceb031f6c2185864e9a2191d8c76e7ac) Importer(815301076,1909f56bfc062723c751e8b465ee728b)
Start importing Assets/Materials/FBX format/cliff_cave_stone.fbx using Guid(ceb031f6c2185864e9a2191d8c76e7ac) Importer(815301076,1909f56bfc062723c751e8b465ee728b)  -> (artifact id: '8e9f5d2e69f5c91cbabb6db20c50c718') in 0.043804 seconds 
========================================================================
Received Import Request.
  Time since last request: 0.000083 seconds.
  path: Assets/Materials/Models/OBJ format/cliff_blockHalf_stone.obj
  artifactKey: Guid(fcdf5ac70216ae144b2c8f01f943fd43) Importer(815301076,1909f56bfc062723c751e8b465ee728b)
Start importing Assets/Materials/Models/OBJ format/cliff_blockHalf_stone.obj using Guid(fcdf5ac70216ae144b2c8f01f943fd43) Importer(815301076,1909f56bfc062723c751e8b465ee728b)  -> (artifact id: '5873517a12b0620d185f8ae6482fbe7a') in 0.088882 seconds 
========================================================================
Received Import Request.
  Time since last request: 0.000029 seconds.
  path: Assets/Materials/Models/DAE format/bridge_woodRound.dae
  artifactKey: Guid(7d21921aa73236647a5cb1d092646e3c) Importer(815301076,1909f56bfc062723c751e8b465ee728b)
Start importing Assets/Materials/Models/DAE format/bridge_woodRound.dae using Guid(7d21921aa73236647a5cb1d092646e3c) Importer(815301076,1909f56bfc062723c751e8b465ee728b)  -> (artifact id: 'f82c364eed94844ffbc2b7c9f6456e3c') in 0.133767 seconds 
========================================================================
Received Import Request.
  Time since last request: 0.000037 seconds.
  path: Assets/Materials/FBX format/stone_smallH.fbx
  artifactKey: Guid(3288ca1e9f94aed46b75f019146e32f0) Importer(815301076,1909f56bfc062723c751e8b465ee728b)
Start importing Assets/Materials/FBX format/stone_smallH.fbx using Guid(3288ca1e9f94aed46b75f019146e32f0) Importer(815301076,1909f56bfc062723c751e8b465ee728b)  -> (artifact id: '44e8ad2fcdb03fbab1f45ba78870f4c9') in 0.066125 seconds 
========================================================================
Received Import Request.
  Time since last request: 0.000054 seconds.
  path: Assets/Materials/FBX format/bridge_side_stoneRound.fbx
  artifactKey: Guid(48107d18a4766284cb8a317d363b0959) Importer(815301076,1909f56bfc062723c751e8b465ee728b)
Start importing Assets/Materials/FBX format/bridge_side_stoneRound.fbx using Guid(48107d18a4766284cb8a317d363b0959) Importer(815301076,1909f56bfc062723c751e8b465ee728b)  -> (artifact id: '71113dd134c91f4caf405cfe2a499277') in 0.060325 seconds 
========================================================================
Received Import Request.
  Time since last request: 0.000026 seconds.
  path: Assets/Materials/Models/OBJ format/stone_tallJ.obj
  artifactKey: Guid(74b58677ff704ea43813d9bdcc09ed40) Importer(815301076,1909f56bfc062723c751e8b465ee728b)
Start importing Assets/Materials/Models/OBJ format/stone_tallJ.obj using Guid(74b58677ff704ea43813d9bdcc09ed40) Importer(815301076,1909f56bfc062723c751e8b465ee728b)  -> (artifact id: 'bb6c19d60803e52b56a71231f97e703c') in 0.072594 seconds 
========================================================================
Received Import Request.
  Time since last request: 0.000054 seconds.
  path: Assets/Materials/Models/OBJ format/stone_smallD.obj
  artifactKey: Guid(f342bf816d1dbb748a8bd27dcda80c4a) Importer(815301076,1909f56bfc062723c751e8b465ee728b)
Start importing Assets/Materials/Models/OBJ format/stone_smallD.obj using Guid(f342bf816d1dbb748a8bd27dcda80c4a) Importer(815301076,1909f56bfc062723c751e8b465ee728b)  -> (artifact id: '7a6d500b6acd8f26675ff303da7d804b') in 0.071203 seconds 
========================================================================
Received Import Request.
  Time since last request: 0.000039 seconds.
  path: Assets/Materials/Models/OBJ format/statue_head.obj
  artifactKey: Guid(bd64e7bb65a555b4b9cde00e19c9ec74) Importer(815301076,1909f56bfc062723c751e8b465ee728b)
Start importing Assets/Materials/Models/OBJ format/statue_head.obj using Guid(bd64e7bb65a555b4b9cde00e19c9ec74) Importer(815301076,1909f56bfc062723c751e8b465ee728b)  -> (artifact id: 'c58bec43cdc152e615552040bdb1b48c') in 0.099265 seconds 
========================================================================
Received Import Request.
  Time since last request: 0.000042 seconds.
  path: Assets/Materials/FBX format/cliff_cornerInner_stone.fbx
  artifactKey: Guid(2d4535b6c46398c409a23222da66e471) Importer(815301076,1909f56bfc062723c751e8b465ee728b)
Start importing Assets/Materials/FBX format/cliff_cornerInner_stone.fbx using Guid(2d4535b6c46398c409a23222da66e471) Importer(815301076,1909f56bfc062723c751e8b465ee728b)  -> (artifact id: '1fb1be2a323069ec65aad7babe571f14') in 0.058521 seconds 
========================================================================
Received Import Request.
  Time since last request: 0.000038 seconds.
  path: Assets/Materials/Models/OBJ format/stone_smallE.obj
  artifactKey: Guid(6eac78714e84ba843ade55a630402036) Importer(815301076,1909f56bfc062723c751e8b465ee728b)
Start importing Assets/Materials/Models/OBJ format/stone_smallE.obj using Guid(6eac78714e84ba843ade55a630402036) Importer(815301076,1909f56bfc062723c751e8b465ee728b)  -> (artifact id: 'bbcc068c12d8493c84c9618158c5547f') in 0.085970 seconds 
========================================================================
Received Import Request.
  Time since last request: 0.000037 seconds.
  path: Assets/Materials/FBX format/tree_palm.fbx
  artifactKey: Guid(21ada7746f76a9f4aa9da128b87065a1) Importer(815301076,1909f56bfc062723c751e8b465ee728b)
Start importing Assets/Materials/FBX format/tree_palm.fbx using Guid(21ada7746f76a9f4aa9da128b87065a1) Importer(815301076,1909f56bfc062723c751e8b465ee728b)  -> (artifact id: '6b48d05208ea3bb3f47ca0d73b959031') in 0.059400 seconds 
========================================================================
Received Import Request.
  Time since last request: 0.000032 seconds.
  path: Assets/Materials/FBX format/campfire_bricks.fbx
  artifactKey: Guid(9aa9b9981e7c09a4a8b068c4b9700b69) Importer(815301076,1909f56bfc062723c751e8b465ee728b)
Start importing Assets/Materials/FBX format/campfire_bricks.fbx using Guid(9aa9b9981e7c09a4a8b068c4b9700b69) Importer(815301076,1909f56bfc062723c751e8b465ee728b)  -> (artifact id: '3dc25a1f88e5c7385c77e5559938357c') in 0.041221 seconds 
Editor requested this worker to shutdown with reason: Scaling down because of idle timeout
AssetImportWorker is now disconnected from the server
Process exiting
Exiting without the bug reporter. Application will terminate with return code 0