Using pre-set license
Built from '2021.3/staging' branch; Version is '2021.3.18f1 (3129e69bc0c7) revision 3221990'; Using compiler version '192829333'; Build Type 'Release'
OS: 'Windows 10  (10.0.19045) 64bit Professional' Language: 'en' Physical Memory: 32655 MB
BatchMode: 1, IsHumanControllingUs: 0, StartBugReporterOnCrash: 0, Is64bit: 1, IsPro: 1

COMMAND LINE ARGUMENTS:
C:\Program Files\Unity\Hub\Editor\2021.3.18f1-x86_64\Editor\Unity.exe
-adb2
-batchMode
-noUpm
-name
AssetImportWorker9
-projectPath
C:/Users/Cole/OneDrive/Desktop/unity-assets_models_textures
-logFile
Logs/AssetImportWorker9.log
-srvPort
54498
Successfully changed project path to: C:/Users/Cole/OneDrive/Desktop/unity-assets_models_textures
C:/Users/Cole/OneDrive/Desktop/unity-assets_models_textures
[UnityMemory] Configuration Parameters - Can be set up in boot.config
    "memorysetup-bucket-allocator-granularity=16"
    "memorysetup-bucket-allocator-bucket-count=8"
    "memorysetup-bucket-allocator-block-size=33554432"
    "memorysetup-bucket-allocator-block-count=8"
    "memorysetup-main-allocator-block-size=16777216"
    "memorysetup-thread-allocator-block-size=16777216"
    "memorysetup-gfx-main-allocator-block-size=16777216"
    "memorysetup-gfx-thread-allocator-block-size=16777216"
    "memorysetup-cache-allocator-block-size=4194304"
    "memorysetup-typetree-allocator-block-size=2097152"
    "memorysetup-profiler-bucket-allocator-granularity=16"
    "memorysetup-profiler-bucket-allocator-bucket-count=8"
    "memorysetup-profiler-bucket-allocator-block-size=33554432"
    "memorysetup-profiler-bucket-allocator-block-count=8"
    "memorysetup-profiler-allocator-block-size=16777216"
    "memorysetup-profiler-editor-allocator-block-size=1048576"
    "memorysetup-temp-allocator-size-main=16777216"
    "memorysetup-job-temp-allocator-block-size=2097152"
    "memorysetup-job-temp-allocator-block-size-background=1048576"
    "memorysetup-job-temp-allocator-reduction-small-platforms=262144"
    "memorysetup-temp-allocator-size-background-worker=32768"
    "memorysetup-temp-allocator-size-job-worker=262144"
    "memorysetup-temp-allocator-size-preload-manager=33554432"
    "memorysetup-temp-allocator-size-nav-mesh-worker=65536"
    "memorysetup-temp-allocator-size-audio-worker=65536"
    "memorysetup-temp-allocator-size-cloud-worker=32768"
    "memorysetup-temp-allocator-size-gi-baking-worker=262144"
    "memorysetup-temp-allocator-size-gfx=262144"
Player connection [26888] Host "[IP] 192.168.12.235 [Port] 0 [Flags] 2 [Guid] 2434925331 [EditorId] 2434925331 [Version] 1048832 [Id] WindowsEditor(7,DESKTOP-4H0M7G4) [Debug] 1 [PackageName] WindowsEditor [ProjectName] Editor" joined multi-casting on [225.0.0.222:54997]...

Player connection [26888] Host "[IP] 192.168.12.235 [Port] 0 [Flags] 2 [Guid] 2434925331 [EditorId] 2434925331 [Version] 1048832 [Id] WindowsEditor(7,DESKTOP-4H0M7G4) [Debug] 1 [PackageName] WindowsEditor [ProjectName] Editor" joined alternative multi-casting on [225.0.0.222:34997]...

Refreshing native plugins compatible for Editor in 120.07 ms, found 3 plugins.
Preloading 0 native plugins for Editor in 0.00 ms.
Initialize engine version: 2021.3.18f1 (3129e69bc0c7)
[Subsystems] Discovering subsystems at path C:/Program Files/Unity/Hub/Editor/2021.3.18f1-x86_64/Editor/Data/Resources/UnitySubsystems
[Subsystems] Discovering subsystems at path C:/Users/Cole/OneDrive/Desktop/unity-assets_models_textures/Assets
GfxDevice: creating device client; threaded=0; jobified=0
Direct3D:
    Version:  Direct3D 11.0 [level 11.1]
    Renderer: NVIDIA GeForce GTX 1650 (ID=0x2188)
    Vendor:   NVIDIA
    VRAM:     3949 MB
    Driver:   31.0.15.3179
Initialize mono
Mono path[0] = 'C:/Program Files/Unity/Hub/Editor/2021.3.18f1-x86_64/Editor/Data/Managed'
Mono path[1] = 'C:/Program Files/Unity/Hub/Editor/2021.3.18f1-x86_64/Editor/Data/MonoBleedingEdge/lib/mono/unityjit-win32'
Mono config path = 'C:/Program Files/Unity/Hub/Editor/2021.3.18f1-x86_64/Editor/Data/MonoBleedingEdge/etc'
Using monoOptions --debugger-agent=transport=dt_socket,embedding=1,server=y,suspend=n,address=127.0.0.1:56064
Begin MonoManager ReloadAssembly
Registering precompiled unity dll's ...
Register platform support module: C:/Program Files/Unity/Hub/Editor/2021.3.18f1-x86_64/Editor/Data/PlaybackEngines/WindowsStandaloneSupport/UnityEditor.WindowsStandalone.Extensions.dll
Registered in 0.007145 seconds.
Native extension for WindowsStandalone target not found
Refreshing native plugins compatible for Editor in 81.76 ms, found 3 plugins.
Preloading 0 native plugins for Editor in 0.00 ms.
Mono: successfully reloaded assembly
- Completed reload, in  0.593 seconds
Domain Reload Profiling:
	ReloadAssembly (593ms)
		BeginReloadAssembly (66ms)
			ExecutionOrderSort (0ms)
			DisableScriptedObjects (0ms)
			BackupInstance (0ms)
			ReleaseScriptingObjects (0ms)
			CreateAndSetChildDomain (1ms)
		EndReloadAssembly (431ms)
			LoadAssemblies (63ms)
			RebuildTransferFunctionScriptingTraits (0ms)
			SetupTypeCache (81ms)
			ReleaseScriptCaches (0ms)
			RebuildScriptCaches (21ms)
			SetupLoadedEditorAssemblies (282ms)
				LogAssemblyErrors (0ms)
				InitializePlatformSupportModulesInManaged (8ms)
				SetLoadedEditorAssemblies (0ms)
				RefreshPlugins (82ms)
				BeforeProcessingInitializeOnLoad (1ms)
				ProcessInitializeOnLoadAttributes (145ms)
				ProcessInitializeOnLoadMethodAttributes (46ms)
				AfterProcessingInitializeOnLoad (0ms)
				EditorAssembliesLoaded (0ms)
			ExecutionOrderSort2 (0ms)
			AwakeInstancesAfterBackupRestoration (0ms)
Platform modules already initialized, skipping
Registering precompiled user dll's ...
Registered in 0.008346 seconds.
Begin MonoManager ReloadAssembly
Symbol file LoadedFromMemory doesn't match image C:\Users\Cole\OneDrive\Desktop\unity-assets_models_textures\Library\PackageCache\com.unity.visualscripting@1.8.0\Editor\VisualScripting.Core\Dependencies\YamlDotNet\Unity.VisualScripting.YamlDotNet.dll
Symbol file LoadedFromMemory doesn't match image C:\Users\Cole\OneDrive\Desktop\unity-assets_models_textures\Library\PackageCache\com.unity.visualscripting@1.8.0\Editor\VisualScripting.Core\Dependencies\DotNetZip\Unity.VisualScripting.IonicZip.dll
Native extension for WindowsStandalone target not found
Refreshing native plugins compatible for Editor in 0.87 ms, found 3 plugins.
Preloading 0 native plugins for Editor in 0.00 ms.
Mono: successfully reloaded assembly
- Completed reload, in  0.886 seconds
Domain Reload Profiling:
	ReloadAssembly (887ms)
		BeginReloadAssembly (100ms)
			ExecutionOrderSort (0ms)
			DisableScriptedObjects (5ms)
			BackupInstance (0ms)
			ReleaseScriptingObjects (0ms)
			CreateAndSetChildDomain (21ms)
		EndReloadAssembly (674ms)
			LoadAssemblies (77ms)
			RebuildTransferFunctionScriptingTraits (0ms)
			SetupTypeCache (220ms)
			ReleaseScriptCaches (1ms)
			RebuildScriptCaches (41ms)
			SetupLoadedEditorAssemblies (303ms)
				LogAssemblyErrors (0ms)
				InitializePlatformSupportModulesInManaged (5ms)
				SetLoadedEditorAssemblies (0ms)
				RefreshPlugins (1ms)
				BeforeProcessingInitializeOnLoad (78ms)
				ProcessInitializeOnLoadAttributes (192ms)
				ProcessInitializeOnLoadMethodAttributes (18ms)
				AfterProcessingInitializeOnLoad (9ms)
				EditorAssembliesLoaded (0ms)
			ExecutionOrderSort2 (0ms)
			AwakeInstancesAfterBackupRestoration (5ms)
Platform modules already initialized, skipping
========================================================================
Worker process is ready to serve import requests
Launched and connected shader compiler UnityShaderCompiler.exe after 0.04 seconds
Refreshing native plugins compatible for Editor in 0.86 ms, found 3 plugins.
Preloading 0 native plugins for Editor in 0.00 ms.
Unloading 3057 Unused Serialized files (Serialized files now loaded: 0)
Unloading 24 unused Assets / (113.6 KB). Loaded Objects now: 3520.
Memory consumption went from 110.5 MB to 110.4 MB.
Total: 2.885800 ms (FindLiveObjects: 0.236400 ms CreateObjectMapping: 0.165600 ms MarkObjects: 2.371800 ms  DeleteObjects: 0.111300 ms)

AssetImportParameters requested are different than current active one (requested -> active):
  custom:video-decoder-ogg-theora: a1e56fd34408186e4bbccfd4996cb3dc -> 
  custom:container-muxer-webm: aa71ff27fc2769a1b78a27578f13a17b -> 
  custom:container-demuxer-webm: 4f35f7cbe854078d1ac9338744f61a02 -> 
  custom:video-encoder-webm-vp8: eb34c28f22e8b96e1ab97ce403110664 -> 
  custom:audio-encoder-webm-vorbis: bf7c407c2cedff20999df2af8eb42d56 -> 
  custom:framework-win-MediaFoundation: 216162199b28c13a410421893ffa2e32 -> 
  custom:container-demuxer-ogg: 62fdf1f143b41e24485cea50d1cbac27 -> 
  custom:video-decoder-webm-vp8: 9c59270c3fd7afecdb556c50c9e8de78 -> 
  custom:audio-decoder-ogg-vorbis: bf7c407c2cedff20999df2af8eb42d56 -> 
========================================================================
Received Import Request.
  Time since last request: 87550.274576 seconds.
  path: Assets/Materials/Models/DAE format/cliff_waterfallTop_stone.dae
  artifactKey: Guid(8ebe001c6b45a5742b6a5ad1266f3338) Importer(815301076,1909f56bfc062723c751e8b465ee728b)
Start importing Assets/Materials/Models/DAE format/cliff_waterfallTop_stone.dae using Guid(8ebe001c6b45a5742b6a5ad1266f3338) Importer(815301076,1909f56bfc062723c751e8b465ee728b)  -> (artifact id: '653d087425a36706d326adba2df37567') in 0.199085 seconds 
========================================================================
Received Import Request.
  Time since last request: 1.465727 seconds.
  path: Assets/Materials/Models/DAE format/fence_simple.dae
  artifactKey: Guid(de3298963e580444d90cbf85f0203929) Importer(815301076,1909f56bfc062723c751e8b465ee728b)
Start importing Assets/Materials/Models/DAE format/fence_simple.dae using Guid(de3298963e580444d90cbf85f0203929) Importer(815301076,1909f56bfc062723c751e8b465ee728b)  -> (artifact id: '216f943021d97181c92b433eee1ae7f4') in 0.024275 seconds 
========================================================================
Received Import Request.
  Time since last request: 0.000029 seconds.
  path: Assets/Materials/Models/DAE format/flower_redA.dae
  artifactKey: Guid(e1110778839915d40ab4c3b5085071ba) Importer(815301076,1909f56bfc062723c751e8b465ee728b)
Start importing Assets/Materials/Models/DAE format/flower_redA.dae using Guid(e1110778839915d40ab4c3b5085071ba) Importer(815301076,1909f56bfc062723c751e8b465ee728b)  -> (artifact id: '06a711286af8dd96597ea3b5e98d3d6c') in 0.024593 seconds 
========================================================================
Received Import Request.
  Time since last request: 0.000028 seconds.
  path: Assets/Materials/Models/DAE format/flower_purpleB.dae
  artifactKey: Guid(d692c1fc9e55d674b82abed8eaec9319) Importer(815301076,1909f56bfc062723c751e8b465ee728b)
Start importing Assets/Materials/Models/DAE format/flower_purpleB.dae using Guid(d692c1fc9e55d674b82abed8eaec9319) Importer(815301076,1909f56bfc062723c751e8b465ee728b)  -> (artifact id: '3c635f0e238fbebd1cd3fd2cccafb350') in 0.025594 seconds 
========================================================================
Received Import Request.
  Time since last request: 0.000027 seconds.
  path: Assets/Materials/Models/DAE format/ground_riverBendBank.dae
  artifactKey: Guid(ba45c823652e7b44f89d213d5421dc77) Importer(815301076,1909f56bfc062723c751e8b465ee728b)
Start importing Assets/Materials/Models/DAE format/ground_riverBendBank.dae using Guid(ba45c823652e7b44f89d213d5421dc77) Importer(815301076,1909f56bfc062723c751e8b465ee728b)  -> (artifact id: 'b65f305ac37b8d4e843948d3d9976491') in 0.033244 seconds 
========================================================================
Received Import Request.
  Time since last request: 0.000022 seconds.
  path: Assets/Materials/Models/DAE format/ground_pathOpen.dae
  artifactKey: Guid(bd44c670229b3ac47b4829fe7a66c5c1) Importer(815301076,1909f56bfc062723c751e8b465ee728b)
Start importing Assets/Materials/Models/DAE format/ground_pathOpen.dae using Guid(bd44c670229b3ac47b4829fe7a66c5c1) Importer(815301076,1909f56bfc062723c751e8b465ee728b)  -> (artifact id: 'e6e3a0f10f66854890fb350dafd0f61d') in 0.021037 seconds 
========================================================================
Received Import Request.
  Time since last request: 0.000033 seconds.
  path: Assets/Materials/Models/DAE format/ground_riverCross.dae
  artifactKey: Guid(d7b12d8bc9861f2409871d3c2ec282c0) Importer(815301076,1909f56bfc062723c751e8b465ee728b)
Start importing Assets/Materials/Models/DAE format/ground_riverCross.dae using Guid(d7b12d8bc9861f2409871d3c2ec282c0) Importer(815301076,1909f56bfc062723c751e8b465ee728b)  -> (artifact id: '5a6a9d1e2f8772858674ac8459bd85b2') in 0.032127 seconds 
========================================================================
Received Import Request.
  Time since last request: 0.000027 seconds.
  path: Assets/Materials/Models/DAE format/flower_yellowB.dae
  artifactKey: Guid(38559e1aafd475c4283d52f032ea6b7c) Importer(815301076,1909f56bfc062723c751e8b465ee728b)
Start importing Assets/Materials/Models/DAE format/flower_yellowB.dae using Guid(38559e1aafd475c4283d52f032ea6b7c) Importer(815301076,1909f56bfc062723c751e8b465ee728b)  -> (artifact id: 'aff740f5b24a826e32f7e5fe340a8cb9') in 0.025134 seconds 
========================================================================
Received Import Request.
  Time since last request: 0.000033 seconds.
  path: Assets/Materials/Models/DAE format/ground_riverCornerSmall.dae
  artifactKey: Guid(c5050839bf663ea47a38d7b9607927a1) Importer(815301076,1909f56bfc062723c751e8b465ee728b)
Start importing Assets/Materials/Models/DAE format/ground_riverCornerSmall.dae using Guid(c5050839bf663ea47a38d7b9607927a1) Importer(815301076,1909f56bfc062723c751e8b465ee728b)  -> (artifact id: '1612148bf1aa971f98cf5816325b7199') in 0.031870 seconds 
========================================================================
Received Import Request.
  Time since last request: 0.000023 seconds.
  path: Assets/Materials/Models/DAE format/flower_yellowA.dae
  artifactKey: Guid(401bb2db33455ff40919acf14814ef46) Importer(815301076,1909f56bfc062723c751e8b465ee728b)
Start importing Assets/Materials/Models/DAE format/flower_yellowA.dae using Guid(401bb2db33455ff40919acf14814ef46) Importer(815301076,1909f56bfc062723c751e8b465ee728b)  -> (artifact id: '639b77c5a073d925335bf1508a18ca3c') in 0.025024 seconds 
========================================================================
Received Import Request.
  Time since last request: 0.000020 seconds.
  path: Assets/Materials/Models/DAE format/ground_riverCorner.dae
  artifactKey: Guid(100867dae353ec74c959706d2ce698d1) Importer(815301076,1909f56bfc062723c751e8b465ee728b)
Start importing Assets/Materials/Models/DAE format/ground_riverCorner.dae using Guid(100867dae353ec74c959706d2ce698d1) Importer(815301076,1909f56bfc062723c751e8b465ee728b)  -> (artifact id: 'a7029136c7b6394eeb2d1a2b97b72652') in 0.032080 seconds 
========================================================================
Received Import Request.
  Time since last request: 0.000022 seconds.
  path: Assets/Materials/Models/DAE format/ground_pathEnd.dae
  artifactKey: Guid(2d2921e3e6f50e44aa20ad42ce018308) Importer(815301076,1909f56bfc062723c751e8b465ee728b)
Start importing Assets/Materials/Models/DAE format/ground_pathEnd.dae using Guid(2d2921e3e6f50e44aa20ad42ce018308) Importer(815301076,1909f56bfc062723c751e8b465ee728b)  -> (artifact id: 'ed5fda421c568b6c28112742b37bce50') in 0.030171 seconds 
========================================================================
Received Import Request.
  Time since last request: 0.395303 seconds.
  path: Assets/Materials/Models/DAE format/ground_riverSideOpen.dae
  artifactKey: Guid(9d65d11581bdb0d4db7a8a6153c9c45d) Importer(815301076,1909f56bfc062723c751e8b465ee728b)
Start importing Assets/Materials/Models/DAE format/ground_riverSideOpen.dae using Guid(9d65d11581bdb0d4db7a8a6153c9c45d) Importer(815301076,1909f56bfc062723c751e8b465ee728b)  -> (artifact id: '3a493fc7442c627243e070235bc8358b') in 0.038335 seconds 
========================================================================
Received Import Request.
  Time since last request: 0.000053 seconds.
  path: Assets/Materials/Models/DAE format/hanging_moss.dae
  artifactKey: Guid(406c7c6885eb54640b7bc1d2e990e4d4) Importer(815301076,1909f56bfc062723c751e8b465ee728b)
Start importing Assets/Materials/Models/DAE format/hanging_moss.dae using Guid(406c7c6885eb54640b7bc1d2e990e4d4) Importer(815301076,1909f56bfc062723c751e8b465ee728b)  -> (artifact id: 'd7d66734c4653ffadd8c6660e8e0e2d0') in 0.024940 seconds 
========================================================================
Received Import Request.
  Time since last request: 0.000034 seconds.
  path: Assets/Materials/Models/DAE format/ground_riverStraight.dae
  artifactKey: Guid(b4c9fe598f4456245a4f27624db82ca7) Importer(815301076,1909f56bfc062723c751e8b465ee728b)
Start importing Assets/Materials/Models/DAE format/ground_riverStraight.dae using Guid(b4c9fe598f4456245a4f27624db82ca7) Importer(815301076,1909f56bfc062723c751e8b465ee728b)  -> (artifact id: 'ee9fb99cf15ef376ec1329814bd71122') in 0.038988 seconds 
========================================================================
Received Import Request.
  Time since last request: 0.671102 seconds.
  path: Assets/Materials/Models/DAE format/statue_block.dae
  artifactKey: Guid(77dd4c890ee97e74c81c0568cffec610) Importer(815301076,1909f56bfc062723c751e8b465ee728b)
Start importing Assets/Materials/Models/DAE format/statue_block.dae using Guid(77dd4c890ee97e74c81c0568cffec610) Importer(815301076,1909f56bfc062723c751e8b465ee728b)  -> (artifact id: 'fcc153ae38a2722918f7989077cc88b0') in 0.033286 seconds 
========================================================================
Received Import Request.
  Time since last request: 0.000028 seconds.
  path: Assets/Materials/Models/DAE format/statue_obelisk.dae
  artifactKey: Guid(1f3008d64ac5edd4dbde619af9a537a8) Importer(815301076,1909f56bfc062723c751e8b465ee728b)
Start importing Assets/Materials/Models/DAE format/statue_obelisk.dae using Guid(1f3008d64ac5edd4dbde619af9a537a8) Importer(815301076,1909f56bfc062723c751e8b465ee728b)  -> (artifact id: '4f475c42931ba66a603a1291ec30d517') in 0.041447 seconds 
========================================================================
Received Import Request.
  Time since last request: 0.424245 seconds.
  path: Assets/Materials/Models/DAE format/stone_largeA.dae
  artifactKey: Guid(a311e29739661ef4496fd40b93e61f48) Importer(815301076,1909f56bfc062723c751e8b465ee728b)
Start importing Assets/Materials/Models/DAE format/stone_largeA.dae using Guid(a311e29739661ef4496fd40b93e61f48) Importer(815301076,1909f56bfc062723c751e8b465ee728b)  -> (artifact id: 'd429778f8e1d5dcc06f77293bfda8a27') in 0.020746 seconds 
========================================================================
Received Import Request.
  Time since last request: 0.000026 seconds.
  path: Assets/Materials/Models/DAE format/stone_largeE.dae
  artifactKey: Guid(fae5e9ab8e1e2f946a6d25f52dbf73eb) Importer(815301076,1909f56bfc062723c751e8b465ee728b)
Start importing Assets/Materials/Models/DAE format/stone_largeE.dae using Guid(fae5e9ab8e1e2f946a6d25f52dbf73eb) Importer(815301076,1909f56bfc062723c751e8b465ee728b)  -> (artifact id: 'd6dcdcd8849508fd28217a029d538f4f') in 0.021337 seconds 
========================================================================
Received Import Request.
  Time since last request: 0.000026 seconds.
  path: Assets/Materials/Models/DAE format/stone_tallE.dae
  artifactKey: Guid(e075830b28f756d4d950306ee3efd3ee) Importer(815301076,1909f56bfc062723c751e8b465ee728b)
Start importing Assets/Materials/Models/DAE format/stone_tallE.dae using Guid(e075830b28f756d4d950306ee3efd3ee) Importer(815301076,1909f56bfc062723c751e8b465ee728b)  -> (artifact id: '452a02e129db28da5d23dfac21bbf9bd') in 0.027804 seconds 
========================================================================
Received Import Request.
  Time since last request: 0.000032 seconds.
  path: Assets/Materials/Models/DAE format/stone_smallFlatB.dae
  artifactKey: Guid(c0b9b0013721c8949933f3861efa4a06) Importer(815301076,1909f56bfc062723c751e8b465ee728b)
Start importing Assets/Materials/Models/DAE format/stone_smallFlatB.dae using Guid(c0b9b0013721c8949933f3861efa4a06) Importer(815301076,1909f56bfc062723c751e8b465ee728b)  -> (artifact id: 'ddde3a3ba44d83b53381ff481093b1f7') in 0.024271 seconds 
========================================================================
Received Import Request.
  Time since last request: 0.000023 seconds.
  path: Assets/Materials/Models/DAE format/stone_tallD.dae
  artifactKey: Guid(1a125bbb0d6e98f478f6aa087ba904cb) Importer(815301076,1909f56bfc062723c751e8b465ee728b)
Start importing Assets/Materials/Models/DAE format/stone_tallD.dae using Guid(1a125bbb0d6e98f478f6aa087ba904cb) Importer(815301076,1909f56bfc062723c751e8b465ee728b)  -> (artifact id: '24d0a7426e373dfe8d24a102ccc936f6') in 0.027977 seconds 
========================================================================
Received Import Request.
  Time since last request: 0.000018 seconds.
  path: Assets/Materials/Models/DAE format/stone_smallTopA.dae
  artifactKey: Guid(5930e1ef39b610647b772c33ea7e5191) Importer(815301076,1909f56bfc062723c751e8b465ee728b)
Start importing Assets/Materials/Models/DAE format/stone_smallTopA.dae using Guid(5930e1ef39b610647b772c33ea7e5191) Importer(815301076,1909f56bfc062723c751e8b465ee728b)  -> (artifact id: '37ed238c4517e43b535a113d66e86d43') in 0.019946 seconds 
========================================================================
Received Import Request.
  Time since last request: 0.000024 seconds.
  path: Assets/Materials/Models/DAE format/stone_largeD.dae
  artifactKey: Guid(426cdca7f52a5ae45892d3d343868665) Importer(815301076,1909f56bfc062723c751e8b465ee728b)
Start importing Assets/Materials/Models/DAE format/stone_largeD.dae using Guid(426cdca7f52a5ae45892d3d343868665) Importer(815301076,1909f56bfc062723c751e8b465ee728b)  -> (artifact id: 'f187a74cff41962aaaadb110dbf234c4') in 0.024331 seconds 
========================================================================
Received Import Request.
  Time since last request: 0.000022 seconds.
  path: Assets/Materials/Models/DAE format/stone_smallTopB.dae
  artifactKey: Guid(7f4abf283d6e59249a0f4be61cf0723a) Importer(815301076,1909f56bfc062723c751e8b465ee728b)
Start importing Assets/Materials/Models/DAE format/stone_smallTopB.dae using Guid(7f4abf283d6e59249a0f4be61cf0723a) Importer(815301076,1909f56bfc062723c751e8b465ee728b)  -> (artifact id: '3946771f6c004cc26b240febd059fefa') in 0.051458 seconds 
========================================================================
Received Import Request.
  Time since last request: 0.000033 seconds.
  path: Assets/Materials/Models/DAE format/stone_tallF.dae
  artifactKey: Guid(b2cabaa7c364e764380838df1da92d9d) Importer(815301076,1909f56bfc062723c751e8b465ee728b)
Start importing Assets/Materials/Models/DAE format/stone_tallF.dae using Guid(b2cabaa7c364e764380838df1da92d9d) Importer(815301076,1909f56bfc062723c751e8b465ee728b)  -> (artifact id: '6795c15205e68fac0cda51aa17778218') in 0.033650 seconds 
========================================================================
Received Import Request.
  Time since last request: 0.000025 seconds.
  path: Assets/Materials/Models/DAE format/stone_tallA.dae
  artifactKey: Guid(7811f77ce4ec4f04e825f82868a7c02a) Importer(815301076,1909f56bfc062723c751e8b465ee728b)
Start importing Assets/Materials/Models/DAE format/stone_tallA.dae using Guid(7811f77ce4ec4f04e825f82868a7c02a) Importer(815301076,1909f56bfc062723c751e8b465ee728b)  -> (artifact id: '571270d086f16c407f0b486a2c359018') in 0.023196 seconds 
========================================================================
Received Import Request.
  Time since last request: 17.943752 seconds.
  path: Assets/Materials/Models/OBJ format/log_large.obj
  artifactKey: Guid(793b754ae18b95d4f89065eeff5c1b9b) Importer(815301076,1909f56bfc062723c751e8b465ee728b)
Start importing Assets/Materials/Models/OBJ format/log_large.obj using Guid(793b754ae18b95d4f89065eeff5c1b9b) Importer(815301076,1909f56bfc062723c751e8b465ee728b)  -> (artifact id: 'b3e9e1965738c71f2798659fcfd187de') in 0.046564 seconds 
========================================================================
Received Import Request.
  Time since last request: 0.017497 seconds.
  path: Assets/Materials/Models/DAE format/stump_squareDetailed.dae
  artifactKey: Guid(566176f1cd356f2429cdc16daefd5b76) Importer(815301076,1909f56bfc062723c751e8b465ee728b)
Start importing Assets/Materials/Models/DAE format/stump_squareDetailed.dae using Guid(566176f1cd356f2429cdc16daefd5b76) Importer(815301076,1909f56bfc062723c751e8b465ee728b)  -> (artifact id: 'b0e914875a2884427553a2ef570b4368') in 0.022633 seconds 
========================================================================
Received Import Request.
  Time since last request: 0.340128 seconds.
  path: Assets/Materials/Models/OBJ format/stump_squareDetailedWide.obj
  artifactKey: Guid(216ade5438fb79f4e987b213fb1914f4) Importer(815301076,1909f56bfc062723c751e8b465ee728b)
Start importing Assets/Materials/Models/OBJ format/stump_squareDetailedWide.obj using Guid(216ade5438fb79f4e987b213fb1914f4) Importer(815301076,1909f56bfc062723c751e8b465ee728b)  -> (artifact id: '0f147144522e68ff026cd51d0f2c0191') in 0.044704 seconds 
========================================================================
Received Import Request.
  Time since last request: 2.752138 seconds.
  path: Assets/Materials/Models/OBJ format/tree_fat_fall.obj
  artifactKey: Guid(b2d2b6ed72ac93849b08b47f3b2cf131) Importer(815301076,1909f56bfc062723c751e8b465ee728b)
Start importing Assets/Materials/Models/OBJ format/tree_fat_fall.obj using Guid(b2d2b6ed72ac93849b08b47f3b2cf131) Importer(815301076,1909f56bfc062723c751e8b465ee728b)  -> (artifact id: '559052ec4e8172284201cf9883588f8d') in 0.048224 seconds 
========================================================================
Received Import Request.
  Time since last request: 0.040214 seconds.
  path: Assets/Materials/Models/DAE format/tree_cone_fall.dae
  artifactKey: Guid(3adbaf6667eba434db059ff1c41d870a) Importer(815301076,1909f56bfc062723c751e8b465ee728b)
Start importing Assets/Materials/Models/DAE format/tree_cone_fall.dae using Guid(3adbaf6667eba434db059ff1c41d870a) Importer(815301076,1909f56bfc062723c751e8b465ee728b)  -> (artifact id: '8f76d70cff84242c573df38a81ba52d5') in 0.029342 seconds 
========================================================================
Received Import Request.
  Time since last request: 0.174334 seconds.
  path: Assets/Materials/Models/DAE format/tree_detailed_fall.dae
  artifactKey: Guid(65a5543c8edd08045b6a19b692d57b20) Importer(815301076,1909f56bfc062723c751e8b465ee728b)
Start importing Assets/Materials/Models/DAE format/tree_detailed_fall.dae using Guid(65a5543c8edd08045b6a19b692d57b20) Importer(815301076,1909f56bfc062723c751e8b465ee728b)  -> (artifact id: '7070c62890daed575c53abd069d0d389') in 0.048682 seconds 
========================================================================
Received Import Request.
  Time since last request: 1.042995 seconds.
  path: Assets/Materials/Models/OBJ format/tree_default_fall.obj
  artifactKey: Guid(66b66261eff6ccc4b8f1eeb880c5ce84) Importer(815301076,1909f56bfc062723c751e8b465ee728b)
Start importing Assets/Materials/Models/OBJ format/tree_default_fall.obj using Guid(66b66261eff6ccc4b8f1eeb880c5ce84) Importer(815301076,1909f56bfc062723c751e8b465ee728b)  -> (artifact id: '80a5589c6676cfc48c060e13414599af') in 0.065321 seconds 
========================================================================
Received Import Request.
  Time since last request: 0.190555 seconds.
  path: Assets/Materials/Models/DAE format/tree_detailed_dark.dae
  artifactKey: Guid(12e5569f8ee8a0a47a8a90c2eb8fba36) Importer(815301076,1909f56bfc062723c751e8b465ee728b)
Start importing Assets/Materials/Models/DAE format/tree_detailed_dark.dae using Guid(12e5569f8ee8a0a47a8a90c2eb8fba36) Importer(815301076,1909f56bfc062723c751e8b465ee728b)  -> (artifact id: '832ae92b44e8dd2978d79c35b516b00c') in 0.052604 seconds 
========================================================================
Received Import Request.
  Time since last request: 2.375214 seconds.
  path: Assets/Materials/Models/OBJ format/tree_detailed_dark.obj
  artifactKey: Guid(f58d8f7989a82b94ab5b7722215de55d) Importer(815301076,1909f56bfc062723c751e8b465ee728b)
Start importing Assets/Materials/Models/OBJ format/tree_detailed_dark.obj using Guid(f58d8f7989a82b94ab5b7722215de55d) Importer(815301076,1909f56bfc062723c751e8b465ee728b)  -> (artifact id: '61adc929df88da45491a38ee7a40c9c6') in 0.030818 seconds 
========================================================================
Received Import Request.
  Time since last request: 1.220944 seconds.
  path: Assets/Materials/Models/DAE format/tree_cone.dae
  artifactKey: Guid(7f6eec03264468b4cafe15a3152190ff) Importer(815301076,1909f56bfc062723c751e8b465ee728b)
Start importing Assets/Materials/Models/DAE format/tree_cone.dae using Guid(7f6eec03264468b4cafe15a3152190ff) Importer(815301076,1909f56bfc062723c751e8b465ee728b)  -> (artifact id: 'f45a900e2c42874e4d32b6a231e05176') in 0.060621 seconds 
