Using pre-set license
Built from '2021.3/staging' branch; Version is '2021.3.18f1 (3129e69bc0c7) revision 3221990'; Using compiler version '192829333'; Build Type 'Release'
OS: 'Windows 10  (10.0.19045) 64bit Professional' Language: 'en' Physical Memory: 32655 MB
BatchMode: 1, IsHumanControllingUs: 0, StartBugReporterOnCrash: 0, Is64bit: 1, IsPro: 1

COMMAND LINE ARGUMENTS:
C:\Program Files\Unity\Hub\Editor\2021.3.18f1-x86_64\Editor\Unity.exe
-adb2
-batchMode
-noUpm
-name
AssetImportWorker6
-projectPath
C:/Users/Cole/OneDrive/Desktop/unity-assets_models_textures
-logFile
Logs/AssetImportWorker6.log
-srvPort
54498
Successfully changed project path to: C:/Users/Cole/OneDrive/Desktop/unity-assets_models_textures
C:/Users/Cole/OneDrive/Desktop/unity-assets_models_textures
[UnityMemory] Configuration Parameters - Can be set up in boot.config
    "memorysetup-bucket-allocator-granularity=16"
    "memorysetup-bucket-allocator-bucket-count=8"
    "memorysetup-bucket-allocator-block-size=33554432"
    "memorysetup-bucket-allocator-block-count=8"
    "memorysetup-main-allocator-block-size=16777216"
    "memorysetup-thread-allocator-block-size=16777216"
    "memorysetup-gfx-main-allocator-block-size=16777216"
    "memorysetup-gfx-thread-allocator-block-size=16777216"
    "memorysetup-cache-allocator-block-size=4194304"
    "memorysetup-typetree-allocator-block-size=2097152"
    "memorysetup-profiler-bucket-allocator-granularity=16"
    "memorysetup-profiler-bucket-allocator-bucket-count=8"
    "memorysetup-profiler-bucket-allocator-block-size=33554432"
    "memorysetup-profiler-bucket-allocator-block-count=8"
    "memorysetup-profiler-allocator-block-size=16777216"
    "memorysetup-profiler-editor-allocator-block-size=1048576"
    "memorysetup-temp-allocator-size-main=16777216"
    "memorysetup-job-temp-allocator-block-size=2097152"
    "memorysetup-job-temp-allocator-block-size-background=1048576"
    "memorysetup-job-temp-allocator-reduction-small-platforms=262144"
    "memorysetup-temp-allocator-size-background-worker=32768"
    "memorysetup-temp-allocator-size-job-worker=262144"
    "memorysetup-temp-allocator-size-preload-manager=33554432"
    "memorysetup-temp-allocator-size-nav-mesh-worker=65536"
    "memorysetup-temp-allocator-size-audio-worker=65536"
    "memorysetup-temp-allocator-size-cloud-worker=32768"
    "memorysetup-temp-allocator-size-gi-baking-worker=262144"
    "memorysetup-temp-allocator-size-gfx=262144"
Player connection [17144] Host "[IP] 192.168.12.235 [Port] 0 [Flags] 2 [Guid] 3157393425 [EditorId] 3157393425 [Version] 1048832 [Id] WindowsEditor(7,DESKTOP-4H0M7G4) [Debug] 1 [PackageName] WindowsEditor [ProjectName] Editor" joined multi-casting on [225.0.0.222:54997]...

Player connection [17144] Host "[IP] 192.168.12.235 [Port] 0 [Flags] 2 [Guid] 3157393425 [EditorId] 3157393425 [Version] 1048832 [Id] WindowsEditor(7,DESKTOP-4H0M7G4) [Debug] 1 [PackageName] WindowsEditor [ProjectName] Editor" joined alternative multi-casting on [225.0.0.222:34997]...

Refreshing native plugins compatible for Editor in 100.12 ms, found 3 plugins.
Preloading 0 native plugins for Editor in 0.00 ms.
Initialize engine version: 2021.3.18f1 (3129e69bc0c7)
[Subsystems] Discovering subsystems at path C:/Program Files/Unity/Hub/Editor/2021.3.18f1-x86_64/Editor/Data/Resources/UnitySubsystems
[Subsystems] Discovering subsystems at path C:/Users/Cole/OneDrive/Desktop/unity-assets_models_textures/Assets
GfxDevice: creating device client; threaded=0; jobified=0
Direct3D:
    Version:  Direct3D 11.0 [level 11.1]
    Renderer: NVIDIA GeForce GTX 1650 (ID=0x2188)
    Vendor:   NVIDIA
    VRAM:     3949 MB
    Driver:   31.0.15.3179
Initialize mono
Mono path[0] = 'C:/Program Files/Unity/Hub/Editor/2021.3.18f1-x86_64/Editor/Data/Managed'
Mono path[1] = 'C:/Program Files/Unity/Hub/Editor/2021.3.18f1-x86_64/Editor/Data/MonoBleedingEdge/lib/mono/unityjit-win32'
Mono config path = 'C:/Program Files/Unity/Hub/Editor/2021.3.18f1-x86_64/Editor/Data/MonoBleedingEdge/etc'
Using monoOptions --debugger-agent=transport=dt_socket,embedding=1,server=y,suspend=n,address=127.0.0.1:56176
Begin MonoManager ReloadAssembly
Registering precompiled unity dll's ...
Register platform support module: C:/Program Files/Unity/Hub/Editor/2021.3.18f1-x86_64/Editor/Data/PlaybackEngines/WindowsStandaloneSupport/UnityEditor.WindowsStandalone.Extensions.dll
Registered in 0.009846 seconds.
Native extension for WindowsStandalone target not found
Refreshing native plugins compatible for Editor in 129.74 ms, found 3 plugins.
Preloading 0 native plugins for Editor in 0.00 ms.
Mono: successfully reloaded assembly
- Completed reload, in  0.642 seconds
Domain Reload Profiling:
	ReloadAssembly (642ms)
		BeginReloadAssembly (71ms)
			ExecutionOrderSort (0ms)
			DisableScriptedObjects (0ms)
			BackupInstance (0ms)
			ReleaseScriptingObjects (0ms)
			CreateAndSetChildDomain (1ms)
		EndReloadAssembly (460ms)
			LoadAssemblies (68ms)
			RebuildTransferFunctionScriptingTraits (0ms)
			SetupTypeCache (88ms)
			ReleaseScriptCaches (0ms)
			RebuildScriptCaches (23ms)
			SetupLoadedEditorAssemblies (298ms)
				LogAssemblyErrors (0ms)
				InitializePlatformSupportModulesInManaged (9ms)
				SetLoadedEditorAssemblies (0ms)
				RefreshPlugins (130ms)
				BeforeProcessingInitializeOnLoad (1ms)
				ProcessInitializeOnLoadAttributes (120ms)
				ProcessInitializeOnLoadMethodAttributes (38ms)
				AfterProcessingInitializeOnLoad (0ms)
				EditorAssembliesLoaded (0ms)
			ExecutionOrderSort2 (0ms)
			AwakeInstancesAfterBackupRestoration (0ms)
Platform modules already initialized, skipping
Registering precompiled user dll's ...
Registered in 0.007093 seconds.
Begin MonoManager ReloadAssembly
Symbol file LoadedFromMemory doesn't match image C:\Users\Cole\OneDrive\Desktop\unity-assets_models_textures\Library\PackageCache\com.unity.visualscripting@1.8.0\Editor\VisualScripting.Core\Dependencies\YamlDotNet\Unity.VisualScripting.YamlDotNet.dll
Symbol file LoadedFromMemory doesn't match image C:\Users\Cole\OneDrive\Desktop\unity-assets_models_textures\Library\PackageCache\com.unity.visualscripting@1.8.0\Editor\VisualScripting.Core\Dependencies\DotNetZip\Unity.VisualScripting.IonicZip.dll
Native extension for WindowsStandalone target not found
Refreshing native plugins compatible for Editor in 0.88 ms, found 3 plugins.
Preloading 0 native plugins for Editor in 0.00 ms.
Mono: successfully reloaded assembly
- Completed reload, in  1.022 seconds
Domain Reload Profiling:
	ReloadAssembly (1022ms)
		BeginReloadAssembly (106ms)
			ExecutionOrderSort (0ms)
			DisableScriptedObjects (6ms)
			BackupInstance (0ms)
			ReleaseScriptingObjects (0ms)
			CreateAndSetChildDomain (21ms)
		EndReloadAssembly (792ms)
			LoadAssemblies (81ms)
			RebuildTransferFunctionScriptingTraits (0ms)
			SetupTypeCache (229ms)
			ReleaseScriptCaches (1ms)
			RebuildScriptCaches (51ms)
			SetupLoadedEditorAssemblies (393ms)
				LogAssemblyErrors (0ms)
				InitializePlatformSupportModulesInManaged (5ms)
				SetLoadedEditorAssemblies (0ms)
				RefreshPlugins (1ms)
				BeforeProcessingInitializeOnLoad (74ms)
				ProcessInitializeOnLoadAttributes (285ms)
				ProcessInitializeOnLoadMethodAttributes (18ms)
				AfterProcessingInitializeOnLoad (9ms)
				EditorAssembliesLoaded (0ms)
			ExecutionOrderSort2 (0ms)
			AwakeInstancesAfterBackupRestoration (5ms)
Platform modules already initialized, skipping
========================================================================
Worker process is ready to serve import requests
Launched and connected shader compiler UnityShaderCompiler.exe after 0.04 seconds
Refreshing native plugins compatible for Editor in 0.87 ms, found 3 plugins.
Preloading 0 native plugins for Editor in 0.00 ms.
Unloading 3057 Unused Serialized files (Serialized files now loaded: 0)
Unloading 24 unused Assets / (113.6 KB). Loaded Objects now: 3520.
Memory consumption went from 110.5 MB to 110.4 MB.
Total: 2.801100 ms (FindLiveObjects: 0.326800 ms CreateObjectMapping: 0.173800 ms MarkObjects: 2.192300 ms  DeleteObjects: 0.107200 ms)

AssetImportParameters requested are different than current active one (requested -> active):
  custom:video-decoder-ogg-theora: a1e56fd34408186e4bbccfd4996cb3dc -> 
  custom:container-muxer-webm: aa71ff27fc2769a1b78a27578f13a17b -> 
  custom:container-demuxer-webm: 4f35f7cbe854078d1ac9338744f61a02 -> 
  custom:video-encoder-webm-vp8: eb34c28f22e8b96e1ab97ce403110664 -> 
  custom:audio-encoder-webm-vorbis: bf7c407c2cedff20999df2af8eb42d56 -> 
  custom:framework-win-MediaFoundation: 216162199b28c13a410421893ffa2e32 -> 
  custom:container-demuxer-ogg: 62fdf1f143b41e24485cea50d1cbac27 -> 
  custom:video-decoder-webm-vp8: 9c59270c3fd7afecdb556c50c9e8de78 -> 
  custom:audio-decoder-ogg-vorbis: bf7c407c2cedff20999df2af8eb42d56 -> 
========================================================================
Received Import Request.
  Time since last request: 86908.887713 seconds.
  path: Assets/Materials/Models/FBX format/stone_smallG.fbx
  artifactKey: Guid(b3bef58e8727ed046a74546ddb31854c) Importer(815301076,1909f56bfc062723c751e8b465ee728b)
Start importing Assets/Materials/Models/FBX format/stone_smallG.fbx using Guid(b3bef58e8727ed046a74546ddb31854c) Importer(815301076,1909f56bfc062723c751e8b465ee728b)  -> (artifact id: '74a96fd66c96d7156a82474a6e288f1c') in 0.213181 seconds 
========================================================================
Received Import Request.
  Time since last request: 0.000042 seconds.
  path: Assets/Materials/Models/FBX format/stone_tallB.fbx
  artifactKey: Guid(27274d33959f48347a93a7974ad38828) Importer(815301076,1909f56bfc062723c751e8b465ee728b)
Start importing Assets/Materials/Models/FBX format/stone_tallB.fbx using Guid(27274d33959f48347a93a7974ad38828) Importer(815301076,1909f56bfc062723c751e8b465ee728b)  -> (artifact id: '3b7b0042b87038c86d51481dbd2fe600') in 0.046250 seconds 
========================================================================
Received Import Request.
  Time since last request: 0.000038 seconds.
  path: Assets/Materials/Models/FBX format/stone_tallI.fbx
  artifactKey: Guid(bae1ec25c73939d4fb7e1e78016b3c27) Importer(815301076,1909f56bfc062723c751e8b465ee728b)
Start importing Assets/Materials/Models/FBX format/stone_tallI.fbx using Guid(bae1ec25c73939d4fb7e1e78016b3c27) Importer(815301076,1909f56bfc062723c751e8b465ee728b)  -> (artifact id: '44d186eea481bec0f2686aa9750e7b96') in 0.060678 seconds 
========================================================================
Received Import Request.
  Time since last request: 17.654318 seconds.
  path: Assets/Materials/Models/FBX format/tree_blocks_dark.fbx
  artifactKey: Guid(b085b637d06e9df45a5c2d4e5fdb4395) Importer(815301076,1909f56bfc062723c751e8b465ee728b)
Start importing Assets/Materials/Models/FBX format/tree_blocks_dark.fbx using Guid(b085b637d06e9df45a5c2d4e5fdb4395) Importer(815301076,1909f56bfc062723c751e8b465ee728b)  -> (artifact id: '94f9f6f6a2cde5a77cb9c431a76cbc4e') in 0.027726 seconds 
========================================================================
Received Import Request.
  Time since last request: 0.000023 seconds.
  path: Assets/Materials/Models/DAE format/tree_blocks_fall.dae
  artifactKey: Guid(a5a4bf94f3d2a554bba793fb2001548c) Importer(815301076,1909f56bfc062723c751e8b465ee728b)
Start importing Assets/Materials/Models/DAE format/tree_blocks_fall.dae using Guid(a5a4bf94f3d2a554bba793fb2001548c) Importer(815301076,1909f56bfc062723c751e8b465ee728b)  -> (artifact id: 'c5eb7a3f55f2b305f34202c1102ea1f7') in 0.049918 seconds 
========================================================================
Received Import Request.
  Time since last request: 2.339239 seconds.
  path: Assets/Materials/Models/OBJ format/cliff_blockCave_rock.obj
  artifactKey: Guid(281c6d83fff2711418dc0b94da3d5c71) Importer(815301076,1909f56bfc062723c751e8b465ee728b)
Start importing Assets/Materials/Models/OBJ format/cliff_blockCave_rock.obj using Guid(281c6d83fff2711418dc0b94da3d5c71) Importer(815301076,1909f56bfc062723c751e8b465ee728b)  -> (artifact id: 'd0c1b2397bfd634d7e01c4c1b3dd0eee') in 0.023923 seconds 
========================================================================
Received Import Request.
  Time since last request: 2.197454 seconds.
  path: Assets/Materials/Models/OBJ format/cliff_blockSlopeWalls_rock.obj
  artifactKey: Guid(41106594e909abb42ad5ab0b163dce65) Importer(815301076,1909f56bfc062723c751e8b465ee728b)
Start importing Assets/Materials/Models/OBJ format/cliff_blockSlopeWalls_rock.obj using Guid(41106594e909abb42ad5ab0b163dce65) Importer(815301076,1909f56bfc062723c751e8b465ee728b)  -> (artifact id: '4b923768f1888f1f9cd9df5643cb415a') in 0.099621 seconds 
========================================================================
Received Import Request.
  Time since last request: 0.330536 seconds.
  path: Assets/Materials/Models/OBJ format/cliff_cornerInner_rock.obj
  artifactKey: Guid(3d0aafc03abe74d48a393bddf9b0ae0b) Importer(815301076,1909f56bfc062723c751e8b465ee728b)
Start importing Assets/Materials/Models/OBJ format/cliff_cornerInner_rock.obj using Guid(3d0aafc03abe74d48a393bddf9b0ae0b) Importer(815301076,1909f56bfc062723c751e8b465ee728b)  -> (artifact id: '31a86a187a1fa11b67d359729465530f') in 0.020177 seconds 
========================================================================
Received Import Request.
  Time since last request: 0.312651 seconds.
  path: Assets/Materials/Models/DAE format/cliff_cornerInnerLarge_rock.dae
  artifactKey: Guid(44ebd43feeaf1cb49be79bd1928c5adf) Importer(815301076,1909f56bfc062723c751e8b465ee728b)
Start importing Assets/Materials/Models/DAE format/cliff_cornerInnerLarge_rock.dae using Guid(44ebd43feeaf1cb49be79bd1928c5adf) Importer(815301076,1909f56bfc062723c751e8b465ee728b)  -> (artifact id: '0f5ed8704bfefbe81025a91ee0d518f1') in 0.016821 seconds 
========================================================================
Received Import Request.
  Time since last request: 0.028538 seconds.
  path: Assets/Materials/Models/DAE format/cliff_cornerInnerTop_rock.dae
  artifactKey: Guid(7a25d1712fc2c524f9082d7eb1196639) Importer(815301076,1909f56bfc062723c751e8b465ee728b)
Start importing Assets/Materials/Models/DAE format/cliff_cornerInnerTop_rock.dae using Guid(7a25d1712fc2c524f9082d7eb1196639) Importer(815301076,1909f56bfc062723c751e8b465ee728b)  -> (artifact id: '93ac96a9f5d805fa8fe424139a940b49') in 0.022182 seconds 
========================================================================
Received Import Request.
  Time since last request: 0.000028 seconds.
  path: Assets/Materials/Models/OBJ format/cliff_cornerLarge_rock.obj
  artifactKey: Guid(0faf586a5f94eef4eb195d65ed90f8b6) Importer(815301076,1909f56bfc062723c751e8b465ee728b)
Start importing Assets/Materials/Models/OBJ format/cliff_cornerLarge_rock.obj using Guid(0faf586a5f94eef4eb195d65ed90f8b6) Importer(815301076,1909f56bfc062723c751e8b465ee728b)  -> (artifact id: 'a8db75fc15f42bc611f052779df35cc2') in 0.020836 seconds 
========================================================================
Received Import Request.
  Time since last request: 0.790499 seconds.
  path: Assets/Materials/Models/OBJ format/cliff_diagonal_rock.obj
  artifactKey: Guid(80d3575f71d137847a474efb477cf317) Importer(815301076,1909f56bfc062723c751e8b465ee728b)
Start importing Assets/Materials/Models/OBJ format/cliff_diagonal_rock.obj using Guid(80d3575f71d137847a474efb477cf317) Importer(815301076,1909f56bfc062723c751e8b465ee728b)  -> (artifact id: '737ffcb2c2e8759e4659cd8f6dd679a6') in 0.023774 seconds 
========================================================================
Received Import Request.
  Time since last request: 0.000048 seconds.
  path: Assets/Materials/Models/OBJ format/cliff_half_rock.obj
  artifactKey: Guid(03287270c26f49945a36cf6ad9a8608d) Importer(815301076,1909f56bfc062723c751e8b465ee728b)
Start importing Assets/Materials/Models/OBJ format/cliff_half_rock.obj using Guid(03287270c26f49945a36cf6ad9a8608d) Importer(815301076,1909f56bfc062723c751e8b465ee728b)  -> (artifact id: '9dafee8da5d838ae181d0bd567aacafb') in 0.030768 seconds 
========================================================================
Received Import Request.
  Time since last request: 0.000130 seconds.
  path: Assets/Materials/Models/DAE format/cliff_halfCorner_rock.dae
  artifactKey: Guid(d7815f7cc1b785f45ba5f32cacd0037d) Importer(815301076,1909f56bfc062723c751e8b465ee728b)
Start importing Assets/Materials/Models/DAE format/cliff_halfCorner_rock.dae using Guid(d7815f7cc1b785f45ba5f32cacd0037d) Importer(815301076,1909f56bfc062723c751e8b465ee728b)  -> (artifact id: '8a58934018d84f4f792b391df096393c') in 0.023411 seconds 
========================================================================
Received Import Request.
  Time since last request: 0.000028 seconds.
  path: Assets/Materials/Models/DAE format/cliff_large_rock.dae
  artifactKey: Guid(05a6d731f00f6bb4e8711aef3d562ac4) Importer(815301076,1909f56bfc062723c751e8b465ee728b)
Start importing Assets/Materials/Models/DAE format/cliff_large_rock.dae using Guid(05a6d731f00f6bb4e8711aef3d562ac4) Importer(815301076,1909f56bfc062723c751e8b465ee728b)  -> (artifact id: '9ad9159b7477222f5d42b2a5523270ae') in 0.028601 seconds 
========================================================================
Received Import Request.
  Time since last request: 0.024929 seconds.
  path: Assets/Materials/Models/DAE format/cliff_rock.dae
  artifactKey: Guid(cd3a9f2e00092d146a13ccc49e1a411b) Importer(815301076,1909f56bfc062723c751e8b465ee728b)
Start importing Assets/Materials/Models/DAE format/cliff_rock.dae using Guid(cd3a9f2e00092d146a13ccc49e1a411b) Importer(815301076,1909f56bfc062723c751e8b465ee728b)  -> (artifact id: 'b3ab67b24f0b24617cc9566dab2f7b3f') in 0.025629 seconds 
========================================================================
Received Import Request.
  Time since last request: 0.056527 seconds.
  path: Assets/Materials/Models/DAE format/cliff_stepsCorner_rock.dae
  artifactKey: Guid(42a2de13e8a3bc7408382d57fec5bdde) Importer(815301076,1909f56bfc062723c751e8b465ee728b)
Start importing Assets/Materials/Models/DAE format/cliff_stepsCorner_rock.dae using Guid(42a2de13e8a3bc7408382d57fec5bdde) Importer(815301076,1909f56bfc062723c751e8b465ee728b)  -> (artifact id: '36af9a179d909b36ca2aa8a600ba0cae') in 0.031135 seconds 
========================================================================
Received Import Request.
  Time since last request: 0.000024 seconds.
  path: Assets/Materials/Models/DAE format/cliff_top_rock.dae
  artifactKey: Guid(a49f71c15a802d24c8ea48c933d74800) Importer(815301076,1909f56bfc062723c751e8b465ee728b)
Start importing Assets/Materials/Models/DAE format/cliff_top_rock.dae using Guid(a49f71c15a802d24c8ea48c933d74800) Importer(815301076,1909f56bfc062723c751e8b465ee728b)  -> (artifact id: 'f2af6227d54f775ca08d3324ab528a84') in 0.029784 seconds 
========================================================================
Received Import Request.
  Time since last request: 0.000033 seconds.
  path: Assets/Materials/Models/OBJ format/cliff_topDiagonal_rock.obj
  artifactKey: Guid(436cb9f06066c6548a93cd1da70d899a) Importer(815301076,1909f56bfc062723c751e8b465ee728b)
Start importing Assets/Materials/Models/OBJ format/cliff_topDiagonal_rock.obj using Guid(436cb9f06066c6548a93cd1da70d899a) Importer(815301076,1909f56bfc062723c751e8b465ee728b)  -> (artifact id: 'a429a961ae34bce69b1326386d04fdac') in 0.036088 seconds 
========================================================================
Received Import Request.
  Time since last request: 0.000030 seconds.
  path: Assets/Materials/Models/DAE format/ground_pathRocks.dae
  artifactKey: Guid(c19664c961d54c740933bb15cdd8f03c) Importer(815301076,1909f56bfc062723c751e8b465ee728b)
Start importing Assets/Materials/Models/DAE format/ground_pathRocks.dae using Guid(c19664c961d54c740933bb15cdd8f03c) Importer(815301076,1909f56bfc062723c751e8b465ee728b)  -> (artifact id: 'd366476f7f1cfd4fceb7d4c3e15ad550') in 0.039363 seconds 
========================================================================
Received Import Request.
  Time since last request: 0.000025 seconds.
  path: Assets/Materials/Models/OBJ format/rock_largeA.obj
  artifactKey: Guid(4fbb0c9a95226ea4e8afc0bf961b31b6) Importer(815301076,1909f56bfc062723c751e8b465ee728b)
Start importing Assets/Materials/Models/OBJ format/rock_largeA.obj using Guid(4fbb0c9a95226ea4e8afc0bf961b31b6) Importer(815301076,1909f56bfc062723c751e8b465ee728b)  -> (artifact id: '9d9a3b96868cbf1829058b61aa60c87e') in 0.057329 seconds 
========================================================================
Received Import Request.
  Time since last request: 0.000034 seconds.
  path: Assets/Materials/Models/DAE format/rock_largeB.dae
  artifactKey: Guid(dc7f18ec2243b5b4e84ff32e34f49375) Importer(815301076,1909f56bfc062723c751e8b465ee728b)
Start importing Assets/Materials/Models/DAE format/rock_largeB.dae using Guid(dc7f18ec2243b5b4e84ff32e34f49375) Importer(815301076,1909f56bfc062723c751e8b465ee728b)  -> (artifact id: '0e10210ed91e83eb24ae58f6d6655bc2') in 0.033217 seconds 
========================================================================
Received Import Request.
  Time since last request: 0.000034 seconds.
  path: Assets/Materials/Models/OBJ format/rock_smallA.obj
  artifactKey: Guid(ebaf1014dcfebd1429904924a23a1bba) Importer(815301076,1909f56bfc062723c751e8b465ee728b)
Start importing Assets/Materials/Models/OBJ format/rock_smallA.obj using Guid(ebaf1014dcfebd1429904924a23a1bba) Importer(815301076,1909f56bfc062723c751e8b465ee728b)  -> (artifact id: '2eab09e89bf777eb46fb8957124b3ca1') in 0.038838 seconds 
========================================================================
Received Import Request.
  Time since last request: 0.000027 seconds.
  path: Assets/Materials/Models/OBJ format/rock_largeF.obj
  artifactKey: Guid(6b346b9da7d97894e87bb28d1ab4a78b) Importer(815301076,1909f56bfc062723c751e8b465ee728b)
Start importing Assets/Materials/Models/OBJ format/rock_largeF.obj using Guid(6b346b9da7d97894e87bb28d1ab4a78b) Importer(815301076,1909f56bfc062723c751e8b465ee728b)  -> (artifact id: '08ace9c58f41ed356179bdaf2808ac98') in 0.034703 seconds 
========================================================================
Received Import Request.
  Time since last request: 0.000024 seconds.
  path: Assets/Materials/Models/DAE format/rock_smallC.dae
  artifactKey: Guid(36354fd5a373bad4990c51cb654bb0e3) Importer(815301076,1909f56bfc062723c751e8b465ee728b)
Start importing Assets/Materials/Models/DAE format/rock_smallC.dae using Guid(36354fd5a373bad4990c51cb654bb0e3) Importer(815301076,1909f56bfc062723c751e8b465ee728b)  -> (artifact id: '7753c98423237ecb0800deaa7dace23c') in 0.026562 seconds 
========================================================================
Received Import Request.
  Time since last request: 0.000021 seconds.
  path: Assets/Materials/Models/OBJ format/ground_riverRocks.obj
  artifactKey: Guid(398a5e30c5d54fb42ad4631ce1534c8c) Importer(815301076,1909f56bfc062723c751e8b465ee728b)
Start importing Assets/Materials/Models/OBJ format/ground_riverRocks.obj using Guid(398a5e30c5d54fb42ad4631ce1534c8c) Importer(815301076,1909f56bfc062723c751e8b465ee728b)  -> (artifact id: '3b18fbf5c6cc89b5e0a4696dddfa5d5d') in 0.047321 seconds 
========================================================================
Received Import Request.
  Time since last request: 0.000029 seconds.
  path: Assets/Materials/Models/DAE format/rock_smallF.dae
  artifactKey: Guid(6008e61da7ce2fe4ea39a42b352c22a6) Importer(815301076,1909f56bfc062723c751e8b465ee728b)
Start importing Assets/Materials/Models/DAE format/rock_smallF.dae using Guid(6008e61da7ce2fe4ea39a42b352c22a6) Importer(815301076,1909f56bfc062723c751e8b465ee728b)  -> (artifact id: 'c75d7f9bc7494e56e57af05ed599f500') in 0.032055 seconds 
========================================================================
Received Import Request.
  Time since last request: 0.000046 seconds.
  path: Assets/Materials/Models/OBJ format/rock_smallF.obj
  artifactKey: Guid(f6d048a91c58cf849b26c128d60d8ebc) Importer(815301076,1909f56bfc062723c751e8b465ee728b)
Start importing Assets/Materials/Models/OBJ format/rock_smallF.obj using Guid(f6d048a91c58cf849b26c128d60d8ebc) Importer(815301076,1909f56bfc062723c751e8b465ee728b)  -> (artifact id: '230ccc6b3f1e8520d297bd3e0becfd77') in 0.035876 seconds 
========================================================================
Received Import Request.
  Time since last request: 0.000039 seconds.
  path: Assets/Materials/Models/OBJ format/rock_smallFlatA.obj
  artifactKey: Guid(4a9e066ed5854db4f821c2a44917448d) Importer(815301076,1909f56bfc062723c751e8b465ee728b)
Start importing Assets/Materials/Models/OBJ format/rock_smallFlatA.obj using Guid(4a9e066ed5854db4f821c2a44917448d) Importer(815301076,1909f56bfc062723c751e8b465ee728b)  -> (artifact id: 'bc6b39d71e1c0a68b3bafe05ca609924') in 0.055510 seconds 
========================================================================
Received Import Request.
  Time since last request: 0.000020 seconds.
  path: Assets/Materials/Models/DAE format/rock_smallFlatC.dae
  artifactKey: Guid(c4b53f969e05b2c4c9ad502235c7033d) Importer(815301076,1909f56bfc062723c751e8b465ee728b)
Start importing Assets/Materials/Models/DAE format/rock_smallFlatC.dae using Guid(c4b53f969e05b2c4c9ad502235c7033d) Importer(815301076,1909f56bfc062723c751e8b465ee728b)  -> (artifact id: '9976fc399629bf0ff2744b8fd869f03c') in 0.026874 seconds 
========================================================================
Received Import Request.
  Time since last request: 0.000021 seconds.
  path: Assets/Materials/Models/OBJ format/rock_smallG.obj
  artifactKey: Guid(eea8e79f92d3a164a88f803c3eafa8f0) Importer(815301076,1909f56bfc062723c751e8b465ee728b)
Start importing Assets/Materials/Models/OBJ format/rock_smallG.obj using Guid(eea8e79f92d3a164a88f803c3eafa8f0) Importer(815301076,1909f56bfc062723c751e8b465ee728b)  -> (artifact id: 'd6b7631e970c321a3cb1fcf4df31133b') in 0.029441 seconds 
========================================================================
Received Import Request.
  Time since last request: 0.000026 seconds.
  path: Assets/Materials/Models/DAE format/rock_smallE.dae
  artifactKey: Guid(e4693b6de714d4b4a8e584ebde1668e0) Importer(815301076,1909f56bfc062723c751e8b465ee728b)
Start importing Assets/Materials/Models/DAE format/rock_smallE.dae using Guid(e4693b6de714d4b4a8e584ebde1668e0) Importer(815301076,1909f56bfc062723c751e8b465ee728b)  -> (artifact id: '91275baae431952a99d453b174080404') in 0.023744 seconds 
========================================================================
Received Import Request.
  Time since last request: 0.000025 seconds.
  path: Assets/Materials/Models/OBJ format/rock_smallH.obj
  artifactKey: Guid(39689853064033046ba59a74824f011c) Importer(815301076,1909f56bfc062723c751e8b465ee728b)
Start importing Assets/Materials/Models/OBJ format/rock_smallH.obj using Guid(39689853064033046ba59a74824f011c) Importer(815301076,1909f56bfc062723c751e8b465ee728b)  -> (artifact id: '8e7a69360e4cec69bc30d929eb697c1c') in 0.030623 seconds 
========================================================================
Received Import Request.
  Time since last request: 0.006440 seconds.
  path: Assets/Materials/Models/DAE format/rock_smallTopA.dae
  artifactKey: Guid(3d1697c4003708f4a942dcabfd744659) Importer(815301076,1909f56bfc062723c751e8b465ee728b)
Start importing Assets/Materials/Models/DAE format/rock_smallTopA.dae using Guid(3d1697c4003708f4a942dcabfd744659) Importer(815301076,1909f56bfc062723c751e8b465ee728b)  -> (artifact id: '9062333a09579fe4898e8b3ff87021e1') in 0.023367 seconds 
========================================================================
Received Import Request.
  Time since last request: 0.386044 seconds.
  path: Assets/Materials/Models/OBJ format/rock_tallA.obj
  artifactKey: Guid(36628db150bbf7e40a4b5b7adf7c4545) Importer(815301076,1909f56bfc062723c751e8b465ee728b)
Start importing Assets/Materials/Models/OBJ format/rock_tallA.obj using Guid(36628db150bbf7e40a4b5b7adf7c4545) Importer(815301076,1909f56bfc062723c751e8b465ee728b)  -> (artifact id: '2c83fce65d56f9e6a0f7dd4191d88a3e') in 0.030886 seconds 
========================================================================
Received Import Request.
  Time since last request: 0.056828 seconds.
  path: Assets/Materials/Models/OBJ format/rock_tallC.obj
  artifactKey: Guid(ff5651d9784a4ec4db7cdb66340c0afc) Importer(815301076,1909f56bfc062723c751e8b465ee728b)
Start importing Assets/Materials/Models/OBJ format/rock_tallC.obj using Guid(ff5651d9784a4ec4db7cdb66340c0afc) Importer(815301076,1909f56bfc062723c751e8b465ee728b)  -> (artifact id: '21b0334abbdf9fc727c5a156d73eb8ab') in 0.031896 seconds 
========================================================================
Received Import Request.
  Time since last request: 0.060092 seconds.
  path: Assets/Materials/Models/DAE format/rock_tallD.dae
  artifactKey: Guid(6ddcdf249abfcff44afd6a1e4b1ee628) Importer(815301076,1909f56bfc062723c751e8b465ee728b)
Start importing Assets/Materials/Models/DAE format/rock_tallD.dae using Guid(6ddcdf249abfcff44afd6a1e4b1ee628) Importer(815301076,1909f56bfc062723c751e8b465ee728b)  -> (artifact id: '40d5a470ed4a45ae29d89c1e31f4733b') in 0.024138 seconds 
========================================================================
Received Import Request.
  Time since last request: 0.000032 seconds.
  path: Assets/Materials/Models/DAE format/rock_tallE.dae
  artifactKey: Guid(15c71175d80b77d49a714f7b7a33ac67) Importer(815301076,1909f56bfc062723c751e8b465ee728b)
Start importing Assets/Materials/Models/DAE format/rock_tallE.dae using Guid(15c71175d80b77d49a714f7b7a33ac67) Importer(815301076,1909f56bfc062723c751e8b465ee728b)  -> (artifact id: '87327a7886675f5390967e2ea47892e6') in 0.029653 seconds 
========================================================================
Received Import Request.
  Time since last request: 0.032867 seconds.
  path: Assets/Materials/Models/DAE format/rock_tallF.dae
  artifactKey: Guid(7b6cf4db8e924634e8755ccb72f978f1) Importer(815301076,1909f56bfc062723c751e8b465ee728b)
Start importing Assets/Materials/Models/DAE format/rock_tallF.dae using Guid(7b6cf4db8e924634e8755ccb72f978f1) Importer(815301076,1909f56bfc062723c751e8b465ee728b)  -> (artifact id: '9d18f8e00ae1f2fef7f5d63c94fa96c4') in 0.023054 seconds 
========================================================================
Received Import Request.
  Time since last request: 0.010840 seconds.
  path: Assets/Materials/Models/DAE format/rock_tallG.dae
  artifactKey: Guid(a903fa2381e2d1e4cb8559ba3a96222d) Importer(815301076,1909f56bfc062723c751e8b465ee728b)
Start importing Assets/Materials/Models/DAE format/rock_tallG.dae using Guid(a903fa2381e2d1e4cb8559ba3a96222d) Importer(815301076,1909f56bfc062723c751e8b465ee728b)  -> (artifact id: 'cb95d85a3c7eca796e31e8c75315ea85') in 0.041264 seconds 
========================================================================
Received Import Request.
  Time since last request: 0.196426 seconds.
  path: Assets/Materials/Models/DAE format/rock_tallH.dae
  artifactKey: Guid(9f55f000458d231468deb69b239856f0) Importer(815301076,1909f56bfc062723c751e8b465ee728b)
Start importing Assets/Materials/Models/DAE format/rock_tallH.dae using Guid(9f55f000458d231468deb69b239856f0) Importer(815301076,1909f56bfc062723c751e8b465ee728b)  -> (artifact id: '7193b4ca4ed27731c49418e6309bfa96') in 0.022700 seconds 
========================================================================
Received Import Request.
  Time since last request: 0.158128 seconds.
  path: Assets/Materials/Models/DAE format/rock_tallI.dae
  artifactKey: Guid(1a321cefc493f3044a8e79928354a46c) Importer(815301076,1909f56bfc062723c751e8b465ee728b)
Start importing Assets/Materials/Models/DAE format/rock_tallI.dae using Guid(1a321cefc493f3044a8e79928354a46c) Importer(815301076,1909f56bfc062723c751e8b465ee728b)  -> (artifact id: 'a6c2c1ef0869d10c88a45d932e003702') in 0.021170 seconds 
========================================================================
Received Import Request.
  Time since last request: 0.034822 seconds.
  path: Assets/Materials/Models/OBJ format/rock_tallJ.obj
  artifactKey: Guid(9246d7f161f985d499ff44a5ac99922f) Importer(815301076,1909f56bfc062723c751e8b465ee728b)
Start importing Assets/Materials/Models/OBJ format/rock_tallJ.obj using Guid(9246d7f161f985d499ff44a5ac99922f) Importer(815301076,1909f56bfc062723c751e8b465ee728b)  -> (artifact id: 'a268e15008cf45379473b1d905217501') in 0.023398 seconds 
========================================================================
Received Prepare
Registering precompiled user dll's ...
Registered in 0.005692 seconds.
Begin MonoManager ReloadAssembly
Symbol file LoadedFromMemory doesn't match image C:\Users\Cole\OneDrive\Desktop\unity-assets_models_textures\Library\PackageCache\com.unity.visualscripting@1.8.0\Editor\VisualScripting.Core\Dependencies\YamlDotNet\Unity.VisualScripting.YamlDotNet.dll
Symbol file LoadedFromMemory doesn't match image C:\Users\Cole\OneDrive\Desktop\unity-assets_models_textures\Library\PackageCache\com.unity.visualscripting@1.8.0\Editor\VisualScripting.Core\Dependencies\DotNetZip\Unity.VisualScripting.IonicZip.dll
Native extension for WindowsStandalone target not found
Refreshing native plugins compatible for Editor in 0.87 ms, found 3 plugins.
Preloading 0 native plugins for Editor in 0.00 ms.
Mono: successfully reloaded assembly
- Completed reload, in  0.970 seconds
Domain Reload Profiling:
	ReloadAssembly (971ms)
		BeginReloadAssembly (131ms)
			ExecutionOrderSort (0ms)
			DisableScriptedObjects (3ms)
			BackupInstance (0ms)
			ReleaseScriptingObjects (0ms)
			CreateAndSetChildDomain (37ms)
		EndReloadAssembly (742ms)
			LoadAssemblies (87ms)
			RebuildTransferFunctionScriptingTraits (0ms)
			SetupTypeCache (270ms)
			ReleaseScriptCaches (2ms)
			RebuildScriptCaches (39ms)
			SetupLoadedEditorAssemblies (305ms)
				LogAssemblyErrors (0ms)
				InitializePlatformSupportModulesInManaged (13ms)
				SetLoadedEditorAssemblies (0ms)
				RefreshPlugins (1ms)
				BeforeProcessingInitializeOnLoad (66ms)
				ProcessInitializeOnLoadAttributes (195ms)
				ProcessInitializeOnLoadMethodAttributes (19ms)
				AfterProcessingInitializeOnLoad (10ms)
				EditorAssembliesLoaded (0ms)
			ExecutionOrderSort2 (0ms)
			AwakeInstancesAfterBackupRestoration (6ms)
Platform modules already initialized, skipping
Refreshing native plugins compatible for Editor in 3.47 ms, found 3 plugins.
Preloading 0 native plugins for Editor in 0.00 ms.
Unloading 3052 Unused Serialized files (Serialized files now loaded: 0)
Unloading 17 unused Assets / (79.8 KB). Loaded Objects now: 3567.
Memory consumption went from 114.9 MB to 114.8 MB.
Total: 2.655800 ms (FindLiveObjects: 0.221600 ms CreateObjectMapping: 0.132000 ms MarkObjects: 2.179600 ms  DeleteObjects: 0.121400 ms)

AssetImportParameters requested are different than current active one (requested -> active):
  custom:video-decoder-ogg-theora: a1e56fd34408186e4bbccfd4996cb3dc -> 
  custom:container-muxer-webm: aa71ff27fc2769a1b78a27578f13a17b -> 
  custom:container-demuxer-webm: 4f35f7cbe854078d1ac9338744f61a02 -> 
  custom:video-encoder-webm-vp8: eb34c28f22e8b96e1ab97ce403110664 -> 
  custom:audio-encoder-webm-vorbis: bf7c407c2cedff20999df2af8eb42d56 -> 
  custom:framework-win-MediaFoundation: 216162199b28c13a410421893ffa2e32 -> 
  custom:container-demuxer-ogg: 62fdf1f143b41e24485cea50d1cbac27 -> 
  custom:video-decoder-webm-vp8: 9c59270c3fd7afecdb556c50c9e8de78 -> 
  custom:audio-decoder-ogg-vorbis: bf7c407c2cedff20999df2af8eb42d56 -> 
========================================================================
Received Import Request.
  Time since last request: 344.314698 seconds.
  path: Assets/Materials/Models/DAE format/pot_large.dae
  artifactKey: Guid(7e222346fbb19154e89b37af457e4e78) Importer(815301076,1909f56bfc062723c751e8b465ee728b)
Start importing Assets/Materials/Models/DAE format/pot_large.dae using Guid(7e222346fbb19154e89b37af457e4e78) Importer(815301076,1909f56bfc062723c751e8b465ee728b)  -> (artifact id: '48a4bd7d0382d21a05f68cb198c72b90') in 0.120317 seconds 
========================================================================
Received Import Request.
  Time since last request: 0.133060 seconds.
  path: Assets/Materials/Models/OBJ format/platform_stone.obj
  artifactKey: Guid(9b7dad8511e0b6b44b4d6fc2e5788c1f) Importer(815301076,1909f56bfc062723c751e8b465ee728b)
Start importing Assets/Materials/Models/OBJ format/platform_stone.obj using Guid(9b7dad8511e0b6b44b4d6fc2e5788c1f) Importer(815301076,1909f56bfc062723c751e8b465ee728b)  -> (artifact id: '4dec29a78ffcd81a04b15cca6068daa7') in 0.054343 seconds 
========================================================================
Received Import Request.
  Time since last request: 0.036272 seconds.
  path: Assets/Materials/Models/OBJ format/platform_grass.obj
  artifactKey: Guid(982d46e8f7c1bfa468b83e569b7d07fe) Importer(815301076,1909f56bfc062723c751e8b465ee728b)
Start importing Assets/Materials/Models/OBJ format/platform_grass.obj using Guid(982d46e8f7c1bfa468b83e569b7d07fe) Importer(815301076,1909f56bfc062723c751e8b465ee728b)  -> (artifact id: 'a568d634d14245bb1613ea3523577700') in 0.025713 seconds 
========================================================================
Received Import Request.
  Time since last request: 0.173176 seconds.
  path: Assets/Materials/Models/OBJ format/platform_beach.obj
  artifactKey: Guid(9b711fae38fb8d84ca4eed9df393cb0e) Importer(815301076,1909f56bfc062723c751e8b465ee728b)
Start importing Assets/Materials/Models/OBJ format/platform_beach.obj using Guid(9b711fae38fb8d84ca4eed9df393cb0e) Importer(815301076,1909f56bfc062723c751e8b465ee728b)  -> (artifact id: 'd78a220749c60a19dfef6954a4ec9a98') in 0.025786 seconds 
========================================================================
Received Import Request.
  Time since last request: 0.000019 seconds.
  path: Assets/Materials/Models/OBJ format/plant_flatTall.obj
  artifactKey: Guid(fccda5ae59d410c469d1d85d9862b664) Importer(815301076,1909f56bfc062723c751e8b465ee728b)
Start importing Assets/Materials/Models/OBJ format/plant_flatTall.obj using Guid(fccda5ae59d410c469d1d85d9862b664) Importer(815301076,1909f56bfc062723c751e8b465ee728b)  -> (artifact id: '31fb3fb2510afce52675b51c52d7f413') in 0.023156 seconds 
========================================================================
Received Import Request.
  Time since last request: 0.025763 seconds.
  path: Assets/Materials/Models/DAE format/plant_bushTriangle.dae
  artifactKey: Guid(ec779fc7c80c62c49a12026d611d0355) Importer(815301076,1909f56bfc062723c751e8b465ee728b)
Start importing Assets/Materials/Models/DAE format/plant_bushTriangle.dae using Guid(ec779fc7c80c62c49a12026d611d0355) Importer(815301076,1909f56bfc062723c751e8b465ee728b)  -> (artifact id: 'a55ea674f7e39ab96432b7d927972581') in 0.023446 seconds 
========================================================================
Received Import Request.
  Time since last request: 0.207454 seconds.
  path: Assets/Materials/Models/OBJ format/plant_bushSmall.obj
  artifactKey: Guid(21b26b1e309f73d46bf37282b8f6d667) Importer(815301076,1909f56bfc062723c751e8b465ee728b)
Start importing Assets/Materials/Models/OBJ format/plant_bushSmall.obj using Guid(21b26b1e309f73d46bf37282b8f6d667) Importer(815301076,1909f56bfc062723c751e8b465ee728b)  -> (artifact id: 'fae7896f9a05daf74a134a43c2777f91') in 0.023737 seconds 
========================================================================
Received Import Request.
  Time since last request: 0.029784 seconds.
  path: Assets/Materials/Models/DAE format/plant_bushLargeTriangle.dae
  artifactKey: Guid(ac39f4cd7686bb647a25aaf5a55f03ed) Importer(815301076,1909f56bfc062723c751e8b465ee728b)
Start importing Assets/Materials/Models/DAE format/plant_bushLargeTriangle.dae using Guid(ac39f4cd7686bb647a25aaf5a55f03ed) Importer(815301076,1909f56bfc062723c751e8b465ee728b)  -> (artifact id: '148bc29c2cddce0fc855ea5ee49ab3c7') in 0.020530 seconds 
========================================================================
Received Import Request.
  Time since last request: 0.000029 seconds.
  path: Assets/Materials/Models/DAE format/plant_bushLarge.dae
  artifactKey: Guid(2e72132f83ec18c4290bed1a621e7486) Importer(815301076,1909f56bfc062723c751e8b465ee728b)
Start importing Assets/Materials/Models/DAE format/plant_bushLarge.dae using Guid(2e72132f83ec18c4290bed1a621e7486) Importer(815301076,1909f56bfc062723c751e8b465ee728b)  -> (artifact id: '323c9c814b30ef91e74e925a9fd9f79d') in 0.019955 seconds 
========================================================================
Received Import Request.
  Time since last request: 0.185609 seconds.
  path: Assets/Materials/Models/DAE format/plant_bushDetailed.dae
  artifactKey: Guid(4c4fbfbae91bba446b4b1919b16d19b6) Importer(815301076,1909f56bfc062723c751e8b465ee728b)
Start importing Assets/Materials/Models/DAE format/plant_bushDetailed.dae using Guid(4c4fbfbae91bba446b4b1919b16d19b6) Importer(815301076,1909f56bfc062723c751e8b465ee728b)  -> (artifact id: '83436f6317295be54b88fbdc30caa8ed') in 0.021215 seconds 
========================================================================
Received Import Request.
  Time since last request: 0.000029 seconds.
  path: Assets/Materials/Models/OBJ format/plant_bush.obj
  artifactKey: Guid(029088dcdecf8cb46beb0cf8c2a7d84c) Importer(815301076,1909f56bfc062723c751e8b465ee728b)
Start importing Assets/Materials/Models/OBJ format/plant_bush.obj using Guid(029088dcdecf8cb46beb0cf8c2a7d84c) Importer(815301076,1909f56bfc062723c751e8b465ee728b)  -> (artifact id: '13e2059f229506c5fc1476f6922b05eb') in 0.025305 seconds 
========================================================================
Received Import Request.
  Time since last request: 0.273556 seconds.
  path: Assets/Materials/Models/OBJ format/path_woodEnd.obj
  artifactKey: Guid(99698c85d8c5af64db2222652e112823) Importer(815301076,1909f56bfc062723c751e8b465ee728b)
Start importing Assets/Materials/Models/OBJ format/path_woodEnd.obj using Guid(99698c85d8c5af64db2222652e112823) Importer(815301076,1909f56bfc062723c751e8b465ee728b)  -> (artifact id: '10d1fcf7f33120c05fbd942d5f89210f') in 0.027285 seconds 
========================================================================
Received Import Request.
  Time since last request: 0.004546 seconds.
  path: Assets/Materials/Models/DAE format/path_wood.dae
  artifactKey: Guid(5000347b5ad2a8544a2ee91b637cc57b) Importer(815301076,1909f56bfc062723c751e8b465ee728b)
Start importing Assets/Materials/Models/DAE format/path_wood.dae using Guid(5000347b5ad2a8544a2ee91b637cc57b) Importer(815301076,1909f56bfc062723c751e8b465ee728b)  -> (artifact id: 'bb50772f8fff71f25723397512a33ff7') in 0.027980 seconds 
========================================================================
Received Import Request.
  Time since last request: 0.000028 seconds.
  path: Assets/Materials/Models/DAE format/path_stoneEnd.dae
  artifactKey: Guid(4f1d60dbcf4a3d64ca27aa4eb5ed1049) Importer(815301076,1909f56bfc062723c751e8b465ee728b)
Start importing Assets/Materials/Models/DAE format/path_stoneEnd.dae using Guid(4f1d60dbcf4a3d64ca27aa4eb5ed1049) Importer(815301076,1909f56bfc062723c751e8b465ee728b)  -> (artifact id: '68c96c4a436a15670fc8851139acc21d') in 0.027363 seconds 
========================================================================
Received Import Request.
  Time since last request: 0.216842 seconds.
  path: Assets/Materials/Models/OBJ format/path_stoneEnd.obj
  artifactKey: Guid(bd288b50a62bfdc48b917095dcf61261) Importer(815301076,1909f56bfc062723c751e8b465ee728b)
Start importing Assets/Materials/Models/OBJ format/path_stoneEnd.obj using Guid(bd288b50a62bfdc48b917095dcf61261) Importer(815301076,1909f56bfc062723c751e8b465ee728b)  -> (artifact id: '7531b5e0ea9b939b7157ecdca1de001d') in 0.035333 seconds 
========================================================================
Received Import Request.
  Time since last request: 0.000021 seconds.
  path: Assets/Materials/Models/DAE format/path_stoneCorner.dae
  artifactKey: Guid(5442fc5f157660b4d8316a97080d080d) Importer(815301076,1909f56bfc062723c751e8b465ee728b)
Start importing Assets/Materials/Models/DAE format/path_stoneCorner.dae using Guid(5442fc5f157660b4d8316a97080d080d) Importer(815301076,1909f56bfc062723c751e8b465ee728b)  -> (artifact id: '25ec119a9a05971062dd3650195cf6e5') in 0.028962 seconds 
========================================================================
Received Import Request.
  Time since last request: 0.000029 seconds.
  path: Assets/Materials/Models/DAE format/path_stoneCircle.dae
  artifactKey: Guid(981fc1f3d1c84424bb32a2bcfa30371d) Importer(815301076,1909f56bfc062723c751e8b465ee728b)
Start importing Assets/Materials/Models/DAE format/path_stoneCircle.dae using Guid(981fc1f3d1c84424bb32a2bcfa30371d) Importer(815301076,1909f56bfc062723c751e8b465ee728b)  -> (artifact id: '7809d8bd5994147e8eaee54581be9d73') in 0.029059 seconds 
========================================================================
Received Import Request.
  Time since last request: 0.192820 seconds.
  path: Assets/Materials/Models/OBJ format/mushroom_tanTall.obj
  artifactKey: Guid(0785c41e2e0af7446b5e31c12e8f90c6) Importer(815301076,1909f56bfc062723c751e8b465ee728b)
Start importing Assets/Materials/Models/OBJ format/mushroom_tanTall.obj using Guid(0785c41e2e0af7446b5e31c12e8f90c6) Importer(815301076,1909f56bfc062723c751e8b465ee728b)  -> (artifact id: '45979735fa1f98de69dc9f255580462c') in 0.031333 seconds 
========================================================================
Received Import Request.
  Time since last request: 0.000028 seconds.
  path: Assets/Materials/Models/OBJ format/mushroom_tanGroup.obj
  artifactKey: Guid(458f52c42e3b66c44998df135d2b4841) Importer(815301076,1909f56bfc062723c751e8b465ee728b)
Start importing Assets/Materials/Models/OBJ format/mushroom_tanGroup.obj using Guid(458f52c42e3b66c44998df135d2b4841) Importer(815301076,1909f56bfc062723c751e8b465ee728b)  -> (artifact id: '0c6dc8249cbf2e61af3e1ee7d2ea222a') in 0.031586 seconds 
========================================================================
Received Import Request.
  Time since last request: 0.016339 seconds.
  path: Assets/Materials/Models/OBJ format/mushroom_tan.obj
  artifactKey: Guid(85443b4be7b4381409ed173c35dbefa4) Importer(815301076,1909f56bfc062723c751e8b465ee728b)
Start importing Assets/Materials/Models/OBJ format/mushroom_tan.obj using Guid(85443b4be7b4381409ed173c35dbefa4) Importer(815301076,1909f56bfc062723c751e8b465ee728b)  -> (artifact id: 'ce2ad617d765aa62f371977ab6754752') in 0.030950 seconds 
========================================================================
Received Import Request.
  Time since last request: 1.637846 seconds.
  path: Assets/Materials/Models/OBJ format/mushroom_red.obj
  artifactKey: Guid(e8df5bb29768fcb478671e5c5ed67fb1) Importer(815301076,1909f56bfc062723c751e8b465ee728b)
Start importing Assets/Materials/Models/OBJ format/mushroom_red.obj using Guid(e8df5bb29768fcb478671e5c5ed67fb1) Importer(815301076,1909f56bfc062723c751e8b465ee728b)  -> (artifact id: '0d3ead91de3a06fe5760cf3618abea05') in 0.027936 seconds 
========================================================================
Received Import Request.
  Time since last request: 0.000026 seconds.
  path: Assets/Materials/Models/DAE format/mushroom_redGroup.dae
  artifactKey: Guid(22f7bd5c004a3c041bffbc14a18284d3) Importer(815301076,1909f56bfc062723c751e8b465ee728b)
Start importing Assets/Materials/Models/DAE format/mushroom_redGroup.dae using Guid(22f7bd5c004a3c041bffbc14a18284d3) Importer(815301076,1909f56bfc062723c751e8b465ee728b)  -> (artifact id: '1c3c97d22626aeb6398777fbf98f5bb1') in 0.030869 seconds 
========================================================================
Received Import Request.
  Time since last request: 0.000036 seconds.
  path: Assets/Materials/Models/OBJ format/log.obj
  artifactKey: Guid(3da69cfa0450b274ea6218862f51ba6f) Importer(815301076,1909f56bfc062723c751e8b465ee728b)
Start importing Assets/Materials/Models/OBJ format/log.obj using Guid(3da69cfa0450b274ea6218862f51ba6f) Importer(815301076,1909f56bfc062723c751e8b465ee728b)  -> (artifact id: '476faf01e39c08960080a9666a1bd50b') in 0.053120 seconds 
========================================================================
Received Import Request.
  Time since last request: 0.000042 seconds.
  path: Assets/Materials/Models/OBJ format/grass_leafs.obj
  artifactKey: Guid(625f747162b9ddb4a8244723c70920e4) Importer(815301076,1909f56bfc062723c751e8b465ee728b)
Start importing Assets/Materials/Models/OBJ format/grass_leafs.obj using Guid(625f747162b9ddb4a8244723c70920e4) Importer(815301076,1909f56bfc062723c751e8b465ee728b)  -> (artifact id: '44349c9a043ba8e848f45b0eb2c0abad') in 0.028654 seconds 
========================================================================
Received Import Request.
  Time since last request: 0.000028 seconds.
  path: Assets/Materials/Models/OBJ format/cliff_topDiagonal_stone.obj
  artifactKey: Guid(41dc48ea4738e494bb3250ed2a24ec60) Importer(815301076,1909f56bfc062723c751e8b465ee728b)
Start importing Assets/Materials/Models/OBJ format/cliff_topDiagonal_stone.obj using Guid(41dc48ea4738e494bb3250ed2a24ec60) Importer(815301076,1909f56bfc062723c751e8b465ee728b)  -> (artifact id: 'e13d6f6e846d6aec4a65e24c1ccf1865') in 0.041314 seconds 
========================================================================
Received Import Request.
  Time since last request: 0.000031 seconds.
  path: Assets/Materials/Models/OBJ format/cliff_cornerInnerTop_stone.obj
  artifactKey: Guid(36761abda3d439c468130f2594fec000) Importer(815301076,1909f56bfc062723c751e8b465ee728b)
Start importing Assets/Materials/Models/OBJ format/cliff_cornerInnerTop_stone.obj using Guid(36761abda3d439c468130f2594fec000) Importer(815301076,1909f56bfc062723c751e8b465ee728b)  -> (artifact id: '9677e821850c808c9b47e8d2c1a83fae') in 0.031682 seconds 
========================================================================
Received Import Request.
  Time since last request: 0.000034 seconds.
  path: Assets/Materials/Models/OBJ format/grass.obj
  artifactKey: Guid(5dfb81e58b487cb40bb9cd4c6d155af6) Importer(815301076,1909f56bfc062723c751e8b465ee728b)
Start importing Assets/Materials/Models/OBJ format/grass.obj using Guid(5dfb81e58b487cb40bb9cd4c6d155af6) Importer(815301076,1909f56bfc062723c751e8b465ee728b)  -> (artifact id: '903c5f682f2d3d49e92b1c640402af0c') in 0.029656 seconds 
========================================================================
Received Import Request.
  Time since last request: 0.000024 seconds.
  path: Assets/Materials/Models/DAE format/crops_leafsStageB.dae
  artifactKey: Guid(bffc0afa80e11704a87e3446c8fddc26) Importer(815301076,1909f56bfc062723c751e8b465ee728b)
Start importing Assets/Materials/Models/DAE format/crops_leafsStageB.dae using Guid(bffc0afa80e11704a87e3446c8fddc26) Importer(815301076,1909f56bfc062723c751e8b465ee728b)  -> (artifact id: 'c246dea20f62fbe649e9c997c42d455e') in 0.026278 seconds 
========================================================================
Received Import Request.
  Time since last request: 0.000032 seconds.
  path: Assets/Materials/Models/OBJ format/mushroom_redGroup.obj
  artifactKey: Guid(0845eb5020ea0054b87ad2b1e3aa1563) Importer(815301076,1909f56bfc062723c751e8b465ee728b)
Start importing Assets/Materials/Models/OBJ format/mushroom_redGroup.obj using Guid(0845eb5020ea0054b87ad2b1e3aa1563) Importer(815301076,1909f56bfc062723c751e8b465ee728b)  -> (artifact id: 'be956f3f0ee34b024441b0b8ea0f937c') in 0.045929 seconds 
========================================================================
Received Import Request.
  Time since last request: 0.000030 seconds.
  path: Assets/Materials/Models/OBJ format/fence_simpleDiagonalCenter.obj
  artifactKey: Guid(c69a78b0db3f36a46b994e4cf224fb92) Importer(815301076,1909f56bfc062723c751e8b465ee728b)
Start importing Assets/Materials/Models/OBJ format/fence_simpleDiagonalCenter.obj using Guid(c69a78b0db3f36a46b994e4cf224fb92) Importer(815301076,1909f56bfc062723c751e8b465ee728b)  -> (artifact id: 'd3960c4636f031773de7b064c15b6b16') in 0.048886 seconds 
========================================================================
Received Import Request.
  Time since last request: 0.000046 seconds.
  path: Assets/Materials/Models/OBJ format/fence_bend.obj
  artifactKey: Guid(622b3c825a18e034d9061e76529e5463) Importer(815301076,1909f56bfc062723c751e8b465ee728b)
Start importing Assets/Materials/Models/OBJ format/fence_bend.obj using Guid(622b3c825a18e034d9061e76529e5463) Importer(815301076,1909f56bfc062723c751e8b465ee728b)  -> (artifact id: 'ec20b6fd9746fd21ff9209b32d017a7c') in 0.038609 seconds 
========================================================================
Received Import Request.
  Time since last request: 0.000034 seconds.
  path: Assets/Materials/Models/DAE format/crops_cornStageD.dae
  artifactKey: Guid(c9d610675a328294294d38d3f36eb52e) Importer(815301076,1909f56bfc062723c751e8b465ee728b)
Start importing Assets/Materials/Models/DAE format/crops_cornStageD.dae using Guid(c9d610675a328294294d38d3f36eb52e) Importer(815301076,1909f56bfc062723c751e8b465ee728b)  -> (artifact id: '3a526b3d4e198f017278497d2ea2232e') in 0.061553 seconds 
========================================================================
Received Import Request.
  Time since last request: 0.000027 seconds.
  path: Assets/Materials/Models/OBJ format/fence_simpleLow.obj
  artifactKey: Guid(15e11e419160f9948a0589826cd900de) Importer(815301076,1909f56bfc062723c751e8b465ee728b)
Start importing Assets/Materials/Models/OBJ format/fence_simpleLow.obj using Guid(15e11e419160f9948a0589826cd900de) Importer(815301076,1909f56bfc062723c751e8b465ee728b)  -> (artifact id: 'ea9c2557f929e1502cd1a763a4b41341') in 0.029999 seconds 
========================================================================
Received Import Request.
  Time since last request: 0.000030 seconds.
  path: Assets/Materials/Models/OBJ format/cliff_blockSlope_stone.obj
  artifactKey: Guid(9172e81c3e3a669448cfbf0c1d339ad1) Importer(815301076,1909f56bfc062723c751e8b465ee728b)
Start importing Assets/Materials/Models/OBJ format/cliff_blockSlope_stone.obj using Guid(9172e81c3e3a669448cfbf0c1d339ad1) Importer(815301076,1909f56bfc062723c751e8b465ee728b)  -> (artifact id: '9c5a18b1c947488e5fca6797acbd5a15') in 0.036545 seconds 
========================================================================
Received Import Request.
  Time since last request: 0.000023 seconds.
  path: Assets/Materials/Models/OBJ format/crops_leafsStageB.obj
  artifactKey: Guid(905aa7fb484d16148b73c55e1bed6df2) Importer(815301076,1909f56bfc062723c751e8b465ee728b)
Start importing Assets/Materials/Models/OBJ format/crops_leafsStageB.obj using Guid(905aa7fb484d16148b73c55e1bed6df2) Importer(815301076,1909f56bfc062723c751e8b465ee728b)  -> (artifact id: '6add87315661032673a2cb94e431d2ae') in 0.023910 seconds 
========================================================================
Received Import Request.
  Time since last request: 0.000040 seconds.
  path: Assets/Materials/Models/DAE format/cliff_top_stone.dae
  artifactKey: Guid(97806b107c90e5e4a8657f44d1b6b54c) Importer(815301076,1909f56bfc062723c751e8b465ee728b)
Start importing Assets/Materials/Models/DAE format/cliff_top_stone.dae using Guid(97806b107c90e5e4a8657f44d1b6b54c) Importer(815301076,1909f56bfc062723c751e8b465ee728b)  -> (artifact id: '1e5aa75ed4c4e3968ed735e45c786fc7') in 0.028532 seconds 
========================================================================
Received Import Request.
  Time since last request: 0.000041 seconds.
  path: Assets/Materials/Models/OBJ format/crops_dirtDoubleRow.obj
  artifactKey: Guid(63ec8574a6764a74cb6cc96bbdaa8ff9) Importer(815301076,1909f56bfc062723c751e8b465ee728b)
Start importing Assets/Materials/Models/OBJ format/crops_dirtDoubleRow.obj using Guid(63ec8574a6764a74cb6cc96bbdaa8ff9) Importer(815301076,1909f56bfc062723c751e8b465ee728b)  -> (artifact id: '5789afd9b3994bb5aeb5abc051867ca8') in 0.031257 seconds 
========================================================================
Received Import Request.
  Time since last request: 0.000024 seconds.
  path: Assets/Materials/Models/DAE format/cliff_topDiagonal_stone.dae
  artifactKey: Guid(e47f7291398ec6d43b5c3f66cd843662) Importer(815301076,1909f56bfc062723c751e8b465ee728b)
Start importing Assets/Materials/Models/DAE format/cliff_topDiagonal_stone.dae using Guid(e47f7291398ec6d43b5c3f66cd843662) Importer(815301076,1909f56bfc062723c751e8b465ee728b)  -> (artifact id: 'e808664508d46f27795fb05dbf28cdef') in 0.027332 seconds 
========================================================================
Received Import Request.
  Time since last request: 0.000033 seconds.
  path: Assets/Materials/Models/DAE format/crops_dirtRowCorner.dae
  artifactKey: Guid(e05cd073a2b91fb4c840fd7fe67a5c78) Importer(815301076,1909f56bfc062723c751e8b465ee728b)
Start importing Assets/Materials/Models/DAE format/crops_dirtRowCorner.dae using Guid(e05cd073a2b91fb4c840fd7fe67a5c78) Importer(815301076,1909f56bfc062723c751e8b465ee728b)  -> (artifact id: 'b9d18baf1e115828b340f76fd8c5a60f') in 0.026976 seconds 
========================================================================
Received Import Request.
  Time since last request: 0.000029 seconds.
  path: Assets/Materials/Models/DAE format/fence_simpleHigh.dae
  artifactKey: Guid(51bf3c82cfb24fe498964fa7231a70d1) Importer(815301076,1909f56bfc062723c751e8b465ee728b)
Start importing Assets/Materials/Models/DAE format/fence_simpleHigh.dae using Guid(51bf3c82cfb24fe498964fa7231a70d1) Importer(815301076,1909f56bfc062723c751e8b465ee728b)  -> (artifact id: '4408d4f0439a104874d281fa1b335af8') in 0.027490 seconds 
========================================================================
Received Import Request.
  Time since last request: 0.000027 seconds.
  path: Assets/Materials/Models/OBJ format/crops_dirtDoubleRowCorner.obj
  artifactKey: Guid(7f05eec8c33062e44aeb1bd4b6ae05de) Importer(815301076,1909f56bfc062723c751e8b465ee728b)
Start importing Assets/Materials/Models/OBJ format/crops_dirtDoubleRowCorner.obj using Guid(7f05eec8c33062e44aeb1bd4b6ae05de) Importer(815301076,1909f56bfc062723c751e8b465ee728b)  -> (artifact id: 'c3ec438c2427b44ffcd188ef38a636df') in 0.032000 seconds 
========================================================================
Received Import Request.
  Time since last request: 0.000032 seconds.
  path: Assets/Materials/Models/OBJ format/canoe_paddle.obj
  artifactKey: Guid(7e3333cf6d80c8749a4e28a4c0cd393c) Importer(815301076,1909f56bfc062723c751e8b465ee728b)
Start importing Assets/Materials/Models/OBJ format/canoe_paddle.obj using Guid(7e3333cf6d80c8749a4e28a4c0cd393c) Importer(815301076,1909f56bfc062723c751e8b465ee728b)  -> (artifact id: '8b0310f0ff60aae7ec10cf34da8a9924') in 0.053565 seconds 
========================================================================
Received Import Request.
  Time since last request: 0.000025 seconds.
  path: Assets/Materials/Models/DAE format/crops_dirtSingle.dae
  artifactKey: Guid(65b838c3ba23bf2409db4729f2005034) Importer(815301076,1909f56bfc062723c751e8b465ee728b)
Start importing Assets/Materials/Models/DAE format/crops_dirtSingle.dae using Guid(65b838c3ba23bf2409db4729f2005034) Importer(815301076,1909f56bfc062723c751e8b465ee728b)  -> (artifact id: '71f2a91d5d7f22479a30e57ce49d2754') in 0.030119 seconds 
========================================================================
Received Import Request.
  Time since last request: 0.000054 seconds.
  path: Assets/Materials/Models/DAE format/fence_simpleLow.dae
  artifactKey: Guid(f4ca1cc7f992b2b4e91d6bc0fd72cfce) Importer(815301076,1909f56bfc062723c751e8b465ee728b)
Start importing Assets/Materials/Models/DAE format/fence_simpleLow.dae using Guid(f4ca1cc7f992b2b4e91d6bc0fd72cfce) Importer(815301076,1909f56bfc062723c751e8b465ee728b)  -> (artifact id: '2faa75165bc4e66947b0b428f4f51d93') in 0.028330 seconds 
========================================================================
Received Import Request.
  Time since last request: 0.000023 seconds.
  path: Assets/Materials/Models/OBJ format/crops_wheatStageB.obj
  artifactKey: Guid(d9be51af7f11fdc47aac5df3c009aece) Importer(815301076,1909f56bfc062723c751e8b465ee728b)
Start importing Assets/Materials/Models/OBJ format/crops_wheatStageB.obj using Guid(d9be51af7f11fdc47aac5df3c009aece) Importer(815301076,1909f56bfc062723c751e8b465ee728b)  -> (artifact id: '2bc2904f2e171b01d2e020e3fe30f602') in 0.047594 seconds 
========================================================================
Received Import Request.
  Time since last request: 0.000029 seconds.
  path: Assets/Materials/Models/DAE format/fence_simpleDiagonalCenter.dae
  artifactKey: Guid(595d0f98040615f4b93c501c11ef2d46) Importer(815301076,1909f56bfc062723c751e8b465ee728b)
Start importing Assets/Materials/Models/DAE format/fence_simpleDiagonalCenter.dae using Guid(595d0f98040615f4b93c501c11ef2d46) Importer(815301076,1909f56bfc062723c751e8b465ee728b)  -> (artifact id: 'bfdf351377b83723918b6c8e35db7763') in 0.041439 seconds 
========================================================================
Received Import Request.
  Time since last request: 0.000029 seconds.
  path: Assets/Materials/Models/DAE format/fence_gate.dae
  artifactKey: Guid(1720b62a5d3c0f641bfaec751c5ace8d) Importer(815301076,1909f56bfc062723c751e8b465ee728b)
Start importing Assets/Materials/Models/DAE format/fence_gate.dae using Guid(1720b62a5d3c0f641bfaec751c5ace8d) Importer(815301076,1909f56bfc062723c751e8b465ee728b)  -> (artifact id: '5ade6875b8b6c3f4befdaba5d55d99b6') in 0.060692 seconds 
========================================================================
Received Import Request.
  Time since last request: 0.000024 seconds.
  path: Assets/Materials/Models/OBJ format/cliff_stepsCornerInner_stone.obj
  artifactKey: Guid(b07372dd7a1eb3347ac81c68ec7b274c) Importer(815301076,1909f56bfc062723c751e8b465ee728b)
Start importing Assets/Materials/Models/OBJ format/cliff_stepsCornerInner_stone.obj using Guid(b07372dd7a1eb3347ac81c68ec7b274c) Importer(815301076,1909f56bfc062723c751e8b465ee728b)  -> (artifact id: '973a6704fe546b18870053646229d6d2') in 0.033781 seconds 
========================================================================
Received Import Request.
  Time since last request: 0.000030 seconds.
  path: Assets/Materials/Models/OBJ format/ground_pathStraight.obj
  artifactKey: Guid(22764d415948de441b9036d93a385aea) Importer(815301076,1909f56bfc062723c751e8b465ee728b)
Start importing Assets/Materials/Models/OBJ format/ground_pathStraight.obj using Guid(22764d415948de441b9036d93a385aea) Importer(815301076,1909f56bfc062723c751e8b465ee728b)  -> (artifact id: 'c83099f567bcc920377ebb08daede9cc') in 0.039180 seconds 
========================================================================
Received Import Request.
  Time since last request: 0.000036 seconds.
  path: Assets/Materials/Models/DAE format/fence_bend.dae
  artifactKey: Guid(930bddb6ae430b94fbc856b0bab59ee7) Importer(815301076,1909f56bfc062723c751e8b465ee728b)
Start importing Assets/Materials/Models/DAE format/fence_bend.dae using Guid(930bddb6ae430b94fbc856b0bab59ee7) Importer(815301076,1909f56bfc062723c751e8b465ee728b)  -> (artifact id: '550a74195195c83219713ed028853a51') in 0.025809 seconds 
========================================================================
Received Import Request.
  Time since last request: 0.000036 seconds.
  path: Assets/Materials/Models/DAE format/crops_dirtDoubleRowEnd.dae
  artifactKey: Guid(e2a961a0accce454ca83a9c43a2a5576) Importer(815301076,1909f56bfc062723c751e8b465ee728b)
Start importing Assets/Materials/Models/DAE format/crops_dirtDoubleRowEnd.dae using Guid(e2a961a0accce454ca83a9c43a2a5576) Importer(815301076,1909f56bfc062723c751e8b465ee728b)  -> (artifact id: '6e6a77fc9128631f1df6ae99b967ae7c') in 0.025378 seconds 
========================================================================
Received Import Request.
  Time since last request: 0.000026 seconds.
  path: Assets/Materials/Models/OBJ format/fence_simpleHigh.obj
  artifactKey: Guid(da219f6216b0905439e45992b8a1eadf) Importer(815301076,1909f56bfc062723c751e8b465ee728b)
Start importing Assets/Materials/Models/OBJ format/fence_simpleHigh.obj using Guid(da219f6216b0905439e45992b8a1eadf) Importer(815301076,1909f56bfc062723c751e8b465ee728b)  -> (artifact id: '7542b508be9269a71903271d12181588') in 0.023558 seconds 
========================================================================
Received Import Request.
  Time since last request: 0.000019 seconds.
  path: Assets/Materials/Models/DAE format/crops_cornStageB.dae
  artifactKey: Guid(9a86a75a8dbc428448b96e72665c7b86) Importer(815301076,1909f56bfc062723c751e8b465ee728b)
Start importing Assets/Materials/Models/DAE format/crops_cornStageB.dae using Guid(9a86a75a8dbc428448b96e72665c7b86) Importer(815301076,1909f56bfc062723c751e8b465ee728b)  -> (artifact id: '1fa81e2413342e97042182c6b8762848') in 0.022330 seconds 
========================================================================
Received Import Request.
  Time since last request: 0.000022 seconds.
  path: Assets/Materials/Models/DAE format/log_stack.dae
  artifactKey: Guid(12afb32025814aa44a9a05c26650f3e5) Importer(815301076,1909f56bfc062723c751e8b465ee728b)
Start importing Assets/Materials/Models/DAE format/log_stack.dae using Guid(12afb32025814aa44a9a05c26650f3e5) Importer(815301076,1909f56bfc062723c751e8b465ee728b)  -> (artifact id: '8d273f581ae948cf79a4c0fd76f74710') in 0.025892 seconds 
========================================================================
Received Import Request.
  Time since last request: 0.000028 seconds.
  path: Assets/Materials/Models/DAE format/log_stackLarge.dae
  artifactKey: Guid(0d77020c7d3211b44992ece7bfd0b2ce) Importer(815301076,1909f56bfc062723c751e8b465ee728b)
Start importing Assets/Materials/Models/DAE format/log_stackLarge.dae using Guid(0d77020c7d3211b44992ece7bfd0b2ce) Importer(815301076,1909f56bfc062723c751e8b465ee728b)  -> (artifact id: 'e3eea74ba7d099e7b48a1c50a4cdceb7') in 0.036413 seconds 
========================================================================
Received Import Request.
  Time since last request: 0.000024 seconds.
  path: Assets/Materials/Models/OBJ format/cliff_stone.obj
  artifactKey: Guid(6263c2788b5f647438d8ddc7360f4c1d) Importer(815301076,1909f56bfc062723c751e8b465ee728b)
Start importing Assets/Materials/Models/OBJ format/cliff_stone.obj using Guid(6263c2788b5f647438d8ddc7360f4c1d) Importer(815301076,1909f56bfc062723c751e8b465ee728b)  -> (artifact id: 'c4a03882d2cecae5a9c8da1ad7b84055') in 0.059473 seconds 
========================================================================
Received Import Request.
  Time since last request: 0.000030 seconds.
  path: Assets/Materials/Models/DAE format/crops_cornStageC.dae
  artifactKey: Guid(d75019df145cab04eb5efaec0e581ffe) Importer(815301076,1909f56bfc062723c751e8b465ee728b)
Start importing Assets/Materials/Models/DAE format/crops_cornStageC.dae using Guid(d75019df145cab04eb5efaec0e581ffe) Importer(815301076,1909f56bfc062723c751e8b465ee728b)  -> (artifact id: 'b8bd5ae241d5fb1444d9aa564feaf743') in 0.076123 seconds 
========================================================================
Received Import Request.
  Time since last request: 0.000037 seconds.
  path: Assets/Materials/Models/DAE format/flower_purpleA.dae
  artifactKey: Guid(9027b7dc7303b3f4197ac44816443aa9) Importer(815301076,1909f56bfc062723c751e8b465ee728b)
Start importing Assets/Materials/Models/DAE format/flower_purpleA.dae using Guid(9027b7dc7303b3f4197ac44816443aa9) Importer(815301076,1909f56bfc062723c751e8b465ee728b)  -> (artifact id: '5fba76812f63a87bc9f43ac94d666eb4') in 0.029473 seconds 
========================================================================
Received Import Request.
  Time since last request: 0.000031 seconds.
  path: Assets/Materials/Models/OBJ format/flower_purpleA.obj
  artifactKey: Guid(e5841ec981a6bc14d9028ca38cd13629) Importer(815301076,1909f56bfc062723c751e8b465ee728b)
Start importing Assets/Materials/Models/OBJ format/flower_purpleA.obj using Guid(e5841ec981a6bc14d9028ca38cd13629) Importer(815301076,1909f56bfc062723c751e8b465ee728b)  -> (artifact id: '402a36d11b86bf3b6181742c58b811a2') in 0.032365 seconds 
========================================================================
Received Import Request.
  Time since last request: 0.000027 seconds.
  path: Assets/Materials/Models/OBJ format/lily_small.obj
  artifactKey: Guid(d4504b828cf2f6b4f8d3be95ddf0312f) Importer(815301076,1909f56bfc062723c751e8b465ee728b)
Start importing Assets/Materials/Models/OBJ format/lily_small.obj using Guid(d4504b828cf2f6b4f8d3be95ddf0312f) Importer(815301076,1909f56bfc062723c751e8b465ee728b)  -> (artifact id: '80bbe1d20ac504dca26410b00a85c9b8') in 0.030702 seconds 
========================================================================
Received Import Request.
  Time since last request: 0.000034 seconds.
  path: Assets/Materials/Models/DAE format/log.dae
  artifactKey: Guid(9a805d9de9adb724bbf629138f11f47f) Importer(815301076,1909f56bfc062723c751e8b465ee728b)
Start importing Assets/Materials/Models/DAE format/log.dae using Guid(9a805d9de9adb724bbf629138f11f47f) Importer(815301076,1909f56bfc062723c751e8b465ee728b)  -> (artifact id: '9dc874ae555cb051106e0436088ebd41') in 0.027836 seconds 
========================================================================
Received Import Request.
  Time since last request: 0.000030 seconds.
  path: Assets/Materials/Models/OBJ format/crops_dirtRow.obj
  artifactKey: Guid(2ceaa9c66fd54314098cbafc88e54bee) Importer(815301076,1909f56bfc062723c751e8b465ee728b)
Start importing Assets/Materials/Models/OBJ format/crops_dirtRow.obj using Guid(2ceaa9c66fd54314098cbafc88e54bee) Importer(815301076,1909f56bfc062723c751e8b465ee728b)  -> (artifact id: '2922efe68078efefc349783d335d4f19') in 0.032347 seconds 
========================================================================
Received Import Request.
  Time since last request: 139.693804 seconds.
  path: Assets/Materials/FBX format/stone_tallJ.fbx
  artifactKey: Guid(0f20f92de1e7d854293be790484b7d67) Importer(815301076,1909f56bfc062723c751e8b465ee728b)
Start importing Assets/Materials/FBX format/stone_tallJ.fbx using Guid(0f20f92de1e7d854293be790484b7d67) Importer(815301076,1909f56bfc062723c751e8b465ee728b)  -> (artifact id: '2e5281ad5353ce23043ea74255f01e24') in 0.026018 seconds 
========================================================================
Received Import Request.
  Time since last request: 0.000034 seconds.
  path: Assets/Materials/FBX format/tent_detailedOpen.fbx
  artifactKey: Guid(dd12003f6b483344a9b1adf9ffd32ecb) Importer(815301076,1909f56bfc062723c751e8b465ee728b)
Start importing Assets/Materials/FBX format/tent_detailedOpen.fbx using Guid(dd12003f6b483344a9b1adf9ffd32ecb) Importer(815301076,1909f56bfc062723c751e8b465ee728b)  -> (artifact id: '5e1b0fc9fda12c1f9caf8dba3d81efcb') in 0.023077 seconds 
========================================================================
Received Import Request.
  Time since last request: 0.000020 seconds.
  path: Assets/Materials/FBX format/stump_roundDetailed.fbx
  artifactKey: Guid(f87a7fa2fcb4eff40a8e4a946cfebd42) Importer(815301076,1909f56bfc062723c751e8b465ee728b)
Start importing Assets/Materials/FBX format/stump_roundDetailed.fbx using Guid(f87a7fa2fcb4eff40a8e4a946cfebd42) Importer(815301076,1909f56bfc062723c751e8b465ee728b)  -> (artifact id: '0b753e35fa713c33457e9b7cc895c0bd') in 0.040324 seconds 
========================================================================
Received Import Request.
  Time since last request: 0.000023 seconds.
  path: Assets/Materials/FBX format/stump_squareDetailed.fbx
  artifactKey: Guid(be0de599a9542964d9bb142a16b3a5b6) Importer(815301076,1909f56bfc062723c751e8b465ee728b)
Start importing Assets/Materials/FBX format/stump_squareDetailed.fbx using Guid(be0de599a9542964d9bb142a16b3a5b6) Importer(815301076,1909f56bfc062723c751e8b465ee728b)  -> (artifact id: 'c0ec4eb75cda63e4a7b8b6e8b8c78c53') in 0.026090 seconds 
========================================================================
Received Import Request.
  Time since last request: 0.000047 seconds.
  path: Assets/Materials/FBX format/tent_smallClosed.fbx
  artifactKey: Guid(ce790f5f6f2e7034f92bca5625869187) Importer(815301076,1909f56bfc062723c751e8b465ee728b)
Start importing Assets/Materials/FBX format/tent_smallClosed.fbx using Guid(ce790f5f6f2e7034f92bca5625869187) Importer(815301076,1909f56bfc062723c751e8b465ee728b)  -> (artifact id: '37a8148c6810070627202d7534b25b3c') in 0.034121 seconds 
Editor requested this worker to shutdown with reason: Scaling down because of idle timeout
AssetImportWorker is now disconnected from the server
Process exiting
Exiting without the bug reporter. Application will terminate with return code 0